nohup: ignoring input
Namespace(model_size='large', image_size=1024, crf_mask_refinement=False, crf_size=640, shots=1, svd_comps=500, tau=0.6, merge_thresh=0.2, dataset='isaid_new', data_root='/data/lky/data/rs_seg/', fold=0, output_dir='output/sliding_default_0718_1838', exp_name='sliding_default', device='cuda', seed=0, num_episodes=1000, num_workers=0, sliding_windows=True, sliding_windows_crop=256, sliding_windows_stride=128, key_value_extension=False, proxy_anchor=False, dynamic_normalization=False, spar=False, rho=0.6, t=2, lambda1=0.3, lambda2=30.0)
Parameters: 303,154,176
Start inference
[DatasetISAIDNew] Loaded classwise metadata from /data/lky/data/rs_seg/iSAID/classwise_metadata.pkl
[DatasetISAIDNew] 1000 episodes, 15 classes

  0%|                                                  | 0/1000 [00:00<?, ?it/s]
  0%|                                        | 1/1000 [00:03<1:06:19,  3.98s/it]
  0%|                                        | 2/1000 [00:07<1:00:09,  3.62s/it]
  0%|▏                                         | 3/1000 [00:08<43:23,  2.61s/it]
  0%|▏                                         | 4/1000 [00:12<49:45,  3.00s/it]
  0%|▏                                         | 5/1000 [00:14<44:09,  2.66s/it]
  1%|▎                                         | 6/1000 [00:16<43:23,  2.62s/it]
  1%|▎                                         | 7/1000 [00:19<41:07,  2.49s/it]
  1%|▎                                         | 8/1000 [00:22<44:51,  2.71s/it]
  1%|▍                                         | 9/1000 [00:24<42:05,  2.55s/it]
  1%|▍                                        | 10/1000 [00:26<39:15,  2.38s/it]
  1%|▍                                        | 11/1000 [00:28<37:15,  2.26s/it]
  1%|▍                                        | 12/1000 [00:30<34:57,  2.12s/it]
  1%|▌                                        | 13/1000 [00:32<35:20,  2.15s/it]
  1%|▌                                        | 14/1000 [00:34<35:23,  2.15s/it]
  2%|▌                                        | 15/1000 [00:36<33:51,  2.06s/it]
  2%|▋                                        | 16/1000 [00:38<32:51,  2.00s/it]
  2%|▋                                        | 17/1000 [00:40<32:50,  2.00s/it]
  2%|▋                                        | 18/1000 [00:45<46:08,  2.82s/it]
  2%|▊                                        | 19/1000 [00:46<40:48,  2.50s/it]
  2%|▊                                        | 20/1000 [00:49<40:37,  2.49s/it]
  2%|▊                                        | 21/1000 [00:51<37:14,  2.28s/it]
  2%|▉                                        | 22/1000 [00:53<35:19,  2.17s/it]
  2%|▉                                        | 23/1000 [00:55<34:19,  2.11s/it]
  2%|▉                                        | 24/1000 [00:57<34:06,  2.10s/it]
  2%|█                                        | 25/1000 [00:59<33:24,  2.06s/it]
  3%|█                                        | 26/1000 [01:01<33:15,  2.05s/it]
  3%|█                                        | 27/1000 [01:02<32:22,  2.00s/it]
  3%|█▏                                       | 28/1000 [01:04<32:16,  1.99s/it]
  3%|█▏                                       | 29/1000 [01:06<28:07,  1.74s/it]
  3%|█▏                                       | 30/1000 [01:08<28:58,  1.79s/it]
  3%|█▎                                       | 31/1000 [01:10<30:00,  1.86s/it]
  3%|█▎                                       | 32/1000 [01:12<32:55,  2.04s/it]
  3%|█▎                                       | 33/1000 [01:14<31:15,  1.94s/it]
  3%|█▍                                       | 34/1000 [01:15<29:47,  1.85s/it]
  4%|█▍                                       | 35/1000 [01:17<30:43,  1.91s/it]
  4%|█▍                                       | 36/1000 [01:19<29:16,  1.82s/it]
  4%|█▌                                       | 37/1000 [01:21<28:45,  1.79s/it]
  4%|█▌                                       | 38/1000 [01:22<28:00,  1.75s/it]
  4%|█▌                                       | 39/1000 [01:24<28:37,  1.79s/it]
  4%|█▋                                       | 40/1000 [01:26<30:02,  1.88s/it]
  4%|█▋                                       | 41/1000 [01:28<29:53,  1.87s/it]
  4%|█▋                                       | 42/1000 [01:30<27:10,  1.70s/it]
  4%|█▊                                       | 43/1000 [01:32<29:25,  1.84s/it]
  4%|█▊                                       | 44/1000 [01:34<30:22,  1.91s/it]
  4%|█▊                                       | 45/1000 [01:36<30:43,  1.93s/it]
  5%|█▉                                       | 46/1000 [01:38<31:56,  2.01s/it]
  5%|█▉                                       | 47/1000 [01:40<32:16,  2.03s/it]
  5%|█▉                                       | 48/1000 [01:42<33:56,  2.14s/it]
  5%|██                                       | 49/1000 [01:44<31:30,  1.99s/it]
mIoU: 0.3:   5%|█▍                            | 49/1000 [01:46<31:30,  1.99s/it]
mIoU: 0.3:   5%|█▌                            | 50/1000 [01:46<33:35,  2.12s/it]
mIoU: 0.3:   5%|█▌                            | 51/1000 [01:49<37:37,  2.38s/it]
mIoU: 0.3:   5%|█▌                            | 52/1000 [01:51<33:17,  2.11s/it]
mIoU: 0.3:   5%|█▌                            | 53/1000 [01:53<33:37,  2.13s/it]
mIoU: 0.3:   5%|█▌                            | 54/1000 [01:55<32:05,  2.04s/it]
mIoU: 0.3:   6%|█▋                            | 55/1000 [01:57<32:59,  2.10s/it]
mIoU: 0.3:   6%|█▋                            | 56/1000 [01:59<31:58,  2.03s/it]
mIoU: 0.3:   6%|█▋                            | 57/1000 [02:01<33:34,  2.14s/it]
mIoU: 0.3:   6%|█▋                            | 58/1000 [02:03<31:38,  2.02s/it]
mIoU: 0.3:   6%|█▊                            | 59/1000 [02:06<34:07,  2.18s/it]
mIoU: 0.3:   6%|█▊                            | 60/1000 [02:08<35:39,  2.28s/it]
mIoU: 0.3:   6%|█▊                            | 61/1000 [02:10<34:06,  2.18s/it]
mIoU: 0.3:   6%|█▊                            | 62/1000 [02:13<35:00,  2.24s/it]
mIoU: 0.3:   6%|█▉                            | 63/1000 [02:15<33:59,  2.18s/it]
mIoU: 0.3:   6%|█▉                            | 64/1000 [02:17<37:25,  2.40s/it]
mIoU: 0.3:   6%|█▉                            | 65/1000 [02:19<34:59,  2.25s/it]
mIoU: 0.3:   7%|█▉                            | 66/1000 [02:21<33:11,  2.13s/it]
mIoU: 0.3:   7%|██                            | 67/1000 [02:24<34:24,  2.21s/it]
mIoU: 0.3:   7%|██                            | 68/1000 [02:26<36:19,  2.34s/it]
mIoU: 0.3:   7%|██                            | 69/1000 [02:28<33:12,  2.14s/it]
mIoU: 0.3:   7%|██                            | 70/1000 [02:30<31:33,  2.04s/it]
mIoU: 0.3:   7%|██▏                           | 71/1000 [02:32<32:36,  2.11s/it]
mIoU: 0.3:   7%|██▏                           | 72/1000 [02:34<32:53,  2.13s/it]
mIoU: 0.3:   7%|██▏                           | 73/1000 [02:37<35:36,  2.30s/it]
mIoU: 0.3:   7%|██▏                           | 74/1000 [02:39<33:03,  2.14s/it]
mIoU: 0.3:   8%|██▎                           | 75/1000 [02:41<34:21,  2.23s/it]
mIoU: 0.3:   8%|██▎                           | 76/1000 [02:43<30:45,  2.00s/it]
mIoU: 0.3:   8%|██▎                           | 77/1000 [02:45<34:53,  2.27s/it]
mIoU: 0.3:   8%|██▎                           | 78/1000 [02:48<35:46,  2.33s/it]
mIoU: 0.3:   8%|██▎                           | 79/1000 [02:51<38:20,  2.50s/it]
mIoU: 0.3:   8%|██▍                           | 80/1000 [02:53<37:21,  2.44s/it]
mIoU: 0.3:   8%|██▍                           | 81/1000 [02:55<34:46,  2.27s/it]
mIoU: 0.3:   8%|██▍                           | 82/1000 [02:57<34:49,  2.28s/it]
mIoU: 0.3:   8%|██▍                           | 83/1000 [03:00<36:20,  2.38s/it]
mIoU: 0.3:   8%|██▌                           | 84/1000 [03:04<42:10,  2.76s/it]
mIoU: 0.3:   8%|██▌                           | 85/1000 [03:06<39:09,  2.57s/it]
mIoU: 0.3:   9%|██▌                           | 86/1000 [03:08<39:24,  2.59s/it]
mIoU: 0.3:   9%|██▌                           | 87/1000 [03:13<47:47,  3.14s/it]
mIoU: 0.3:   9%|██▋                           | 88/1000 [03:15<42:16,  2.78s/it]
mIoU: 0.3:   9%|██▋                           | 89/1000 [03:17<39:01,  2.57s/it]
mIoU: 0.3:   9%|██▋                           | 90/1000 [03:18<31:31,  2.08s/it]
mIoU: 0.3:   9%|██▋                           | 91/1000 [03:21<36:00,  2.38s/it]
mIoU: 0.3:   9%|██▊                           | 92/1000 [03:23<35:08,  2.32s/it]
mIoU: 0.3:   9%|██▊                           | 93/1000 [03:25<34:49,  2.30s/it]
mIoU: 0.3:   9%|██▊                           | 94/1000 [03:29<41:54,  2.78s/it]
mIoU: 0.3:  10%|██▊                           | 95/1000 [03:31<39:08,  2.60s/it]
mIoU: 0.3:  10%|██▉                           | 96/1000 [03:34<37:26,  2.48s/it]
mIoU: 0.3:  10%|██▉                           | 97/1000 [03:35<31:44,  2.11s/it]
mIoU: 0.3:  10%|██▉                           | 98/1000 [03:37<30:12,  2.01s/it]
mIoU: 0.3:  10%|██▉                           | 99/1000 [03:39<32:21,  2.16s/it]
mIoU: 1.7:  10%|██▉                           | 99/1000 [03:43<32:21,  2.16s/it]
mIoU: 1.7:  10%|██▉                          | 100/1000 [03:43<38:47,  2.59s/it]
mIoU: 1.7:  10%|██▉                          | 101/1000 [03:47<44:41,  2.98s/it]
mIoU: 1.7:  10%|██▉                          | 102/1000 [03:49<40:22,  2.70s/it]
mIoU: 1.7:  10%|██▉                          | 103/1000 [03:50<36:47,  2.46s/it]
mIoU: 1.7:  10%|███                          | 104/1000 [03:52<32:11,  2.16s/it]
mIoU: 1.7:  10%|███                          | 105/1000 [03:55<35:58,  2.41s/it]
mIoU: 1.7:  11%|███                          | 106/1000 [03:59<42:30,  2.85s/it]
mIoU: 1.7:  11%|███                          | 107/1000 [04:02<42:45,  2.87s/it]
mIoU: 1.7:  11%|███▏                         | 108/1000 [04:05<45:50,  3.08s/it]
mIoU: 1.7:  11%|███▏                         | 109/1000 [04:09<49:30,  3.33s/it]
mIoU: 1.7:  11%|███▏                         | 110/1000 [04:14<56:52,  3.83s/it]
mIoU: 1.7:  11%|███▏                         | 111/1000 [04:17<53:29,  3.61s/it]
mIoU: 1.7:  11%|███                        | 112/1000 [04:23<1:02:43,  4.24s/it]
mIoU: 1.7:  11%|███▎                         | 113/1000 [04:25<54:46,  3.71s/it]
mIoU: 1.7:  11%|███▎                         | 114/1000 [04:28<50:57,  3.45s/it]
mIoU: 1.7:  12%|███▎                         | 115/1000 [04:32<52:51,  3.58s/it]
mIoU: 1.7:  12%|███▎                         | 116/1000 [04:36<53:30,  3.63s/it]
mIoU: 1.7:  12%|███▍                         | 117/1000 [04:39<51:13,  3.48s/it]
mIoU: 1.7:  12%|███▍                         | 118/1000 [04:42<47:49,  3.25s/it]
mIoU: 1.7:  12%|███▍                         | 119/1000 [04:46<51:11,  3.49s/it]
mIoU: 1.7:  12%|███▍                         | 120/1000 [04:48<46:27,  3.17s/it]
mIoU: 1.7:  12%|███▌                         | 121/1000 [04:52<48:13,  3.29s/it]
mIoU: 1.7:  12%|███▌                         | 122/1000 [04:56<51:05,  3.49s/it]
mIoU: 1.7:  12%|███▌                         | 124/1000 [04:59<38:03,  2.61s/it]
mIoU: 1.7:  12%|███▋                         | 125/1000 [05:02<37:16,  2.56s/it]
mIoU: 1.7:  13%|███▋                         | 126/1000 [05:03<30:55,  2.12s/it]
mIoU: 1.7:  13%|███▋                         | 127/1000 [05:06<34:43,  2.39s/it]
mIoU: 1.7:  13%|███▋                         | 128/1000 [05:07<30:50,  2.12s/it]
mIoU: 1.7:  13%|███▋                         | 129/1000 [05:09<29:37,  2.04s/it]
mIoU: 1.7:  13%|███▊                         | 130/1000 [05:12<32:53,  2.27s/it]
mIoU: 1.7:  13%|███▊                         | 131/1000 [05:16<39:58,  2.76s/it]
mIoU: 1.7:  13%|███▊                         | 132/1000 [05:19<41:43,  2.88s/it]
mIoU: 1.7:  13%|███▉                         | 134/1000 [05:26<47:09,  3.27s/it]
mIoU: 1.7:  14%|███▉                         | 135/1000 [05:31<52:43,  3.66s/it]
mIoU: 1.7:  14%|███▉                         | 136/1000 [05:35<53:39,  3.73s/it]
mIoU: 1.7:  14%|███▉                         | 137/1000 [05:39<54:26,  3.78s/it]
mIoU: 1.7:  14%|████                         | 138/1000 [05:43<57:07,  3.98s/it]
mIoU: 1.7:  14%|████                         | 139/1000 [05:47<54:29,  3.80s/it]
mIoU: 1.7:  14%|████                         | 140/1000 [05:51<58:51,  4.11s/it]
mIoU: 1.7:  14%|████                         | 141/1000 [05:55<58:18,  4.07s/it]
mIoU: 1.7:  14%|████                         | 142/1000 [05:58<53:00,  3.71s/it]
mIoU: 1.7:  14%|████▏                        | 143/1000 [06:01<48:30,  3.40s/it]
mIoU: 1.7:  14%|████▏                        | 144/1000 [06:04<46:21,  3.25s/it]
mIoU: 1.7:  14%|████▏                        | 145/1000 [06:08<50:28,  3.54s/it]
mIoU: 1.7:  15%|████▏                        | 146/1000 [06:11<46:31,  3.27s/it]
mIoU: 1.7:  15%|████▎                        | 147/1000 [06:13<42:42,  3.00s/it]
mIoU: 1.7:  15%|████▎                        | 148/1000 [06:16<41:52,  2.95s/it]
mIoU: 1.7:  15%|████▎                        | 149/1000 [06:17<33:21,  2.35s/it]
mIoU: 2.3:  15%|████▎                        | 149/1000 [06:19<33:21,  2.35s/it]
mIoU: 2.3:  15%|████▎                        | 150/1000 [06:19<32:53,  2.32s/it]
mIoU: 2.3:  15%|████▍                        | 151/1000 [06:20<28:04,  1.98s/it]
mIoU: 2.3:  15%|████▍                        | 152/1000 [06:23<31:24,  2.22s/it]
mIoU: 2.3:  15%|████▍                        | 153/1000 [06:26<32:53,  2.33s/it]
mIoU: 2.3:  15%|████▍                        | 154/1000 [06:27<29:29,  2.09s/it]
mIoU: 2.3:  16%|████▍                        | 155/1000 [06:29<28:12,  2.00s/it]
mIoU: 2.3:  16%|████▌                        | 156/1000 [06:32<30:04,  2.14s/it]
mIoU: 2.3:  16%|████▌                        | 157/1000 [06:35<33:46,  2.40s/it]
mIoU: 2.3:  16%|████▌                        | 158/1000 [06:37<33:20,  2.38s/it]
mIoU: 2.3:  16%|████▌                        | 159/1000 [06:38<29:21,  2.09s/it]
mIoU: 2.3:  16%|████▋                        | 160/1000 [06:40<28:10,  2.01s/it]
mIoU: 2.3:  16%|████▋                        | 161/1000 [06:42<28:48,  2.06s/it]
mIoU: 2.3:  16%|████▋                        | 162/1000 [06:45<29:50,  2.14s/it]
mIoU: 2.3:  16%|████▋                        | 163/1000 [06:47<30:43,  2.20s/it]
mIoU: 2.3:  16%|████▊                        | 164/1000 [06:50<33:22,  2.40s/it]
mIoU: 2.3:  16%|████▊                        | 165/1000 [06:52<31:46,  2.28s/it]
mIoU: 2.3:  17%|████▊                        | 166/1000 [06:56<41:12,  2.96s/it]
mIoU: 2.3:  17%|████▊                        | 167/1000 [06:59<38:28,  2.77s/it]
mIoU: 2.3:  17%|████▊                        | 168/1000 [07:01<34:29,  2.49s/it]
mIoU: 2.3:  17%|████▉                        | 169/1000 [07:03<35:21,  2.55s/it]
mIoU: 2.3:  17%|████▉                        | 170/1000 [07:05<33:41,  2.44s/it]
mIoU: 2.3:  17%|████▉                        | 171/1000 [07:07<30:10,  2.18s/it]
mIoU: 2.3:  17%|████▉                        | 172/1000 [07:10<33:47,  2.45s/it]
mIoU: 2.3:  17%|█████                        | 173/1000 [07:12<31:55,  2.32s/it]
mIoU: 2.3:  17%|█████                        | 174/1000 [07:14<30:49,  2.24s/it]
mIoU: 2.3:  18%|█████                        | 175/1000 [07:16<29:28,  2.14s/it]
mIoU: 2.3:  18%|█████                        | 176/1000 [07:19<33:13,  2.42s/it]
mIoU: 2.3:  18%|█████▏                       | 177/1000 [07:21<29:20,  2.14s/it]
mIoU: 2.3:  18%|█████▏                       | 178/1000 [07:22<28:09,  2.05s/it]
mIoU: 2.3:  18%|█████▏                       | 179/1000 [07:24<27:30,  2.01s/it]
mIoU: 2.3:  18%|█████▏                       | 180/1000 [07:26<24:10,  1.77s/it]
mIoU: 2.3:  18%|█████▏                       | 181/1000 [07:26<20:31,  1.50s/it]
mIoU: 2.3:  18%|█████▎                       | 182/1000 [07:29<26:02,  1.91s/it]
mIoU: 2.3:  18%|█████▎                       | 183/1000 [07:32<29:55,  2.20s/it]
mIoU: 2.3:  18%|█████▎                       | 184/1000 [07:35<31:14,  2.30s/it]
mIoU: 2.3:  18%|█████▎                       | 185/1000 [07:38<34:46,  2.56s/it]
mIoU: 2.3:  19%|█████▍                       | 186/1000 [07:39<30:10,  2.22s/it]
mIoU: 2.3:  19%|█████▍                       | 187/1000 [07:40<25:28,  1.88s/it]
mIoU: 2.3:  19%|█████▍                       | 188/1000 [07:42<26:10,  1.93s/it]
mIoU: 2.3:  19%|█████▍                       | 189/1000 [07:45<29:21,  2.17s/it]
mIoU: 2.3:  19%|█████▌                       | 190/1000 [07:47<27:15,  2.02s/it]
mIoU: 2.3:  19%|█████▌                       | 191/1000 [07:49<26:21,  1.95s/it]
mIoU: 2.3:  19%|█████▌                       | 192/1000 [07:50<23:38,  1.76s/it]
mIoU: 2.3:  19%|█████▌                       | 193/1000 [07:52<23:15,  1.73s/it]
mIoU: 2.3:  19%|█████▋                       | 194/1000 [07:54<24:11,  1.80s/it]
mIoU: 2.3:  20%|█████▋                       | 195/1000 [07:55<22:29,  1.68s/it]
mIoU: 2.3:  20%|█████▋                       | 196/1000 [07:56<19:23,  1.45s/it]
mIoU: 2.3:  20%|█████▋                       | 197/1000 [07:58<22:19,  1.67s/it]
mIoU: 2.3:  20%|█████▋                       | 198/1000 [08:00<21:44,  1.63s/it]
mIoU: 2.3:  20%|█████▊                       | 199/1000 [08:02<24:20,  1.82s/it]
mIoU: 2.1:  20%|█████▊                       | 199/1000 [08:05<24:20,  1.82s/it]
mIoU: 2.1:  20%|█████▊                       | 200/1000 [08:05<27:33,  2.07s/it]
mIoU: 2.1:  20%|█████▊                       | 201/1000 [08:07<28:57,  2.17s/it]
mIoU: 2.1:  20%|█████▊                       | 202/1000 [08:10<30:32,  2.30s/it]
mIoU: 2.1:  20%|█████▉                       | 203/1000 [08:12<32:12,  2.42s/it]
mIoU: 2.1:  20%|█████▉                       | 204/1000 [08:14<28:50,  2.17s/it]
mIoU: 2.1:  20%|█████▉                       | 205/1000 [08:15<23:21,  1.76s/it]
mIoU: 2.1:  21%|█████▉                       | 206/1000 [08:17<26:04,  1.97s/it]
mIoU: 2.1:  21%|██████                       | 207/1000 [08:19<25:34,  1.93s/it]
mIoU: 2.1:  21%|██████                       | 208/1000 [08:21<27:04,  2.05s/it]
mIoU: 2.1:  21%|██████                       | 209/1000 [08:24<30:02,  2.28s/it]
mIoU: 2.1:  21%|██████                       | 210/1000 [08:26<29:52,  2.27s/it]
mIoU: 2.1:  21%|██████                       | 211/1000 [08:27<24:43,  1.88s/it]
mIoU: 2.1:  21%|██████▏                      | 212/1000 [08:31<30:27,  2.32s/it]
mIoU: 2.1:  21%|██████▏                      | 213/1000 [08:33<32:02,  2.44s/it]
mIoU: 2.1:  21%|██████▏                      | 214/1000 [08:34<25:07,  1.92s/it]
mIoU: 2.1:  22%|██████▏                      | 215/1000 [08:36<23:17,  1.78s/it]
mIoU: 2.1:  22%|██████▎                      | 216/1000 [08:37<23:22,  1.79s/it]
mIoU: 2.1:  22%|██████▎                      | 218/1000 [08:42<26:59,  2.07s/it]
mIoU: 2.1:  22%|██████▎                      | 219/1000 [08:44<23:51,  1.83s/it]
mIoU: 2.1:  22%|██████▍                      | 220/1000 [08:45<23:49,  1.83s/it]
mIoU: 2.1:  22%|██████▍                      | 221/1000 [08:47<24:31,  1.89s/it]
mIoU: 2.1:  22%|██████▍                      | 222/1000 [08:50<27:00,  2.08s/it]
mIoU: 2.1:  22%|██████▍                      | 223/1000 [08:52<27:41,  2.14s/it]
mIoU: 2.1:  22%|██████▍                      | 224/1000 [08:55<29:52,  2.31s/it]
mIoU: 2.1:  22%|██████▌                      | 225/1000 [08:58<30:52,  2.39s/it]
mIoU: 2.1:  23%|██████▌                      | 226/1000 [08:59<26:50,  2.08s/it]
mIoU: 2.1:  23%|██████▌                      | 227/1000 [09:01<25:06,  1.95s/it]
mIoU: 2.1:  23%|██████▌                      | 228/1000 [09:03<28:04,  2.18s/it]
mIoU: 2.1:  23%|██████▋                      | 229/1000 [09:04<24:14,  1.89s/it]
mIoU: 2.1:  23%|██████▋                      | 230/1000 [09:07<27:37,  2.15s/it]
mIoU: 2.1:  23%|██████▋                      | 231/1000 [09:08<23:32,  1.84s/it]
mIoU: 2.1:  23%|██████▋                      | 232/1000 [09:09<19:13,  1.50s/it]
mIoU: 2.1:  23%|██████▊                      | 233/1000 [09:11<21:26,  1.68s/it]
mIoU: 2.1:  23%|██████▊                      | 234/1000 [09:12<19:02,  1.49s/it]
mIoU: 2.1:  24%|██████▊                      | 235/1000 [09:14<20:34,  1.61s/it]
mIoU: 2.1:  24%|██████▊                      | 236/1000 [09:17<25:39,  2.01s/it]
mIoU: 2.1:  24%|██████▊                      | 237/1000 [09:18<22:01,  1.73s/it]
mIoU: 2.1:  24%|██████▉                      | 238/1000 [09:20<22:59,  1.81s/it]
mIoU: 2.1:  24%|██████▉                      | 239/1000 [09:22<23:46,  1.88s/it]
mIoU: 2.1:  24%|██████▉                      | 240/1000 [09:24<22:05,  1.74s/it]
mIoU: 2.1:  24%|██████▉                      | 241/1000 [09:25<19:20,  1.53s/it]
mIoU: 2.1:  24%|███████                      | 242/1000 [09:27<21:36,  1.71s/it]
mIoU: 2.1:  24%|███████                      | 243/1000 [09:28<20:36,  1.63s/it]
mIoU: 2.1:  24%|███████                      | 244/1000 [09:31<25:08,  2.00s/it]
mIoU: 2.1:  24%|███████                      | 245/1000 [09:32<21:48,  1.73s/it]
mIoU: 2.1:  25%|███████▏                     | 246/1000 [09:34<20:45,  1.65s/it]
mIoU: 2.1:  25%|███████▏                     | 247/1000 [09:35<20:09,  1.61s/it]
mIoU: 2.1:  25%|███████▏                     | 248/1000 [09:37<21:32,  1.72s/it]
mIoU: 2.1:  25%|███████▏                     | 249/1000 [09:39<23:46,  1.90s/it]
mIoU: 1.9:  25%|███████▏                     | 249/1000 [09:41<23:46,  1.90s/it]
mIoU: 1.9:  25%|███████▎                     | 250/1000 [09:41<22:46,  1.82s/it]
mIoU: 1.9:  25%|███████▎                     | 251/1000 [09:44<25:50,  2.07s/it]
mIoU: 1.9:  25%|███████▎                     | 252/1000 [09:45<22:42,  1.82s/it]
mIoU: 1.9:  25%|███████▎                     | 253/1000 [09:47<22:11,  1.78s/it]
mIoU: 1.9:  25%|███████▎                     | 254/1000 [09:49<26:02,  2.09s/it]
mIoU: 1.9:  26%|███████▍                     | 255/1000 [09:50<21:44,  1.75s/it]
mIoU: 1.9:  26%|███████▍                     | 256/1000 [09:53<24:06,  1.94s/it]
mIoU: 1.9:  26%|███████▍                     | 257/1000 [09:56<26:52,  2.17s/it]
mIoU: 1.9:  26%|███████▍                     | 258/1000 [09:58<28:11,  2.28s/it]
mIoU: 1.9:  26%|███████▌                     | 259/1000 [10:00<28:12,  2.28s/it]
mIoU: 1.9:  26%|███████▌                     | 261/1000 [10:04<23:59,  1.95s/it]
mIoU: 1.9:  26%|███████▋                     | 263/1000 [10:08<25:48,  2.10s/it]
mIoU: 1.9:  26%|███████▋                     | 264/1000 [10:10<23:35,  1.92s/it]
mIoU: 1.9:  26%|███████▋                     | 265/1000 [10:12<24:22,  1.99s/it]
mIoU: 1.9:  27%|███████▋                     | 266/1000 [10:15<27:06,  2.22s/it]
mIoU: 1.9:  27%|███████▋                     | 267/1000 [10:16<22:16,  1.82s/it]
mIoU: 1.9:  27%|███████▊                     | 268/1000 [10:17<22:17,  1.83s/it]
mIoU: 1.9:  27%|███████▊                     | 269/1000 [10:19<19:53,  1.63s/it]
mIoU: 1.9:  27%|███████▊                     | 270/1000 [10:20<20:32,  1.69s/it]
mIoU: 1.9:  27%|███████▊                     | 271/1000 [10:22<20:23,  1.68s/it]
mIoU: 1.9:  27%|███████▉                     | 272/1000 [10:25<25:56,  2.14s/it]
mIoU: 1.9:  27%|███████▉                     | 273/1000 [10:28<27:43,  2.29s/it]
mIoU: 1.9:  27%|███████▉                     | 274/1000 [10:30<27:36,  2.28s/it]
mIoU: 1.9:  28%|███████▉                     | 275/1000 [10:32<27:32,  2.28s/it]
mIoU: 1.9:  28%|████████                     | 276/1000 [10:33<23:05,  1.91s/it]
mIoU: 1.9:  28%|████████                     | 277/1000 [10:37<27:46,  2.30s/it]
mIoU: 1.9:  28%|████████                     | 278/1000 [10:39<26:01,  2.16s/it]
mIoU: 1.9:  28%|████████                     | 279/1000 [10:41<27:56,  2.32s/it]
mIoU: 1.9:  28%|████████                     | 280/1000 [10:43<25:17,  2.11s/it]
mIoU: 1.9:  28%|████████▏                    | 281/1000 [10:46<29:37,  2.47s/it]
mIoU: 1.9:  28%|████████▏                    | 282/1000 [10:47<23:29,  1.96s/it]
mIoU: 1.9:  28%|████████▏                    | 283/1000 [10:49<23:41,  1.98s/it]
mIoU: 1.9:  28%|████████▏                    | 284/1000 [10:51<24:45,  2.07s/it]
mIoU: 1.9:  28%|████████▎                    | 285/1000 [10:53<22:38,  1.90s/it]
mIoU: 1.9:  29%|████████▎                    | 286/1000 [10:54<20:19,  1.71s/it]
mIoU: 1.9:  29%|████████▎                    | 287/1000 [10:56<21:33,  1.81s/it]
mIoU: 1.9:  29%|████████▎                    | 288/1000 [10:59<26:25,  2.23s/it]
mIoU: 1.9:  29%|████████▍                    | 289/1000 [11:00<21:22,  1.80s/it]
mIoU: 1.9:  29%|████████▍                    | 290/1000 [11:01<19:45,  1.67s/it]
mIoU: 1.9:  29%|████████▍                    | 291/1000 [11:04<23:07,  1.96s/it]
mIoU: 1.9:  29%|████████▍                    | 292/1000 [11:06<22:49,  1.93s/it]
mIoU: 1.9:  29%|████████▍                    | 293/1000 [11:09<27:16,  2.31s/it]
mIoU: 1.9:  29%|████████▌                    | 294/1000 [11:12<28:03,  2.38s/it]
mIoU: 1.9:  30%|████████▌                    | 295/1000 [11:13<22:28,  1.91s/it]
mIoU: 1.9:  30%|████████▌                    | 296/1000 [11:15<25:26,  2.17s/it]
mIoU: 1.9:  30%|████████▌                    | 297/1000 [11:17<25:32,  2.18s/it]
mIoU: 1.9:  30%|████████▋                    | 298/1000 [11:20<27:42,  2.37s/it]
mIoU: 1.9:  30%|████████▋                    | 299/1000 [11:21<22:24,  1.92s/it]
mIoU: 1.8:  30%|████████▋                    | 299/1000 [11:23<22:24,  1.92s/it]
mIoU: 1.8:  30%|████████▋                    | 300/1000 [11:23<20:47,  1.78s/it]
mIoU: 1.8:  30%|████████▋                    | 301/1000 [11:24<19:34,  1.68s/it]
mIoU: 1.8:  30%|████████▊                    | 302/1000 [11:26<19:02,  1.64s/it]
mIoU: 1.8:  30%|████████▊                    | 303/1000 [11:28<22:40,  1.95s/it]
mIoU: 1.8:  30%|████████▊                    | 304/1000 [11:32<27:09,  2.34s/it]
mIoU: 1.8:  30%|████████▊                    | 305/1000 [11:35<29:28,  2.54s/it]
mIoU: 1.8:  31%|████████▊                    | 306/1000 [11:36<26:52,  2.32s/it]
mIoU: 1.8:  31%|████████▉                    | 307/1000 [11:40<31:25,  2.72s/it]
mIoU: 1.8:  31%|████████▉                    | 308/1000 [11:43<31:04,  2.69s/it]
mIoU: 1.8:  31%|████████▉                    | 309/1000 [11:45<30:22,  2.64s/it]
mIoU: 1.8:  31%|████████▉                    | 310/1000 [11:49<34:31,  3.00s/it]
mIoU: 1.8:  31%|█████████                    | 311/1000 [11:52<35:29,  3.09s/it]
mIoU: 1.8:  31%|█████████                    | 312/1000 [11:54<30:55,  2.70s/it]
mIoU: 1.8:  31%|█████████                    | 313/1000 [11:55<25:52,  2.26s/it]
mIoU: 1.8:  31%|█████████                    | 314/1000 [11:58<28:51,  2.52s/it]
mIoU: 1.8:  32%|█████████▏                   | 315/1000 [12:01<27:18,  2.39s/it]
mIoU: 1.8:  32%|█████████▏                   | 316/1000 [12:03<26:24,  2.32s/it]
mIoU: 1.8:  32%|█████████▏                   | 317/1000 [12:05<27:29,  2.41s/it]
mIoU: 1.8:  32%|█████████▏                   | 318/1000 [12:08<28:36,  2.52s/it]
mIoU: 1.8:  32%|█████████▎                   | 319/1000 [12:12<33:24,  2.94s/it]
mIoU: 1.8:  32%|█████████▎                   | 320/1000 [12:14<30:00,  2.65s/it]
mIoU: 1.8:  32%|█████████▎                   | 321/1000 [12:17<32:03,  2.83s/it]
mIoU: 1.8:  32%|█████████▎                   | 322/1000 [12:19<29:46,  2.64s/it]
mIoU: 1.8:  32%|█████████▎                   | 323/1000 [12:23<34:15,  3.04s/it]
mIoU: 1.8:  32%|█████████▍                   | 324/1000 [12:27<36:20,  3.23s/it]
mIoU: 1.8:  32%|█████████▍                   | 325/1000 [12:30<35:35,  3.16s/it]
mIoU: 1.8:  33%|█████████▍                   | 326/1000 [12:33<33:57,  3.02s/it]
mIoU: 1.8:  33%|█████████▍                   | 327/1000 [12:36<33:11,  2.96s/it]
mIoU: 1.8:  33%|█████████▌                   | 328/1000 [12:38<31:51,  2.84s/it]
mIoU: 1.8:  33%|█████████▌                   | 329/1000 [12:40<29:14,  2.61s/it]
mIoU: 1.8:  33%|█████████▌                   | 330/1000 [12:43<28:08,  2.52s/it]
mIoU: 1.8:  33%|█████████▌                   | 331/1000 [12:46<29:45,  2.67s/it]
mIoU: 1.8:  33%|█████████▋                   | 332/1000 [12:47<27:14,  2.45s/it]
mIoU: 1.8:  33%|█████████▋                   | 333/1000 [12:50<28:53,  2.60s/it]
mIoU: 1.8:  33%|█████████▋                   | 334/1000 [12:53<29:06,  2.62s/it]
mIoU: 1.8:  34%|█████████▋                   | 335/1000 [12:55<28:01,  2.53s/it]
mIoU: 1.8:  34%|█████████▋                   | 336/1000 [12:58<28:13,  2.55s/it]
mIoU: 1.8:  34%|█████████▊                   | 337/1000 [13:01<31:13,  2.83s/it]
mIoU: 1.8:  34%|█████████▊                   | 338/1000 [13:05<33:17,  3.02s/it]
mIoU: 1.8:  34%|█████████▊                   | 339/1000 [13:06<25:41,  2.33s/it]
mIoU: 1.8:  34%|█████████▊                   | 340/1000 [13:07<22:39,  2.06s/it]
mIoU: 1.8:  34%|█████████▉                   | 341/1000 [13:10<24:00,  2.19s/it]
mIoU: 1.8:  34%|█████████▉                   | 342/1000 [13:13<26:46,  2.44s/it]
mIoU: 1.8:  34%|█████████▉                   | 343/1000 [13:15<25:01,  2.29s/it]
mIoU: 1.8:  34%|█████████▉                   | 344/1000 [13:17<23:54,  2.19s/it]
mIoU: 1.8:  34%|██████████                   | 345/1000 [13:18<22:02,  2.02s/it]
mIoU: 1.8:  35%|██████████                   | 346/1000 [13:21<26:11,  2.40s/it]
mIoU: 1.8:  35%|██████████                   | 347/1000 [13:23<23:44,  2.18s/it]
mIoU: 1.8:  35%|██████████                   | 348/1000 [13:27<27:40,  2.55s/it]
mIoU: 1.8:  35%|██████████                   | 349/1000 [13:28<25:28,  2.35s/it]
mIoU: 1.8:  35%|██████████▏                  | 351/1000 [13:34<27:43,  2.56s/it]
mIoU: 1.8:  35%|██████████▏                  | 352/1000 [13:36<24:38,  2.28s/it]
mIoU: 1.8:  35%|██████████▏                  | 353/1000 [13:39<28:47,  2.67s/it]
mIoU: 1.8:  35%|██████████▎                  | 354/1000 [13:44<35:20,  3.28s/it]
mIoU: 1.8:  36%|██████████▎                  | 355/1000 [13:46<30:21,  2.82s/it]
mIoU: 1.8:  36%|██████████▎                  | 356/1000 [13:49<31:45,  2.96s/it]
mIoU: 1.8:  36%|██████████▎                  | 357/1000 [13:52<33:29,  3.13s/it]
mIoU: 1.8:  36%|██████████▍                  | 358/1000 [13:56<35:29,  3.32s/it]
mIoU: 1.8:  36%|██████████▍                  | 359/1000 [13:59<32:19,  3.03s/it]
mIoU: 1.8:  36%|██████████▍                  | 361/1000 [14:04<29:21,  2.76s/it]
mIoU: 1.8:  36%|██████████▍                  | 362/1000 [14:05<25:35,  2.41s/it]
mIoU: 1.8:  36%|██████████▌                  | 364/1000 [14:11<27:55,  2.63s/it]
mIoU: 1.8:  36%|██████████▌                  | 365/1000 [14:13<28:28,  2.69s/it]
mIoU: 1.8:  37%|██████████▌                  | 366/1000 [14:16<29:17,  2.77s/it]
mIoU: 1.8:  37%|██████████▋                  | 367/1000 [14:18<25:10,  2.39s/it]
mIoU: 1.8:  37%|██████████▋                  | 368/1000 [14:20<24:04,  2.29s/it]
mIoU: 1.8:  37%|██████████▋                  | 369/1000 [14:24<28:50,  2.74s/it]
mIoU: 1.8:  37%|██████████▋                  | 370/1000 [14:25<23:56,  2.28s/it]
mIoU: 1.8:  37%|██████████▊                  | 371/1000 [14:28<26:24,  2.52s/it]
mIoU: 1.8:  37%|██████████▊                  | 372/1000 [14:30<25:01,  2.39s/it]
mIoU: 1.8:  37%|██████████▊                  | 373/1000 [14:33<25:15,  2.42s/it]
mIoU: 1.8:  37%|██████████▊                  | 374/1000 [14:35<24:18,  2.33s/it]
mIoU: 1.8:  38%|██████████▉                  | 375/1000 [14:38<27:55,  2.68s/it]
mIoU: 1.8:  38%|██████████▉                  | 376/1000 [14:40<25:41,  2.47s/it]
mIoU: 1.8:  38%|██████████▉                  | 377/1000 [14:42<22:27,  2.16s/it]
mIoU: 1.8:  38%|██████████▉                  | 378/1000 [14:44<21:47,  2.10s/it]
mIoU: 1.8:  38%|██████████▉                  | 379/1000 [14:46<23:31,  2.27s/it]
mIoU: 1.8:  38%|███████████                  | 380/1000 [14:49<24:10,  2.34s/it]
mIoU: 1.8:  38%|███████████                  | 381/1000 [14:51<24:59,  2.42s/it]
mIoU: 1.8:  38%|███████████                  | 382/1000 [14:53<23:26,  2.28s/it]
mIoU: 1.8:  38%|███████████                  | 383/1000 [14:55<22:06,  2.15s/it]
mIoU: 1.8:  38%|███████████▏                 | 384/1000 [14:59<28:07,  2.74s/it]
mIoU: 1.8:  38%|███████████▏                 | 385/1000 [15:01<24:47,  2.42s/it]
mIoU: 1.8:  39%|███████████▏                 | 386/1000 [15:03<23:04,  2.25s/it]
mIoU: 1.8:  39%|███████████▏                 | 387/1000 [15:05<22:46,  2.23s/it]
mIoU: 1.8:  39%|███████████▎                 | 388/1000 [15:08<23:44,  2.33s/it]
mIoU: 1.8:  39%|███████████▎                 | 389/1000 [15:09<19:58,  1.96s/it]
mIoU: 1.8:  39%|███████████▎                 | 390/1000 [15:10<18:32,  1.82s/it]
mIoU: 1.8:  39%|███████████▎                 | 391/1000 [15:12<18:13,  1.80s/it]
mIoU: 1.8:  39%|███████████▎                 | 392/1000 [15:14<19:58,  1.97s/it]
mIoU: 1.8:  39%|███████████▍                 | 393/1000 [15:18<23:53,  2.36s/it]
mIoU: 1.8:  39%|███████████▍                 | 394/1000 [15:21<26:27,  2.62s/it]
mIoU: 1.8:  40%|███████████▍                 | 395/1000 [15:23<26:20,  2.61s/it]
mIoU: 1.8:  40%|███████████▍                 | 396/1000 [15:27<30:35,  3.04s/it]
mIoU: 1.8:  40%|███████████▌                 | 397/1000 [15:30<27:52,  2.77s/it]
mIoU: 1.8:  40%|███████████▌                 | 398/1000 [15:32<26:38,  2.65s/it]
mIoU: 1.8:  40%|███████████▌                 | 399/1000 [15:34<23:56,  2.39s/it]
mIoU: 1.9:  40%|███████████▌                 | 399/1000 [15:35<23:56,  2.39s/it]
mIoU: 1.9:  40%|███████████▌                 | 400/1000 [15:35<21:11,  2.12s/it]
mIoU: 1.9:  40%|███████████▋                 | 401/1000 [15:39<25:32,  2.56s/it]
mIoU: 1.9:  40%|███████████▋                 | 402/1000 [15:41<24:15,  2.43s/it]
mIoU: 1.9:  40%|███████████▋                 | 403/1000 [15:43<23:30,  2.36s/it]
mIoU: 1.9:  40%|███████████▋                 | 404/1000 [15:46<24:13,  2.44s/it]
mIoU: 1.9:  40%|███████████▋                 | 405/1000 [15:48<22:52,  2.31s/it]
mIoU: 1.9:  41%|███████████▊                 | 406/1000 [15:50<21:55,  2.21s/it]
mIoU: 1.9:  41%|███████████▊                 | 407/1000 [15:52<21:38,  2.19s/it]
mIoU: 1.9:  41%|███████████▊                 | 408/1000 [15:54<20:51,  2.11s/it]
mIoU: 1.9:  41%|███████████▊                 | 409/1000 [15:55<17:30,  1.78s/it]
mIoU: 1.9:  41%|███████████▉                 | 410/1000 [15:57<18:31,  1.88s/it]
mIoU: 1.9:  41%|███████████▉                 | 411/1000 [15:59<19:20,  1.97s/it]
mIoU: 1.9:  41%|███████████▉                 | 412/1000 [16:02<20:39,  2.11s/it]
mIoU: 1.9:  41%|███████████▉                 | 413/1000 [16:03<19:20,  1.98s/it]
mIoU: 1.9:  41%|████████████                 | 414/1000 [16:05<18:22,  1.88s/it]
mIoU: 1.9:  42%|████████████                 | 415/1000 [16:07<18:11,  1.87s/it]
mIoU: 1.9:  42%|████████████                 | 416/1000 [16:09<20:43,  2.13s/it]
mIoU: 1.9:  42%|████████████                 | 417/1000 [16:11<19:10,  1.97s/it]
mIoU: 1.9:  42%|████████████                 | 418/1000 [16:13<18:44,  1.93s/it]
mIoU: 1.9:  42%|████████████▏                | 419/1000 [16:16<21:24,  2.21s/it]
mIoU: 1.9:  42%|████████████▏                | 420/1000 [16:18<21:49,  2.26s/it]
mIoU: 1.9:  42%|████████████▏                | 421/1000 [16:21<22:21,  2.32s/it]
mIoU: 1.9:  42%|████████████▏                | 422/1000 [16:23<23:19,  2.42s/it]
mIoU: 1.9:  42%|████████████▎                | 423/1000 [16:26<25:34,  2.66s/it]
mIoU: 1.9:  42%|████████████▎                | 424/1000 [16:29<24:35,  2.56s/it]
mIoU: 1.9:  42%|████████████▎                | 425/1000 [16:32<25:47,  2.69s/it]
mIoU: 1.9:  43%|████████████▎                | 426/1000 [16:35<27:21,  2.86s/it]
mIoU: 1.9:  43%|████████████▍                | 427/1000 [16:38<27:45,  2.91s/it]
mIoU: 1.9:  43%|████████████▍                | 428/1000 [16:41<27:04,  2.84s/it]
mIoU: 1.9:  43%|████████████▍                | 429/1000 [16:43<25:51,  2.72s/it]
mIoU: 1.9:  43%|████████████▍                | 430/1000 [16:46<24:51,  2.62s/it]
mIoU: 1.9:  43%|████████████▍                | 431/1000 [16:47<22:49,  2.41s/it]
mIoU: 1.9:  43%|████████████▌                | 432/1000 [16:49<21:09,  2.23s/it]
mIoU: 1.9:  43%|████████████▌                | 433/1000 [16:52<21:30,  2.28s/it]
mIoU: 1.9:  43%|████████████▌                | 434/1000 [16:54<20:37,  2.19s/it]
mIoU: 1.9:  44%|████████████▌                | 435/1000 [16:57<24:25,  2.59s/it]
mIoU: 1.9:  44%|████████████▋                | 436/1000 [17:00<25:52,  2.75s/it]
mIoU: 1.9:  44%|████████████▋                | 437/1000 [17:02<23:34,  2.51s/it]
mIoU: 1.9:  44%|████████████▋                | 438/1000 [17:05<23:27,  2.50s/it]
mIoU: 1.9:  44%|████████████▋                | 439/1000 [17:07<21:49,  2.33s/it]
mIoU: 1.9:  44%|████████████▊                | 440/1000 [17:09<21:47,  2.34s/it]
mIoU: 1.9:  44%|████████████▊                | 441/1000 [17:10<16:52,  1.81s/it]
mIoU: 1.9:  44%|████████████▊                | 442/1000 [17:12<17:24,  1.87s/it]
mIoU: 1.9:  44%|████████████▊                | 443/1000 [17:15<20:48,  2.24s/it]
mIoU: 1.9:  44%|████████████▉                | 444/1000 [17:18<23:33,  2.54s/it]
mIoU: 1.9:  44%|████████████▉                | 445/1000 [17:20<21:57,  2.37s/it]
mIoU: 1.9:  45%|████████████▉                | 446/1000 [17:23<23:14,  2.52s/it]
mIoU: 1.9:  45%|████████████▉                | 447/1000 [17:25<22:33,  2.45s/it]
mIoU: 1.9:  45%|████████████▉                | 448/1000 [17:28<22:40,  2.46s/it]
mIoU: 1.9:  45%|█████████████                | 449/1000 [17:30<23:00,  2.51s/it]
mIoU: 2.0:  45%|█████████████                | 449/1000 [17:31<23:00,  2.51s/it]
mIoU: 2.0:  45%|█████████████                | 450/1000 [17:31<18:03,  1.97s/it]
mIoU: 2.0:  45%|█████████████                | 451/1000 [17:34<20:29,  2.24s/it]
mIoU: 2.0:  45%|█████████████                | 452/1000 [17:36<20:31,  2.25s/it]
mIoU: 2.0:  45%|█████████████▏               | 453/1000 [17:38<18:24,  2.02s/it]
mIoU: 2.0:  45%|█████████████▏               | 454/1000 [17:38<15:14,  1.67s/it]
mIoU: 2.0:  46%|█████████████▏               | 455/1000 [17:41<16:59,  1.87s/it]
mIoU: 2.0:  46%|█████████████▏               | 456/1000 [17:44<20:23,  2.25s/it]
mIoU: 2.0:  46%|█████████████▎               | 457/1000 [17:46<20:12,  2.23s/it]
mIoU: 2.0:  46%|█████████████▎               | 458/1000 [17:48<18:40,  2.07s/it]
mIoU: 2.0:  46%|█████████████▎               | 459/1000 [17:49<17:15,  1.91s/it]
mIoU: 2.0:  46%|█████████████▎               | 460/1000 [17:52<18:30,  2.06s/it]
mIoU: 2.0:  46%|█████████████▎               | 461/1000 [17:53<15:58,  1.78s/it]
mIoU: 2.0:  46%|█████████████▍               | 462/1000 [17:54<14:33,  1.62s/it]
mIoU: 2.0:  46%|█████████████▍               | 463/1000 [17:57<16:56,  1.89s/it]
mIoU: 2.0:  46%|█████████████▍               | 464/1000 [17:58<14:52,  1.67s/it]
mIoU: 2.0:  47%|█████████████▌               | 466/1000 [18:01<14:24,  1.62s/it]
mIoU: 2.0:  47%|█████████████▌               | 467/1000 [18:03<15:49,  1.78s/it]
mIoU: 2.0:  47%|█████████████▌               | 468/1000 [18:05<16:29,  1.86s/it]
mIoU: 2.0:  47%|█████████████▌               | 469/1000 [18:08<18:52,  2.13s/it]
mIoU: 2.0:  47%|█████████████▋               | 470/1000 [18:10<18:34,  2.10s/it]
mIoU: 2.0:  47%|█████████████▋               | 471/1000 [18:13<22:12,  2.52s/it]
mIoU: 2.0:  47%|█████████████▋               | 472/1000 [18:15<19:50,  2.25s/it]
mIoU: 2.0:  47%|█████████████▋               | 473/1000 [18:17<18:18,  2.08s/it]
mIoU: 2.0:  47%|█████████████▋               | 474/1000 [18:20<22:15,  2.54s/it]
mIoU: 2.0:  48%|█████████████▊               | 475/1000 [18:24<26:07,  2.99s/it]
mIoU: 2.0:  48%|█████████████▊               | 476/1000 [18:25<20:51,  2.39s/it]
mIoU: 2.0:  48%|█████████████▊               | 477/1000 [18:28<20:10,  2.32s/it]
mIoU: 2.0:  48%|█████████████▊               | 478/1000 [18:29<19:02,  2.19s/it]
mIoU: 2.0:  48%|█████████████▉               | 479/1000 [18:34<24:23,  2.81s/it]
mIoU: 2.0:  48%|█████████████▉               | 480/1000 [18:35<20:42,  2.39s/it]
mIoU: 2.0:  48%|█████████████▉               | 481/1000 [18:38<21:23,  2.47s/it]
mIoU: 2.0:  48%|█████████████▉               | 482/1000 [18:38<16:49,  1.95s/it]
mIoU: 2.0:  48%|██████████████               | 483/1000 [18:40<16:45,  1.94s/it]
mIoU: 2.0:  48%|██████████████               | 484/1000 [18:44<20:16,  2.36s/it]
mIoU: 2.0:  48%|██████████████               | 485/1000 [18:45<16:31,  1.93s/it]
mIoU: 2.0:  49%|██████████████               | 486/1000 [18:46<15:26,  1.80s/it]
mIoU: 2.0:  49%|██████████████               | 487/1000 [18:48<15:56,  1.86s/it]
mIoU: 2.0:  49%|██████████████▏              | 488/1000 [18:51<17:47,  2.09s/it]
mIoU: 2.0:  49%|██████████████▏              | 489/1000 [18:54<19:54,  2.34s/it]
mIoU: 2.0:  49%|██████████████▏              | 490/1000 [18:55<18:24,  2.17s/it]
mIoU: 2.0:  49%|██████████████▏              | 491/1000 [18:59<21:45,  2.56s/it]
mIoU: 2.0:  49%|██████████████▎              | 492/1000 [19:02<21:50,  2.58s/it]
mIoU: 2.0:  49%|██████████████▎              | 493/1000 [19:05<24:32,  2.90s/it]
mIoU: 2.0:  49%|██████████████▎              | 494/1000 [19:06<20:20,  2.41s/it]
mIoU: 2.0:  50%|██████████████▎              | 495/1000 [19:08<17:19,  2.06s/it]
mIoU: 2.0:  50%|██████████████▍              | 496/1000 [19:09<14:28,  1.72s/it]
mIoU: 2.0:  50%|██████████████▍              | 497/1000 [19:10<13:45,  1.64s/it]
mIoU: 2.0:  50%|██████████████▍              | 498/1000 [19:13<15:41,  1.88s/it]
mIoU: 2.0:  50%|██████████████▍              | 499/1000 [19:14<14:58,  1.79s/it]
mIoU: 2.0:  50%|██████████████▍              | 499/1000 [19:17<14:58,  1.79s/it]
mIoU: 2.0:  50%|██████████████▌              | 500/1000 [19:17<17:02,  2.05s/it]
mIoU: 2.0:  50%|██████████████▌              | 501/1000 [19:18<14:25,  1.73s/it]
mIoU: 2.0:  50%|██████████████▌              | 502/1000 [19:21<17:56,  2.16s/it]
mIoU: 2.0:  50%|██████████████▌              | 503/1000 [19:23<17:54,  2.16s/it]
mIoU: 2.0:  50%|██████████████▌              | 504/1000 [19:26<19:38,  2.38s/it]
mIoU: 2.0:  50%|██████████████▋              | 505/1000 [19:28<17:51,  2.17s/it]
mIoU: 2.0:  51%|██████████████▋              | 506/1000 [19:30<17:46,  2.16s/it]
mIoU: 2.0:  51%|██████████████▋              | 507/1000 [19:32<18:38,  2.27s/it]
mIoU: 2.0:  51%|██████████████▋              | 508/1000 [19:35<20:04,  2.45s/it]
mIoU: 2.0:  51%|██████████████▊              | 509/1000 [19:37<18:44,  2.29s/it]
mIoU: 2.0:  51%|██████████████▊              | 510/1000 [19:39<18:30,  2.27s/it]
mIoU: 2.0:  51%|██████████████▊              | 511/1000 [19:42<18:18,  2.25s/it]
mIoU: 2.0:  51%|██████████████▊              | 512/1000 [19:44<19:22,  2.38s/it]
mIoU: 2.0:  51%|██████████████▉              | 513/1000 [19:47<19:12,  2.37s/it]
mIoU: 2.0:  51%|██████████████▉              | 514/1000 [19:50<21:31,  2.66s/it]
mIoU: 2.0:  52%|██████████████▉              | 515/1000 [19:52<21:18,  2.64s/it]
mIoU: 2.0:  52%|██████████████▉              | 516/1000 [19:55<20:52,  2.59s/it]
mIoU: 2.0:  52%|██████████████▉              | 517/1000 [19:57<19:27,  2.42s/it]
mIoU: 2.0:  52%|███████████████              | 518/1000 [19:59<18:25,  2.29s/it]
mIoU: 2.0:  52%|███████████████              | 519/1000 [20:03<23:07,  2.88s/it]
mIoU: 2.0:  52%|███████████████              | 520/1000 [20:06<23:53,  2.99s/it]
mIoU: 2.0:  52%|███████████████              | 521/1000 [20:09<21:57,  2.75s/it]
mIoU: 2.0:  52%|███████████████▏             | 522/1000 [20:12<22:57,  2.88s/it]
mIoU: 2.0:  52%|███████████████▏             | 523/1000 [20:14<20:32,  2.58s/it]
mIoU: 2.0:  52%|███████████████▏             | 524/1000 [20:16<18:59,  2.39s/it]
mIoU: 2.0:  52%|███████████████▏             | 525/1000 [20:18<18:11,  2.30s/it]
mIoU: 2.0:  53%|███████████████▎             | 526/1000 [20:20<17:29,  2.21s/it]
mIoU: 2.0:  53%|███████████████▎             | 527/1000 [20:21<15:59,  2.03s/it]
mIoU: 2.0:  53%|███████████████▎             | 528/1000 [20:24<17:47,  2.26s/it]
mIoU: 2.0:  53%|███████████████▎             | 529/1000 [20:26<16:30,  2.10s/it]
mIoU: 2.0:  53%|███████████████▎             | 530/1000 [20:27<14:59,  1.91s/it]
mIoU: 2.0:  53%|███████████████▍             | 531/1000 [20:28<12:57,  1.66s/it]
mIoU: 2.0:  53%|███████████████▍             | 532/1000 [20:31<14:20,  1.84s/it]
mIoU: 2.0:  53%|███████████████▍             | 533/1000 [20:34<17:52,  2.30s/it]
mIoU: 2.0:  53%|███████████████▍             | 534/1000 [20:37<18:35,  2.39s/it]
mIoU: 2.0:  54%|███████████████▌             | 535/1000 [20:38<16:49,  2.17s/it]
mIoU: 2.0:  54%|███████████████▌             | 536/1000 [20:40<16:15,  2.10s/it]
mIoU: 2.0:  54%|███████████████▌             | 537/1000 [20:43<16:41,  2.16s/it]
mIoU: 2.0:  54%|███████████████▌             | 538/1000 [20:44<15:54,  2.07s/it]
mIoU: 2.0:  54%|███████████████▋             | 539/1000 [20:46<15:07,  1.97s/it]
mIoU: 2.0:  54%|███████████████▋             | 540/1000 [20:50<19:22,  2.53s/it]
mIoU: 2.0:  54%|███████████████▋             | 541/1000 [20:52<17:30,  2.29s/it]
mIoU: 2.0:  54%|███████████████▋             | 542/1000 [20:54<16:37,  2.18s/it]
mIoU: 2.0:  54%|███████████████▋             | 543/1000 [20:56<16:24,  2.16s/it]
mIoU: 2.0:  54%|███████████████▊             | 544/1000 [20:57<15:11,  2.00s/it]
mIoU: 2.0:  55%|███████████████▊             | 545/1000 [21:00<16:46,  2.21s/it]
mIoU: 2.0:  55%|███████████████▊             | 546/1000 [21:02<15:09,  2.00s/it]
mIoU: 2.0:  55%|███████████████▊             | 547/1000 [21:03<14:18,  1.90s/it]
mIoU: 2.0:  55%|███████████████▉             | 548/1000 [21:05<14:32,  1.93s/it]
mIoU: 2.0:  55%|███████████████▉             | 549/1000 [21:08<15:51,  2.11s/it]
mIoU: 2.0:  55%|███████████████▉             | 549/1000 [21:11<15:51,  2.11s/it]
mIoU: 2.0:  55%|███████████████▉             | 550/1000 [21:11<19:18,  2.57s/it]
mIoU: 2.0:  55%|███████████████▉             | 551/1000 [21:13<17:20,  2.32s/it]
mIoU: 2.0:  55%|████████████████             | 552/1000 [21:14<14:54,  2.00s/it]
mIoU: 2.0:  55%|████████████████             | 553/1000 [21:16<14:03,  1.89s/it]
mIoU: 2.0:  55%|████████████████             | 554/1000 [21:18<13:38,  1.84s/it]
mIoU: 2.0:  56%|████████████████             | 555/1000 [21:21<16:14,  2.19s/it]
mIoU: 2.0:  56%|████████████████             | 556/1000 [21:23<16:06,  2.18s/it]
mIoU: 2.0:  56%|████████████████▏            | 558/1000 [21:28<18:15,  2.48s/it]
mIoU: 2.0:  56%|████████████████▏            | 559/1000 [21:30<16:12,  2.21s/it]
mIoU: 2.0:  56%|████████████████▏            | 560/1000 [21:32<14:50,  2.02s/it]
mIoU: 2.0:  56%|████████████████▎            | 561/1000 [21:34<15:39,  2.14s/it]
mIoU: 2.0:  56%|████████████████▎            | 562/1000 [21:36<15:37,  2.14s/it]
mIoU: 2.0:  56%|████████████████▎            | 563/1000 [21:39<16:12,  2.23s/it]
mIoU: 2.0:  56%|████████████████▎            | 564/1000 [21:41<17:34,  2.42s/it]
mIoU: 2.0:  56%|████████████████▍            | 565/1000 [21:43<16:15,  2.24s/it]
mIoU: 2.0:  57%|████████████████▍            | 566/1000 [21:45<15:01,  2.08s/it]
mIoU: 2.0:  57%|████████████████▍            | 567/1000 [21:48<16:22,  2.27s/it]
mIoU: 2.0:  57%|████████████████▍            | 568/1000 [21:50<16:43,  2.32s/it]
mIoU: 2.0:  57%|████████████████▌            | 569/1000 [21:51<13:22,  1.86s/it]
mIoU: 2.0:  57%|████████████████▌            | 570/1000 [21:54<16:37,  2.32s/it]
mIoU: 2.0:  57%|████████████████▌            | 571/1000 [21:56<14:40,  2.05s/it]
mIoU: 2.0:  57%|████████████████▌            | 572/1000 [21:57<12:21,  1.73s/it]
mIoU: 2.0:  57%|████████████████▌            | 573/1000 [21:59<13:25,  1.89s/it]
mIoU: 2.0:  57%|████████████████▋            | 574/1000 [22:00<11:55,  1.68s/it]
mIoU: 2.0:  57%|████████████████▋            | 575/1000 [22:01<10:20,  1.46s/it]
mIoU: 2.0:  58%|████████████████▋            | 576/1000 [22:02<09:06,  1.29s/it]
mIoU: 2.0:  58%|████████████████▋            | 577/1000 [22:04<11:23,  1.62s/it]
mIoU: 2.0:  58%|████████████████▊            | 578/1000 [22:07<12:36,  1.79s/it]
mIoU: 2.0:  58%|████████████████▊            | 579/1000 [22:08<12:10,  1.74s/it]
mIoU: 2.0:  58%|████████████████▊            | 580/1000 [22:10<12:15,  1.75s/it]
mIoU: 2.0:  58%|████████████████▊            | 581/1000 [22:12<12:54,  1.85s/it]
mIoU: 2.0:  58%|████████████████▉            | 582/1000 [22:13<12:07,  1.74s/it]
mIoU: 2.0:  58%|████████████████▉            | 583/1000 [22:15<11:14,  1.62s/it]
mIoU: 2.0:  58%|████████████████▉            | 584/1000 [22:16<10:46,  1.55s/it]
mIoU: 2.0:  58%|████████████████▉            | 585/1000 [22:19<12:41,  1.83s/it]
mIoU: 2.0:  59%|████████████████▉            | 586/1000 [22:21<12:43,  1.84s/it]
mIoU: 2.0:  59%|█████████████████            | 587/1000 [22:22<12:43,  1.85s/it]
mIoU: 2.0:  59%|█████████████████            | 588/1000 [22:24<12:01,  1.75s/it]
mIoU: 2.0:  59%|█████████████████            | 589/1000 [22:25<10:52,  1.59s/it]
mIoU: 2.0:  59%|█████████████████            | 590/1000 [22:27<11:41,  1.71s/it]
mIoU: 2.0:  59%|█████████████████▏           | 591/1000 [22:29<12:15,  1.80s/it]
mIoU: 2.0:  59%|█████████████████▏           | 592/1000 [22:33<15:24,  2.26s/it]
mIoU: 2.0:  59%|█████████████████▏           | 593/1000 [22:35<15:17,  2.25s/it]
mIoU: 2.0:  59%|█████████████████▏           | 594/1000 [22:36<13:17,  1.96s/it]
mIoU: 2.0:  60%|█████████████████▎           | 595/1000 [22:37<10:34,  1.57s/it]
mIoU: 2.0:  60%|█████████████████▎           | 596/1000 [22:39<11:21,  1.69s/it]
mIoU: 2.0:  60%|█████████████████▎           | 597/1000 [22:41<12:15,  1.82s/it]
mIoU: 2.0:  60%|█████████████████▎           | 598/1000 [22:44<14:02,  2.10s/it]
mIoU: 2.0:  60%|█████████████████▎           | 599/1000 [22:46<15:31,  2.32s/it]
mIoU: 2.0:  60%|█████████████████▎           | 599/1000 [22:48<15:31,  2.32s/it]
mIoU: 2.0:  60%|█████████████████▍           | 600/1000 [22:48<13:53,  2.08s/it]
mIoU: 2.0:  60%|█████████████████▍           | 601/1000 [22:50<12:58,  1.95s/it]
mIoU: 2.0:  60%|█████████████████▍           | 602/1000 [22:52<13:07,  1.98s/it]
mIoU: 2.0:  60%|█████████████████▍           | 603/1000 [22:56<17:26,  2.64s/it]
mIoU: 2.0:  60%|█████████████████▌           | 604/1000 [22:58<16:24,  2.49s/it]
mIoU: 2.0:  60%|█████████████████▌           | 605/1000 [23:01<16:54,  2.57s/it]
mIoU: 2.0:  61%|█████████████████▌           | 606/1000 [23:04<18:54,  2.88s/it]
mIoU: 2.0:  61%|█████████████████▌           | 607/1000 [23:07<18:42,  2.86s/it]
mIoU: 2.0:  61%|█████████████████▋           | 608/1000 [23:09<17:24,  2.67s/it]
mIoU: 2.0:  61%|█████████████████▋           | 609/1000 [23:11<14:34,  2.24s/it]
mIoU: 2.0:  61%|█████████████████▋           | 610/1000 [23:12<13:59,  2.15s/it]
mIoU: 2.0:  61%|█████████████████▋           | 611/1000 [23:14<13:34,  2.09s/it]
mIoU: 2.0:  61%|█████████████████▋           | 612/1000 [23:17<14:32,  2.25s/it]
mIoU: 2.0:  61%|█████████████████▊           | 613/1000 [23:19<13:26,  2.08s/it]
mIoU: 2.0:  61%|█████████████████▊           | 614/1000 [23:22<15:37,  2.43s/it]
mIoU: 2.0:  62%|█████████████████▊           | 615/1000 [23:24<14:43,  2.29s/it]
mIoU: 2.0:  62%|█████████████████▊           | 616/1000 [23:26<14:12,  2.22s/it]
mIoU: 2.0:  62%|█████████████████▉           | 617/1000 [23:27<11:40,  1.83s/it]
mIoU: 2.0:  62%|█████████████████▉           | 618/1000 [23:29<11:48,  1.86s/it]
mIoU: 2.0:  62%|█████████████████▉           | 619/1000 [23:31<13:04,  2.06s/it]
mIoU: 2.0:  62%|█████████████████▉           | 620/1000 [23:33<13:06,  2.07s/it]
mIoU: 2.0:  62%|██████████████████           | 621/1000 [23:35<12:33,  1.99s/it]
mIoU: 2.0:  62%|██████████████████           | 622/1000 [23:37<11:27,  1.82s/it]
mIoU: 2.0:  62%|██████████████████           | 623/1000 [23:38<10:12,  1.63s/it]
mIoU: 2.0:  62%|██████████████████           | 624/1000 [23:41<13:40,  2.18s/it]
mIoU: 2.0:  62%|██████████████████▏          | 625/1000 [23:42<11:19,  1.81s/it]
mIoU: 2.0:  63%|██████████████████▏          | 626/1000 [23:44<10:33,  1.69s/it]
mIoU: 2.0:  63%|██████████████████▏          | 627/1000 [23:46<11:34,  1.86s/it]
mIoU: 2.0:  63%|██████████████████▏          | 628/1000 [23:48<12:06,  1.95s/it]
mIoU: 2.0:  63%|██████████████████▏          | 629/1000 [23:50<12:48,  2.07s/it]
mIoU: 2.0:  63%|██████████████████▎          | 630/1000 [23:53<13:14,  2.15s/it]
mIoU: 2.0:  63%|██████████████████▎          | 631/1000 [23:54<11:12,  1.82s/it]
mIoU: 2.0:  63%|██████████████████▎          | 632/1000 [23:55<09:50,  1.60s/it]
mIoU: 2.0:  63%|██████████████████▎          | 633/1000 [23:57<10:05,  1.65s/it]
mIoU: 2.0:  63%|██████████████████▍          | 634/1000 [23:58<09:12,  1.51s/it]
mIoU: 2.0:  64%|██████████████████▍          | 635/1000 [24:00<10:13,  1.68s/it]
mIoU: 2.0:  64%|██████████████████▍          | 636/1000 [24:02<11:31,  1.90s/it]
mIoU: 2.0:  64%|██████████████████▍          | 637/1000 [24:04<11:47,  1.95s/it]
mIoU: 2.0:  64%|██████████████████▌          | 638/1000 [24:07<13:18,  2.21s/it]
mIoU: 2.0:  64%|██████████████████▌          | 639/1000 [24:10<13:51,  2.30s/it]
mIoU: 2.0:  64%|██████████████████▌          | 640/1000 [24:11<11:50,  1.97s/it]
mIoU: 2.0:  64%|██████████████████▌          | 641/1000 [24:12<09:56,  1.66s/it]
mIoU: 2.0:  64%|██████████████████▌          | 642/1000 [24:15<11:51,  1.99s/it]
mIoU: 2.0:  64%|██████████████████▋          | 643/1000 [24:17<11:32,  1.94s/it]
mIoU: 2.0:  64%|██████████████████▋          | 644/1000 [24:20<13:31,  2.28s/it]
mIoU: 2.0:  64%|██████████████████▋          | 645/1000 [24:21<12:03,  2.04s/it]
mIoU: 2.0:  65%|██████████████████▋          | 646/1000 [24:23<12:12,  2.07s/it]
mIoU: 2.0:  65%|██████████████████▊          | 647/1000 [24:25<12:31,  2.13s/it]
mIoU: 2.0:  65%|██████████████████▊          | 648/1000 [24:28<12:54,  2.20s/it]
mIoU: 2.0:  65%|██████████████████▊          | 649/1000 [24:30<13:30,  2.31s/it]
mIoU: 1.9:  65%|██████████████████▊          | 649/1000 [24:31<13:30,  2.31s/it]
mIoU: 1.9:  65%|██████████████████▊          | 650/1000 [24:31<10:55,  1.87s/it]
mIoU: 1.9:  65%|██████████████████▉          | 651/1000 [24:33<10:18,  1.77s/it]
mIoU: 1.9:  65%|██████████████████▉          | 652/1000 [24:35<10:25,  1.80s/it]
mIoU: 1.9:  65%|██████████████████▉          | 653/1000 [24:36<09:48,  1.70s/it]
mIoU: 1.9:  65%|██████████████████▉          | 654/1000 [24:38<10:40,  1.85s/it]
mIoU: 1.9:  66%|██████████████████▉          | 655/1000 [24:41<11:37,  2.02s/it]
mIoU: 1.9:  66%|███████████████████          | 656/1000 [24:43<12:23,  2.16s/it]
mIoU: 1.9:  66%|███████████████████          | 657/1000 [24:44<10:32,  1.84s/it]
mIoU: 1.9:  66%|███████████████████          | 658/1000 [24:46<10:47,  1.89s/it]
mIoU: 1.9:  66%|███████████████████          | 659/1000 [24:49<12:07,  2.13s/it]
mIoU: 1.9:  66%|███████████████████▏         | 660/1000 [24:50<10:46,  1.90s/it]
mIoU: 1.9:  66%|███████████████████▏         | 661/1000 [24:53<12:07,  2.14s/it]
mIoU: 1.9:  66%|███████████████████▏         | 662/1000 [24:55<11:35,  2.06s/it]
mIoU: 1.9:  66%|███████████████████▏         | 663/1000 [24:57<11:26,  2.04s/it]
mIoU: 1.9:  66%|███████████████████▎         | 664/1000 [24:59<11:52,  2.12s/it]
mIoU: 1.9:  66%|███████████████████▎         | 665/1000 [25:02<13:35,  2.43s/it]
mIoU: 1.9:  67%|███████████████████▎         | 666/1000 [25:04<11:49,  2.12s/it]
mIoU: 1.9:  67%|███████████████████▎         | 667/1000 [25:06<11:31,  2.08s/it]
mIoU: 1.9:  67%|███████████████████▎         | 668/1000 [25:09<12:55,  2.34s/it]
mIoU: 1.9:  67%|███████████████████▍         | 669/1000 [25:10<11:47,  2.14s/it]
mIoU: 1.9:  67%|███████████████████▍         | 670/1000 [25:12<11:15,  2.05s/it]
mIoU: 1.9:  67%|███████████████████▍         | 671/1000 [25:14<11:07,  2.03s/it]
mIoU: 1.9:  67%|███████████████████▍         | 672/1000 [25:16<11:01,  2.02s/it]
mIoU: 1.9:  67%|███████████████████▌         | 673/1000 [25:19<12:56,  2.37s/it]
mIoU: 1.9:  67%|███████████████████▌         | 674/1000 [25:21<11:49,  2.18s/it]
mIoU: 1.9:  68%|███████████████████▌         | 675/1000 [25:22<09:29,  1.75s/it]
mIoU: 1.9:  68%|███████████████████▌         | 676/1000 [25:25<11:53,  2.20s/it]
mIoU: 1.9:  68%|███████████████████▋         | 677/1000 [25:28<13:40,  2.54s/it]
mIoU: 1.9:  68%|███████████████████▋         | 678/1000 [25:30<11:13,  2.09s/it]
mIoU: 1.9:  68%|███████████████████▋         | 679/1000 [25:31<09:49,  1.84s/it]
mIoU: 1.9:  68%|███████████████████▋         | 680/1000 [25:35<12:51,  2.41s/it]
mIoU: 1.9:  68%|███████████████████▋         | 681/1000 [25:36<11:58,  2.25s/it]
mIoU: 1.9:  68%|███████████████████▊         | 682/1000 [25:39<11:42,  2.21s/it]
mIoU: 1.9:  68%|███████████████████▊         | 683/1000 [25:40<11:16,  2.14s/it]
mIoU: 1.9:  68%|███████████████████▊         | 684/1000 [25:43<11:59,  2.28s/it]
mIoU: 1.9:  68%|███████████████████▊         | 685/1000 [25:44<10:31,  2.01s/it]
mIoU: 1.9:  69%|███████████████████▉         | 686/1000 [25:46<09:23,  1.79s/it]
mIoU: 1.9:  69%|███████████████████▉         | 687/1000 [25:48<10:47,  2.07s/it]
mIoU: 1.9:  69%|███████████████████▉         | 688/1000 [25:51<10:55,  2.10s/it]
mIoU: 1.9:  69%|███████████████████▉         | 689/1000 [25:53<11:49,  2.28s/it]
mIoU: 1.9:  69%|████████████████████         | 690/1000 [25:55<11:07,  2.15s/it]
mIoU: 1.9:  69%|████████████████████         | 691/1000 [25:58<11:37,  2.26s/it]
mIoU: 1.9:  69%|████████████████████         | 692/1000 [26:00<11:16,  2.20s/it]
mIoU: 1.9:  69%|████████████████████         | 693/1000 [26:01<10:32,  2.06s/it]
mIoU: 1.9:  69%|████████████████████▏        | 694/1000 [26:03<09:05,  1.78s/it]
mIoU: 1.9:  70%|████████████████████▏        | 695/1000 [26:04<08:53,  1.75s/it]
mIoU: 1.9:  70%|████████████████████▏        | 696/1000 [26:05<07:52,  1.55s/it]
mIoU: 1.9:  70%|████████████████████▏        | 697/1000 [26:09<10:11,  2.02s/it]
mIoU: 1.9:  70%|████████████████████▏        | 698/1000 [26:10<09:59,  1.99s/it]
mIoU: 1.9:  70%|████████████████████▎        | 699/1000 [26:12<08:56,  1.78s/it]
mIoU: 1.9:  70%|████████████████████▎        | 699/1000 [26:13<08:56,  1.78s/it]
mIoU: 1.9:  70%|████████████████████▎        | 700/1000 [26:13<08:50,  1.77s/it]
mIoU: 1.9:  70%|████████████████████▎        | 701/1000 [26:15<08:33,  1.72s/it]
mIoU: 1.9:  70%|████████████████████▎        | 702/1000 [26:18<10:31,  2.12s/it]
mIoU: 1.9:  70%|████████████████████▍        | 703/1000 [26:20<10:35,  2.14s/it]
mIoU: 1.9:  70%|████████████████████▍        | 704/1000 [26:21<08:58,  1.82s/it]
mIoU: 1.9:  70%|████████████████████▍        | 705/1000 [26:23<08:12,  1.67s/it]
mIoU: 1.9:  71%|████████████████████▍        | 706/1000 [26:25<08:57,  1.83s/it]
mIoU: 1.9:  71%|████████████████████▌        | 707/1000 [26:27<08:56,  1.83s/it]
mIoU: 1.9:  71%|████████████████████▌        | 708/1000 [26:28<08:14,  1.69s/it]
mIoU: 1.9:  71%|████████████████████▌        | 709/1000 [26:31<09:24,  1.94s/it]
mIoU: 1.9:  71%|████████████████████▌        | 710/1000 [26:31<07:44,  1.60s/it]
mIoU: 1.9:  71%|████████████████████▌        | 711/1000 [26:34<09:40,  2.01s/it]
mIoU: 1.9:  71%|████████████████████▋        | 712/1000 [26:37<10:09,  2.12s/it]
mIoU: 1.9:  71%|████████████████████▋        | 713/1000 [26:39<10:39,  2.23s/it]
mIoU: 1.9:  71%|████████████████████▋        | 714/1000 [26:41<09:47,  2.05s/it]
mIoU: 1.9:  72%|████████████████████▋        | 715/1000 [26:42<07:57,  1.68s/it]
mIoU: 1.9:  72%|████████████████████▊        | 716/1000 [26:43<07:27,  1.58s/it]
mIoU: 1.9:  72%|████████████████████▊        | 717/1000 [26:44<07:12,  1.53s/it]
mIoU: 1.9:  72%|████████████████████▊        | 718/1000 [26:46<06:45,  1.44s/it]
mIoU: 1.9:  72%|████████████████████▊        | 719/1000 [26:47<06:43,  1.44s/it]
mIoU: 1.9:  72%|████████████████████▉        | 720/1000 [26:50<08:54,  1.91s/it]
mIoU: 1.9:  72%|████████████████████▉        | 721/1000 [26:52<08:46,  1.89s/it]
mIoU: 1.9:  72%|████████████████████▉        | 722/1000 [26:54<09:32,  2.06s/it]
mIoU: 1.9:  72%|████████████████████▉        | 723/1000 [26:56<08:59,  1.95s/it]
mIoU: 1.9:  72%|████████████████████▉        | 724/1000 [26:59<09:48,  2.13s/it]
mIoU: 1.9:  72%|█████████████████████        | 725/1000 [27:01<09:36,  2.10s/it]
mIoU: 1.9:  73%|█████████████████████        | 726/1000 [27:03<10:07,  2.22s/it]
mIoU: 1.9:  73%|█████████████████████        | 727/1000 [27:05<09:08,  2.01s/it]
mIoU: 1.9:  73%|█████████████████████        | 728/1000 [27:06<07:46,  1.72s/it]
mIoU: 1.9:  73%|█████████████████████▏       | 729/1000 [27:09<09:50,  2.18s/it]
mIoU: 1.9:  73%|█████████████████████▏       | 730/1000 [27:10<08:14,  1.83s/it]
mIoU: 1.9:  73%|█████████████████████▏       | 731/1000 [27:13<09:50,  2.19s/it]
mIoU: 1.9:  73%|█████████████████████▏       | 732/1000 [27:15<09:16,  2.08s/it]
mIoU: 1.9:  73%|█████████████████████▎       | 733/1000 [27:18<10:18,  2.32s/it]
mIoU: 1.9:  73%|█████████████████████▎       | 734/1000 [27:20<09:59,  2.25s/it]
mIoU: 1.9:  74%|█████████████████████▎       | 735/1000 [27:23<11:31,  2.61s/it]
mIoU: 1.9:  74%|█████████████████████▎       | 736/1000 [27:25<10:54,  2.48s/it]
mIoU: 1.9:  74%|█████████████████████▎       | 737/1000 [27:29<12:01,  2.74s/it]
mIoU: 1.9:  74%|█████████████████████▍       | 738/1000 [27:31<10:56,  2.51s/it]
mIoU: 1.9:  74%|█████████████████████▍       | 739/1000 [27:33<10:56,  2.52s/it]
mIoU: 1.9:  74%|█████████████████████▍       | 740/1000 [27:35<09:54,  2.29s/it]
mIoU: 1.9:  74%|█████████████████████▍       | 741/1000 [27:36<08:03,  1.87s/it]
mIoU: 1.9:  74%|█████████████████████▌       | 742/1000 [27:37<07:34,  1.76s/it]
mIoU: 1.9:  74%|█████████████████████▌       | 743/1000 [27:41<09:26,  2.20s/it]
mIoU: 1.9:  74%|█████████████████████▌       | 744/1000 [27:42<08:14,  1.93s/it]
mIoU: 1.9:  74%|█████████████████████▌       | 745/1000 [27:45<10:03,  2.36s/it]
mIoU: 1.9:  75%|█████████████████████▋       | 746/1000 [27:47<08:48,  2.08s/it]
mIoU: 1.9:  75%|█████████████████████▋       | 747/1000 [27:50<10:03,  2.39s/it]
mIoU: 1.9:  75%|█████████████████████▋       | 748/1000 [27:54<12:30,  2.98s/it]
mIoU: 1.9:  75%|█████████████████████▋       | 749/1000 [27:59<14:30,  3.47s/it]
mIoU: 1.9:  75%|█████████████████████▋       | 749/1000 [28:03<14:30,  3.47s/it]
mIoU: 1.9:  75%|█████████████████████▊       | 750/1000 [28:03<14:53,  3.57s/it]
mIoU: 1.9:  75%|█████████████████████▊       | 751/1000 [28:06<14:34,  3.51s/it]
mIoU: 1.9:  75%|█████████████████████▊       | 752/1000 [28:08<12:20,  2.98s/it]
mIoU: 1.9:  75%|█████████████████████▊       | 753/1000 [28:11<12:10,  2.96s/it]
mIoU: 1.9:  75%|█████████████████████▊       | 754/1000 [28:13<10:53,  2.65s/it]
mIoU: 1.9:  76%|█████████████████████▉       | 755/1000 [28:16<11:08,  2.73s/it]
mIoU: 1.9:  76%|█████████████████████▉       | 756/1000 [28:18<10:26,  2.57s/it]
mIoU: 1.9:  76%|█████████████████████▉       | 757/1000 [28:20<09:46,  2.41s/it]
mIoU: 1.9:  76%|█████████████████████▉       | 758/1000 [28:21<08:30,  2.11s/it]
mIoU: 1.9:  76%|██████████████████████       | 759/1000 [28:23<07:38,  1.90s/it]
mIoU: 1.9:  76%|██████████████████████       | 760/1000 [28:24<07:23,  1.85s/it]
mIoU: 1.9:  76%|██████████████████████       | 761/1000 [28:27<08:54,  2.24s/it]
mIoU: 1.9:  76%|██████████████████████       | 762/1000 [28:29<08:18,  2.09s/it]
mIoU: 1.9:  76%|██████████████████████▏      | 763/1000 [28:31<08:25,  2.13s/it]
mIoU: 1.9:  76%|██████████████████████▏      | 764/1000 [28:33<07:50,  1.99s/it]
mIoU: 1.9:  76%|██████████████████████▏      | 765/1000 [28:36<08:58,  2.29s/it]
mIoU: 1.9:  77%|██████████████████████▏      | 766/1000 [28:40<11:09,  2.86s/it]
mIoU: 1.9:  77%|██████████████████████▏      | 767/1000 [28:43<10:27,  2.69s/it]
mIoU: 1.9:  77%|██████████████████████▎      | 768/1000 [28:45<10:00,  2.59s/it]
mIoU: 1.9:  77%|██████████████████████▎      | 769/1000 [28:48<10:30,  2.73s/it]
mIoU: 1.9:  77%|██████████████████████▎      | 770/1000 [28:51<10:47,  2.81s/it]
mIoU: 1.9:  77%|██████████████████████▎      | 771/1000 [28:54<10:59,  2.88s/it]
mIoU: 1.9:  77%|██████████████████████▍      | 772/1000 [28:55<09:19,  2.45s/it]
mIoU: 1.9:  77%|██████████████████████▍      | 773/1000 [28:59<10:32,  2.79s/it]
mIoU: 1.9:  77%|██████████████████████▍      | 774/1000 [29:02<10:35,  2.81s/it]
mIoU: 1.9:  78%|██████████████████████▌      | 776/1000 [29:05<08:20,  2.23s/it]
mIoU: 1.9:  78%|██████████████████████▌      | 777/1000 [29:07<08:36,  2.31s/it]
mIoU: 1.9:  78%|██████████████████████▌      | 778/1000 [29:10<08:32,  2.31s/it]
mIoU: 1.9:  78%|██████████████████████▌      | 779/1000 [29:11<07:37,  2.07s/it]
mIoU: 1.9:  78%|██████████████████████▌      | 780/1000 [29:13<07:18,  1.99s/it]
mIoU: 1.9:  78%|██████████████████████▋      | 781/1000 [29:15<06:51,  1.88s/it]
mIoU: 1.9:  78%|██████████████████████▋      | 782/1000 [29:16<05:37,  1.55s/it]
mIoU: 1.9:  78%|██████████████████████▋      | 783/1000 [29:18<06:44,  1.87s/it]
mIoU: 1.9:  78%|██████████████████████▋      | 784/1000 [29:21<07:21,  2.04s/it]
mIoU: 1.9:  78%|██████████████████████▊      | 785/1000 [29:23<07:54,  2.21s/it]
mIoU: 1.9:  79%|██████████████████████▊      | 786/1000 [29:25<07:10,  2.01s/it]
mIoU: 1.9:  79%|██████████████████████▊      | 787/1000 [29:26<06:35,  1.86s/it]
mIoU: 1.9:  79%|██████████████████████▊      | 788/1000 [29:27<05:46,  1.64s/it]
mIoU: 1.9:  79%|██████████████████████▉      | 789/1000 [29:30<07:04,  2.01s/it]
mIoU: 1.9:  79%|██████████████████████▉      | 791/1000 [29:36<08:45,  2.52s/it]
mIoU: 1.9:  79%|██████████████████████▉      | 792/1000 [29:38<08:15,  2.38s/it]
mIoU: 1.9:  79%|██████████████████████▉      | 793/1000 [29:40<07:47,  2.26s/it]
mIoU: 1.9:  79%|███████████████████████      | 794/1000 [29:41<06:36,  1.92s/it]
mIoU: 1.9:  80%|███████████████████████      | 795/1000 [29:43<06:41,  1.96s/it]
mIoU: 1.9:  80%|███████████████████████      | 796/1000 [29:47<08:40,  2.55s/it]
mIoU: 1.9:  80%|███████████████████████      | 797/1000 [29:49<08:05,  2.39s/it]
mIoU: 1.9:  80%|███████████████████████▏     | 798/1000 [29:51<07:57,  2.36s/it]
mIoU: 1.9:  80%|███████████████████████▏     | 799/1000 [29:53<07:32,  2.25s/it]
mIoU: 1.8:  80%|███████████████████████▏     | 799/1000 [29:56<07:32,  2.25s/it]
mIoU: 1.8:  80%|███████████████████████▏     | 800/1000 [29:56<08:09,  2.45s/it]
mIoU: 1.8:  80%|███████████████████████▏     | 801/1000 [29:59<08:28,  2.56s/it]
mIoU: 1.8:  80%|███████████████████████▎     | 802/1000 [30:00<07:03,  2.14s/it]
mIoU: 1.8:  80%|███████████████████████▎     | 803/1000 [30:02<06:50,  2.08s/it]
mIoU: 1.8:  80%|███████████████████████▎     | 804/1000 [30:05<07:30,  2.30s/it]
mIoU: 1.8:  80%|███████████████████████▎     | 805/1000 [30:07<07:31,  2.32s/it]
mIoU: 1.8:  81%|███████████████████████▎     | 806/1000 [30:09<07:13,  2.23s/it]
mIoU: 1.8:  81%|███████████████████████▍     | 807/1000 [30:12<07:34,  2.36s/it]
mIoU: 1.8:  81%|███████████████████████▍     | 808/1000 [30:14<07:36,  2.38s/it]
mIoU: 1.8:  81%|███████████████████████▍     | 809/1000 [30:16<06:39,  2.09s/it]
mIoU: 1.8:  81%|███████████████████████▍     | 810/1000 [30:20<08:47,  2.78s/it]
mIoU: 1.8:  81%|███████████████████████▌     | 812/1000 [30:26<08:57,  2.86s/it]
mIoU: 1.8:  81%|███████████████████████▌     | 813/1000 [30:27<07:05,  2.28s/it]
mIoU: 1.8:  81%|███████████████████████▌     | 814/1000 [30:29<06:35,  2.13s/it]
mIoU: 1.8:  82%|███████████████████████▋     | 815/1000 [30:31<06:30,  2.11s/it]
mIoU: 1.8:  82%|███████████████████████▋     | 816/1000 [30:33<06:05,  1.99s/it]
mIoU: 1.8:  82%|███████████████████████▋     | 817/1000 [30:37<07:57,  2.61s/it]
mIoU: 1.8:  82%|███████████████████████▋     | 818/1000 [30:40<08:31,  2.81s/it]
mIoU: 1.8:  82%|███████████████████████▊     | 819/1000 [30:43<08:44,  2.90s/it]
mIoU: 1.8:  82%|███████████████████████▊     | 820/1000 [30:44<07:11,  2.40s/it]
mIoU: 1.8:  82%|███████████████████████▊     | 821/1000 [30:48<08:09,  2.74s/it]
mIoU: 1.8:  82%|███████████████████████▊     | 822/1000 [30:50<07:27,  2.51s/it]
mIoU: 1.8:  82%|███████████████████████▊     | 823/1000 [30:52<07:08,  2.42s/it]
mIoU: 1.8:  82%|███████████████████████▉     | 824/1000 [30:54<06:24,  2.18s/it]
mIoU: 1.8:  82%|███████████████████████▉     | 825/1000 [30:56<06:55,  2.38s/it]
mIoU: 1.8:  83%|███████████████████████▉     | 826/1000 [31:00<07:34,  2.61s/it]
mIoU: 1.8:  83%|███████████████████████▉     | 827/1000 [31:01<06:49,  2.36s/it]
mIoU: 1.8:  83%|████████████████████████     | 828/1000 [31:05<07:30,  2.62s/it]
mIoU: 1.8:  83%|████████████████████████     | 829/1000 [31:06<06:45,  2.37s/it]
mIoU: 1.8:  83%|████████████████████████     | 830/1000 [31:09<06:55,  2.44s/it]
mIoU: 1.8:  83%|████████████████████████     | 831/1000 [31:10<05:51,  2.08s/it]
mIoU: 1.8:  83%|████████████████████████▏    | 832/1000 [31:12<05:52,  2.10s/it]
mIoU: 1.8:  83%|████████████████████████▏    | 833/1000 [31:14<05:49,  2.10s/it]
mIoU: 1.8:  83%|████████████████████████▏    | 834/1000 [31:17<05:55,  2.14s/it]
mIoU: 1.8:  84%|████████████████████████▏    | 835/1000 [31:19<05:44,  2.09s/it]
mIoU: 1.8:  84%|████████████████████████▏    | 836/1000 [31:20<05:29,  2.01s/it]
mIoU: 1.8:  84%|████████████████████████▎    | 837/1000 [31:23<05:37,  2.07s/it]
mIoU: 1.8:  84%|████████████████████████▎    | 838/1000 [31:24<04:55,  1.82s/it]
mIoU: 1.8:  84%|████████████████████████▎    | 839/1000 [31:26<04:48,  1.79s/it]
mIoU: 1.8:  84%|████████████████████████▎    | 840/1000 [31:28<05:01,  1.88s/it]
mIoU: 1.8:  84%|████████████████████████▍    | 841/1000 [31:31<06:09,  2.32s/it]
mIoU: 1.8:  84%|████████████████████████▍    | 842/1000 [31:33<05:37,  2.14s/it]
mIoU: 1.8:  84%|████████████████████████▍    | 843/1000 [31:35<05:41,  2.17s/it]
mIoU: 1.8:  84%|████████████████████████▍    | 844/1000 [31:38<06:04,  2.34s/it]
mIoU: 1.8:  84%|████████████████████████▌    | 845/1000 [31:39<05:26,  2.11s/it]
mIoU: 1.8:  85%|████████████████████████▌    | 846/1000 [31:42<05:49,  2.27s/it]
mIoU: 1.8:  85%|████████████████████████▌    | 847/1000 [31:44<05:58,  2.34s/it]
mIoU: 1.8:  85%|████████████████████████▌    | 848/1000 [31:48<06:29,  2.56s/it]
mIoU: 1.8:  85%|████████████████████████▌    | 849/1000 [31:50<06:31,  2.60s/it]
mIoU: 1.8:  85%|████████████████████████▌    | 849/1000 [31:53<06:31,  2.60s/it]
mIoU: 1.8:  85%|████████████████████████▋    | 850/1000 [31:53<06:34,  2.63s/it]
mIoU: 1.8:  85%|████████████████████████▋    | 851/1000 [31:55<06:26,  2.59s/it]
mIoU: 1.8:  85%|████████████████████████▋    | 852/1000 [31:57<05:51,  2.37s/it]
mIoU: 1.8:  85%|████████████████████████▋    | 853/1000 [31:58<04:42,  1.92s/it]
mIoU: 1.8:  85%|████████████████████████▊    | 854/1000 [32:00<04:33,  1.87s/it]
mIoU: 1.8:  86%|████████████████████████▊    | 855/1000 [32:04<05:45,  2.39s/it]
mIoU: 1.8:  86%|████████████████████████▊    | 856/1000 [32:07<06:23,  2.66s/it]
mIoU: 1.8:  86%|████████████████████████▊    | 857/1000 [32:09<06:00,  2.52s/it]
mIoU: 1.8:  86%|████████████████████████▉    | 858/1000 [32:11<05:32,  2.34s/it]
mIoU: 1.8:  86%|████████████████████████▉    | 859/1000 [32:13<05:36,  2.39s/it]
mIoU: 1.8:  86%|████████████████████████▉    | 860/1000 [32:14<04:34,  1.96s/it]
mIoU: 1.8:  86%|████████████████████████▉    | 861/1000 [32:16<04:35,  1.98s/it]
mIoU: 1.8:  86%|████████████████████████▉    | 862/1000 [32:18<04:11,  1.82s/it]
mIoU: 1.8:  86%|█████████████████████████    | 863/1000 [32:21<04:50,  2.12s/it]
mIoU: 1.8:  86%|█████████████████████████    | 864/1000 [32:23<05:07,  2.26s/it]
mIoU: 1.8:  86%|█████████████████████████    | 865/1000 [32:26<05:15,  2.33s/it]
mIoU: 1.8:  87%|█████████████████████████    | 866/1000 [32:28<05:03,  2.27s/it]
mIoU: 1.8:  87%|█████████████████████████▏   | 867/1000 [32:31<05:39,  2.55s/it]
mIoU: 1.8:  87%|█████████████████████████▏   | 868/1000 [32:33<05:01,  2.28s/it]
mIoU: 1.8:  87%|█████████████████████████▏   | 869/1000 [32:34<04:11,  1.92s/it]
mIoU: 1.8:  87%|█████████████████████████▏   | 870/1000 [32:36<04:33,  2.10s/it]
mIoU: 1.8:  87%|█████████████████████████▎   | 871/1000 [32:38<04:30,  2.10s/it]
mIoU: 1.8:  87%|█████████████████████████▎   | 872/1000 [32:41<04:33,  2.14s/it]
mIoU: 1.8:  87%|█████████████████████████▎   | 873/1000 [32:42<04:08,  1.96s/it]
mIoU: 1.8:  87%|█████████████████████████▎   | 874/1000 [32:45<04:38,  2.21s/it]
mIoU: 1.8:  88%|█████████████████████████▍   | 875/1000 [32:47<04:34,  2.19s/it]
mIoU: 1.8:  88%|█████████████████████████▍   | 876/1000 [32:50<04:41,  2.27s/it]
mIoU: 1.8:  88%|█████████████████████████▍   | 877/1000 [32:52<04:48,  2.35s/it]
mIoU: 1.8:  88%|█████████████████████████▍   | 878/1000 [32:55<04:59,  2.45s/it]
mIoU: 1.8:  88%|█████████████████████████▍   | 879/1000 [32:57<04:37,  2.29s/it]
mIoU: 1.8:  88%|█████████████████████████▌   | 880/1000 [32:58<04:09,  2.08s/it]
mIoU: 1.8:  88%|█████████████████████████▌   | 881/1000 [33:00<04:09,  2.10s/it]
mIoU: 1.8:  88%|█████████████████████████▌   | 882/1000 [33:02<04:03,  2.06s/it]
mIoU: 1.8:  88%|█████████████████████████▌   | 883/1000 [33:05<04:10,  2.14s/it]
mIoU: 1.8:  88%|█████████████████████████▋   | 884/1000 [33:06<03:40,  1.90s/it]
mIoU: 1.8:  88%|█████████████████████████▋   | 885/1000 [33:08<03:25,  1.79s/it]
mIoU: 1.8:  89%|█████████████████████████▋   | 886/1000 [33:09<03:01,  1.60s/it]
mIoU: 1.8:  89%|█████████████████████████▋   | 887/1000 [33:10<02:56,  1.57s/it]
mIoU: 1.8:  89%|█████████████████████████▊   | 888/1000 [33:11<02:28,  1.33s/it]
mIoU: 1.8:  89%|█████████████████████████▊   | 889/1000 [33:14<03:09,  1.71s/it]
mIoU: 1.8:  89%|█████████████████████████▊   | 890/1000 [33:16<03:15,  1.78s/it]
mIoU: 1.8:  89%|█████████████████████████▊   | 891/1000 [33:17<02:59,  1.65s/it]
mIoU: 1.8:  89%|█████████████████████████▊   | 892/1000 [33:19<03:00,  1.67s/it]
mIoU: 1.8:  89%|█████████████████████████▉   | 893/1000 [33:21<03:05,  1.74s/it]
mIoU: 1.8:  89%|█████████████████████████▉   | 894/1000 [33:23<03:16,  1.85s/it]
mIoU: 1.8:  90%|█████████████████████████▉   | 895/1000 [33:25<03:18,  1.89s/it]
mIoU: 1.8:  90%|█████████████████████████▉   | 896/1000 [33:27<03:14,  1.87s/it]
mIoU: 1.8:  90%|██████████████████████████   | 897/1000 [33:29<03:27,  2.01s/it]
mIoU: 1.8:  90%|██████████████████████████   | 898/1000 [33:30<02:55,  1.72s/it]
mIoU: 1.8:  90%|██████████████████████████   | 899/1000 [33:31<02:40,  1.59s/it]
mIoU: 1.8:  90%|██████████████████████████   | 899/1000 [33:34<02:40,  1.59s/it]
mIoU: 1.8:  90%|██████████████████████████   | 900/1000 [33:34<03:26,  2.06s/it]
mIoU: 1.8:  90%|██████████████████████████▏  | 901/1000 [33:36<03:02,  1.85s/it]
mIoU: 1.8:  90%|██████████████████████████▏  | 902/1000 [33:37<02:51,  1.75s/it]
mIoU: 1.8:  90%|██████████████████████████▏  | 903/1000 [33:39<02:39,  1.64s/it]
mIoU: 1.8:  90%|██████████████████████████▏  | 904/1000 [33:40<02:29,  1.56s/it]
mIoU: 1.8:  90%|██████████████████████████▏  | 905/1000 [33:42<02:31,  1.59s/it]
mIoU: 1.8:  91%|██████████████████████████▎  | 906/1000 [33:43<02:27,  1.57s/it]
mIoU: 1.8:  91%|██████████████████████████▎  | 907/1000 [33:46<02:48,  1.81s/it]
mIoU: 1.8:  91%|██████████████████████████▎  | 908/1000 [33:46<02:18,  1.50s/it]
mIoU: 1.8:  91%|██████████████████████████▎  | 909/1000 [33:48<02:21,  1.56s/it]
mIoU: 1.8:  91%|██████████████████████████▍  | 910/1000 [33:50<02:24,  1.60s/it]
mIoU: 1.8:  91%|██████████████████████████▍  | 911/1000 [33:51<02:24,  1.63s/it]
mIoU: 1.8:  91%|██████████████████████████▍  | 912/1000 [33:52<02:06,  1.44s/it]
mIoU: 1.8:  91%|██████████████████████████▍  | 913/1000 [33:54<02:01,  1.40s/it]
mIoU: 1.8:  91%|██████████████████████████▌  | 914/1000 [33:54<01:39,  1.15s/it]
mIoU: 1.8:  92%|██████████████████████████▌  | 915/1000 [33:55<01:34,  1.12s/it]
mIoU: 1.8:  92%|██████████████████████████▌  | 916/1000 [33:56<01:25,  1.01s/it]
mIoU: 1.8:  92%|██████████████████████████▌  | 917/1000 [33:57<01:16,  1.09it/s]
mIoU: 1.8:  92%|██████████████████████████▌  | 918/1000 [33:57<01:07,  1.21it/s]
mIoU: 1.8:  92%|██████████████████████████▋  | 919/1000 [33:58<01:02,  1.30it/s]
mIoU: 1.8:  92%|██████████████████████████▋  | 920/1000 [33:59<00:57,  1.40it/s]
mIoU: 1.8:  92%|██████████████████████████▋  | 921/1000 [33:59<00:59,  1.33it/s]
mIoU: 1.8:  92%|██████████████████████████▋  | 922/1000 [34:00<01:03,  1.22it/s]
mIoU: 1.8:  92%|██████████████████████████▊  | 923/1000 [34:02<01:09,  1.10it/s]
mIoU: 1.8:  92%|██████████████████████████▊  | 924/1000 [34:02<01:02,  1.21it/s]
mIoU: 1.8:  92%|██████████████████████████▊  | 925/1000 [34:03<01:01,  1.21it/s]
mIoU: 1.8:  93%|██████████████████████████▊  | 926/1000 [34:04<00:58,  1.26it/s]
mIoU: 1.8:  93%|██████████████████████████▉  | 927/1000 [34:04<00:53,  1.36it/s]
mIoU: 1.8:  93%|██████████████████████████▉  | 928/1000 [34:05<00:52,  1.36it/s]
mIoU: 1.8:  93%|██████████████████████████▉  | 929/1000 [34:06<00:50,  1.41it/s]
mIoU: 1.8:  93%|██████████████████████████▉  | 930/1000 [34:06<00:50,  1.39it/s]
mIoU: 1.8:  93%|██████████████████████████▉  | 931/1000 [34:08<01:01,  1.12it/s]
mIoU: 1.8:  93%|███████████████████████████  | 932/1000 [34:08<00:56,  1.21it/s]
mIoU: 1.8:  93%|███████████████████████████  | 933/1000 [34:09<00:51,  1.31it/s]
mIoU: 1.8:  93%|███████████████████████████  | 934/1000 [34:10<00:50,  1.31it/s]
mIoU: 1.8:  94%|███████████████████████████  | 935/1000 [34:10<00:47,  1.38it/s]
mIoU: 1.8:  94%|███████████████████████████▏ | 936/1000 [34:11<00:45,  1.41it/s]
mIoU: 1.8:  94%|███████████████████████████▏ | 937/1000 [34:12<00:42,  1.48it/s]
mIoU: 1.8:  94%|███████████████████████████▏ | 938/1000 [34:13<00:45,  1.35it/s]
mIoU: 1.8:  94%|███████████████████████████▏ | 939/1000 [34:13<00:47,  1.27it/s]
mIoU: 1.8:  94%|███████████████████████████▎ | 940/1000 [34:14<00:44,  1.36it/s]
mIoU: 1.8:  94%|███████████████████████████▎ | 941/1000 [34:15<00:42,  1.39it/s]
mIoU: 1.8:  94%|███████████████████████████▎ | 942/1000 [34:15<00:41,  1.40it/s]
mIoU: 1.8:  94%|███████████████████████████▎ | 943/1000 [34:16<00:40,  1.42it/s]
mIoU: 1.8:  94%|███████████████████████████▍ | 944/1000 [34:17<00:42,  1.33it/s]
mIoU: 1.8:  94%|███████████████████████████▍ | 945/1000 [34:18<00:39,  1.41it/s]
mIoU: 1.8:  95%|███████████████████████████▍ | 946/1000 [34:18<00:40,  1.35it/s]
mIoU: 1.8:  95%|███████████████████████████▍ | 947/1000 [34:19<00:41,  1.28it/s]
mIoU: 1.8:  95%|███████████████████████████▍ | 948/1000 [34:20<00:38,  1.37it/s]
mIoU: 1.8:  95%|███████████████████████████▌ | 949/1000 [34:21<00:39,  1.30it/s]
mIoU: 1.8:  95%|███████████████████████████▌ | 949/1000 [34:21<00:39,  1.30it/s]
mIoU: 1.8:  95%|███████████████████████████▌ | 950/1000 [34:21<00:36,  1.36it/s]
mIoU: 1.8:  95%|███████████████████████████▌ | 951/1000 [34:22<00:36,  1.33it/s]
mIoU: 1.8:  95%|███████████████████████████▌ | 952/1000 [34:23<00:35,  1.35it/s]
mIoU: 1.8:  95%|███████████████████████████▋ | 953/1000 [34:24<00:33,  1.39it/s]
mIoU: 1.8:  95%|███████████████████████████▋ | 954/1000 [34:25<00:39,  1.17it/s]
mIoU: 1.8:  96%|███████████████████████████▋ | 955/1000 [34:25<00:35,  1.26it/s]
mIoU: 1.8:  96%|███████████████████████████▋ | 956/1000 [34:26<00:31,  1.38it/s]
mIoU: 1.8:  96%|███████████████████████████▊ | 957/1000 [34:27<00:29,  1.44it/s]
mIoU: 1.8:  96%|███████████████████████████▊ | 958/1000 [34:27<00:30,  1.40it/s]
mIoU: 1.8:  96%|███████████████████████████▊ | 959/1000 [34:28<00:28,  1.44it/s]
mIoU: 1.8:  96%|███████████████████████████▊ | 960/1000 [34:29<00:26,  1.49it/s]
mIoU: 1.8:  96%|███████████████████████████▊ | 961/1000 [34:29<00:25,  1.50it/s]
mIoU: 1.8:  96%|███████████████████████████▉ | 962/1000 [34:30<00:28,  1.35it/s]
mIoU: 1.8:  96%|███████████████████████████▉ | 963/1000 [34:31<00:30,  1.20it/s]
mIoU: 1.8:  96%|███████████████████████████▉ | 964/1000 [34:32<00:29,  1.21it/s]
mIoU: 1.8:  96%|███████████████████████████▉ | 965/1000 [34:33<00:28,  1.21it/s]
mIoU: 1.8:  97%|████████████████████████████ | 966/1000 [34:34<00:27,  1.22it/s]
mIoU: 1.8:  97%|████████████████████████████ | 967/1000 [34:34<00:26,  1.26it/s]
mIoU: 1.8:  97%|████████████████████████████ | 968/1000 [34:35<00:24,  1.30it/s]
mIoU: 1.8:  97%|████████████████████████████ | 969/1000 [34:36<00:23,  1.32it/s]
mIoU: 1.8:  97%|████████████████████████████▏| 970/1000 [34:37<00:23,  1.30it/s]
mIoU: 1.8:  97%|████████████████████████████▏| 971/1000 [34:38<00:25,  1.12it/s]
mIoU: 1.8:  97%|████████████████████████████▏| 972/1000 [34:39<00:26,  1.07it/s]
mIoU: 1.8:  97%|████████████████████████████▏| 973/1000 [34:40<00:23,  1.13it/s]
mIoU: 1.8:  97%|████████████████████████████▏| 974/1000 [34:41<00:23,  1.09it/s]
mIoU: 1.8:  98%|████████████████████████████▎| 975/1000 [34:41<00:22,  1.13it/s]
mIoU: 1.8:  98%|████████████████████████████▎| 976/1000 [34:42<00:19,  1.22it/s]
mIoU: 1.8:  98%|████████████████████████████▎| 977/1000 [34:43<00:17,  1.33it/s]
mIoU: 1.8:  98%|████████████████████████████▎| 978/1000 [34:44<00:19,  1.12it/s]
mIoU: 1.8:  98%|████████████████████████████▍| 979/1000 [34:45<00:20,  1.02it/s]
mIoU: 1.8:  98%|████████████████████████████▍| 980/1000 [34:46<00:19,  1.02it/s]
mIoU: 1.8:  98%|████████████████████████████▍| 981/1000 [34:47<00:17,  1.08it/s]
mIoU: 1.8:  98%|████████████████████████████▍| 982/1000 [34:48<00:16,  1.07it/s]
mIoU: 1.8:  98%|████████████████████████████▌| 983/1000 [34:48<00:14,  1.20it/s]
mIoU: 1.8:  98%|████████████████████████████▌| 984/1000 [34:49<00:12,  1.30it/s]
mIoU: 1.8:  98%|████████████████████████████▌| 985/1000 [34:50<00:12,  1.23it/s]
mIoU: 1.8:  99%|████████████████████████████▌| 986/1000 [34:52<00:14,  1.07s/it]
mIoU: 1.8:  99%|████████████████████████████▌| 987/1000 [34:52<00:12,  1.01it/s]
mIoU: 1.8:  99%|████████████████████████████▋| 988/1000 [34:53<00:11,  1.01it/s]
mIoU: 1.8:  99%|████████████████████████████▋| 989/1000 [34:54<00:10,  1.03it/s]
mIoU: 1.8:  99%|████████████████████████████▋| 990/1000 [34:55<00:08,  1.12it/s]
mIoU: 1.8:  99%|████████████████████████████▋| 991/1000 [34:56<00:08,  1.11it/s]
mIoU: 1.8:  99%|████████████████████████████▊| 992/1000 [34:57<00:07,  1.01it/s]
mIoU: 1.8:  99%|████████████████████████████▊| 993/1000 [34:58<00:06,  1.12it/s]
mIoU: 1.8:  99%|████████████████████████████▊| 994/1000 [34:59<00:04,  1.21it/s]
mIoU: 1.8: 100%|████████████████████████████▊| 995/1000 [34:59<00:03,  1.31it/s]
mIoU: 1.8: 100%|████████████████████████████▉| 996/1000 [35:00<00:02,  1.36it/s]
mIoU: 1.8: 100%|████████████████████████████▉| 997/1000 [35:01<00:02,  1.24it/s]
mIoU: 1.8: 100%|████████████████████████████▉| 998/1000 [35:01<00:01,  1.34it/s]
mIoU: 1.8: 100%|████████████████████████████▉| 999/1000 [35:02<00:00,  1.19it/s]
mIoU: 1.7: 100%|████████████████████████████▉| 999/1000 [35:04<00:00,  1.19it/s]
mIoU: 1.7: 100%|████████████████████████████| 1000/1000 [35:04<00:00,  1.02it/s]
mIoU: 1.7: 100%|████████████████████████████| 1000/1000 [35:04<00:00,  2.10s/it]
mIoU = 1.7
Total inference time: 2105.3s
