nohup: ignoring input
Namespace(model_size='large', image_size=1024, crf_mask_refinement=False, crf_size=640, shots=1, svd_comps=500, tau=0.6, merge_thresh=0.2, dataset='isaid_new', data_root='/data/lky/data/rs_seg/', fold=0, output_dir='output/sliding_pa_test1000_0718_1842', exp_name='sliding_pa_test1000', device='cuda', seed=0, num_episodes=1000, num_workers=0, sliding_windows=True, sliding_windows_crop=256, sliding_windows_stride=128, key_value_extension=False, proxy_anchor=True, dynamic_normalization=False, spar=False, rho=0.6, t=2, lambda1=0.3, lambda2=30.0)
Parameters: 303,154,176
Start inference
[DatasetISAIDNew] Loaded classwise metadata from /data/lky/data/rs_seg/iSAID/classwise_metadata.pkl
[DatasetISAIDNew] 1000 episodes, 15 classes
  0%|                                                  | 0/1000 [00:00<?, ?it/s]
  0%|                                          | 1/1000 [00:01<27:44,  1.67s/it]
  0%|                                          | 2/1000 [00:02<23:02,  1.39s/it]
  0%|▏                                         | 3/1000 [00:04<22:47,  1.37s/it]
  0%|▏                                         | 4/1000 [00:05<19:57,  1.20s/it]
  0%|▏                                         | 5/1000 [00:06<19:00,  1.15s/it]
  1%|▎                                         | 6/1000 [00:06<16:56,  1.02s/it]
  1%|▎                                         | 7/1000 [00:07<16:39,  1.01s/it]
  1%|▎                                         | 8/1000 [00:08<14:55,  1.11it/s]
  1%|▍                                         | 9/1000 [00:09<14:24,  1.15it/s]
  1%|▍                                        | 10/1000 [00:10<16:16,  1.01it/s]
  1%|▍                                        | 11/1000 [00:11<16:14,  1.01it/s]
  1%|▍                                        | 12/1000 [00:12<16:28,  1.00s/it]
  1%|▌                                        | 13/1000 [00:13<15:07,  1.09it/s]
  1%|▌                                        | 14/1000 [00:14<13:51,  1.19it/s]
  2%|▌                                        | 15/1000 [00:15<14:55,  1.10it/s]
  2%|▋                                        | 16/1000 [00:15<13:41,  1.20it/s]
  2%|▋                                        | 17/1000 [00:17<17:24,  1.06s/it]
  2%|▋                                        | 18/1000 [00:18<15:39,  1.05it/s]
  2%|▊                                        | 19/1000 [00:19<15:54,  1.03it/s]
  2%|▊                                        | 20/1000 [00:19<15:15,  1.07it/s]
  2%|▊                                        | 21/1000 [00:21<15:45,  1.03it/s]
  2%|▉                                        | 22/1000 [00:21<14:56,  1.09it/s]
  2%|▉                                        | 23/1000 [00:22<13:18,  1.22it/s]
  2%|▉                                        | 24/1000 [00:23<12:11,  1.33it/s]
  2%|█                                        | 25/1000 [00:24<13:57,  1.16it/s]
  3%|█                                        | 26/1000 [00:25<14:48,  1.10it/s]
  3%|█                                        | 27/1000 [00:26<16:43,  1.03s/it]
  3%|█▏                                       | 28/1000 [00:27<14:46,  1.10it/s]
  3%|█▏                                       | 29/1000 [00:27<14:02,  1.15it/s]
  3%|█▏                                       | 30/1000 [00:29<16:27,  1.02s/it]
  3%|█▎                                       | 31/1000 [00:30<18:43,  1.16s/it]
  3%|█▎                                       | 32/1000 [00:31<17:03,  1.06s/it]
  3%|█▎                                       | 33/1000 [00:33<20:35,  1.28s/it]
  3%|█▍                                       | 34/1000 [00:34<20:05,  1.25s/it]
  4%|█▍                                       | 35/1000 [00:36<21:36,  1.34s/it]
  4%|█▍                                       | 36/1000 [00:36<18:32,  1.15s/it]
  4%|█▌                                       | 37/1000 [00:37<17:01,  1.06s/it]
  4%|█▌                                       | 38/1000 [00:39<22:42,  1.42s/it]
  4%|█▌                                       | 39/1000 [00:40<19:15,  1.20s/it]
  4%|█▋                                       | 40/1000 [00:41<20:02,  1.25s/it]
  4%|█▋                                       | 41/1000 [00:43<19:18,  1.21s/it]
  4%|█▋                                       | 42/1000 [00:44<19:44,  1.24s/it]
  4%|█▊                                       | 43/1000 [00:45<17:53,  1.12s/it]
  4%|█▊                                       | 44/1000 [00:47<21:20,  1.34s/it]
  4%|█▊                                       | 45/1000 [00:48<22:47,  1.43s/it]
  5%|█▉                                       | 46/1000 [00:50<22:55,  1.44s/it]
  5%|█▉                                       | 47/1000 [00:51<20:33,  1.29s/it]
  5%|█▉                                       | 48/1000 [00:52<19:29,  1.23s/it]
  5%|██                                       | 49/1000 [00:54<24:14,  1.53s/it]
mIoU: 0.0:   5%|█▍                            | 49/1000 [00:56<24:14,  1.53s/it]
mIoU: 0.0:   5%|█▌                            | 50/1000 [00:56<28:40,  1.81s/it]
mIoU: 0.0:   5%|█▌                            | 51/1000 [00:59<32:15,  2.04s/it]
mIoU: 0.0:   5%|█▌                            | 52/1000 [01:01<33:42,  2.13s/it]
mIoU: 0.0:   5%|█▌                            | 53/1000 [01:02<28:27,  1.80s/it]
mIoU: 0.0:   5%|█▌                            | 54/1000 [01:04<25:21,  1.61s/it]
mIoU: 0.0:   6%|█▋                            | 55/1000 [01:06<27:33,  1.75s/it]
mIoU: 0.0:   6%|█▋                            | 56/1000 [01:07<27:50,  1.77s/it]
mIoU: 0.0:   6%|█▋                            | 57/1000 [01:09<27:55,  1.78s/it]
mIoU: 0.0:   6%|█▋                            | 58/1000 [01:11<27:14,  1.73s/it]
mIoU: 0.0:   6%|█▊                            | 59/1000 [01:12<26:26,  1.69s/it]
mIoU: 0.0:   6%|█▊                            | 60/1000 [01:15<30:58,  1.98s/it]
mIoU: 0.0:   6%|█▊                            | 61/1000 [01:16<26:51,  1.72s/it]
mIoU: 0.0:   6%|█▊                            | 62/1000 [01:19<30:21,  1.94s/it]
mIoU: 0.0:   6%|█▉                            | 63/1000 [01:20<27:23,  1.75s/it]
mIoU: 0.0:   6%|█▉                            | 64/1000 [01:23<31:27,  2.02s/it]
mIoU: 0.0:   6%|█▉                            | 65/1000 [01:24<30:20,  1.95s/it]
mIoU: 0.0:   7%|█▉                            | 66/1000 [01:26<29:19,  1.88s/it]
mIoU: 0.0:   7%|██                            | 67/1000 [01:28<28:18,  1.82s/it]
mIoU: 0.0:   7%|██                            | 68/1000 [01:29<24:06,  1.55s/it]
mIoU: 0.0:   7%|██                            | 69/1000 [01:31<27:05,  1.75s/it]
mIoU: 0.0:   7%|██                            | 70/1000 [01:33<27:53,  1.80s/it]
mIoU: 0.0:   7%|██▏                           | 71/1000 [01:35<28:37,  1.85s/it]
mIoU: 0.0:   7%|██▏                           | 72/1000 [01:37<30:48,  1.99s/it]
mIoU: 0.0:   7%|██▏                           | 73/1000 [01:38<24:59,  1.62s/it]
mIoU: 0.0:   7%|██▏                           | 74/1000 [01:39<21:55,  1.42s/it]
mIoU: 0.0:   8%|██▎                           | 75/1000 [01:41<26:15,  1.70s/it]
mIoU: 0.0:   8%|██▎                           | 76/1000 [01:42<22:58,  1.49s/it]
mIoU: 0.0:   8%|██▎                           | 77/1000 [01:45<30:33,  1.99s/it]
mIoU: 0.0:   8%|██▎                           | 78/1000 [01:46<26:21,  1.71s/it]
mIoU: 0.0:   8%|██▎                           | 79/1000 [01:50<35:04,  2.28s/it]
mIoU: 0.0:   8%|██▍                           | 80/1000 [01:52<35:53,  2.34s/it]
mIoU: 0.0:   8%|██▍                           | 81/1000 [01:55<35:33,  2.32s/it]
mIoU: 0.0:   8%|██▍                           | 82/1000 [01:58<41:26,  2.71s/it]
mIoU: 0.0:   8%|██▍                           | 83/1000 [02:02<43:32,  2.85s/it]
mIoU: 0.0:   8%|██▌                           | 84/1000 [02:04<43:11,  2.83s/it]
mIoU: 0.0:   8%|██▌                           | 85/1000 [02:07<40:17,  2.64s/it]
mIoU: 0.0:   9%|██▌                           | 86/1000 [02:08<36:09,  2.37s/it]
mIoU: 0.0:   9%|██▌                           | 87/1000 [02:09<28:59,  1.91s/it]
mIoU: 0.0:   9%|██▋                           | 88/1000 [02:10<24:26,  1.61s/it]
mIoU: 0.0:   9%|██▋                           | 89/1000 [02:11<23:44,  1.56s/it]
mIoU: 0.0:   9%|██▋                           | 90/1000 [02:13<21:30,  1.42s/it]
mIoU: 0.0:   9%|██▋                           | 91/1000 [02:15<26:50,  1.77s/it]
mIoU: 0.0:   9%|██▊                           | 92/1000 [02:18<30:07,  1.99s/it]
mIoU: 0.0:   9%|██▊                           | 93/1000 [02:19<27:36,  1.83s/it]
mIoU: 0.0:   9%|██▊                           | 94/1000 [02:21<29:43,  1.97s/it]
mIoU: 0.0:  10%|██▊                           | 95/1000 [02:24<32:27,  2.15s/it]
mIoU: 0.0:  10%|██▉                           | 96/1000 [02:27<34:08,  2.27s/it]
mIoU: 0.0:  10%|██▉                           | 97/1000 [02:28<29:10,  1.94s/it]
mIoU: 0.0:  10%|██▉                           | 98/1000 [02:30<30:59,  2.06s/it]
mIoU: 0.0:  10%|██▉                           | 99/1000 [02:31<26:10,  1.74s/it]
mIoU: 0.5:  10%|██▉                           | 99/1000 [02:33<26:10,  1.74s/it]
mIoU: 0.5:  10%|██▉                          | 100/1000 [02:33<27:38,  1.84s/it]
mIoU: 0.5:  10%|██▉                          | 101/1000 [02:35<28:25,  1.90s/it]
mIoU: 0.5:  10%|██▉                          | 102/1000 [02:38<31:39,  2.12s/it]
mIoU: 0.5:  10%|██▉                          | 103/1000 [02:39<29:27,  1.97s/it]
mIoU: 0.5:  10%|███                          | 104/1000 [02:42<32:46,  2.20s/it]
mIoU: 0.5:  10%|███                          | 105/1000 [02:45<35:12,  2.36s/it]
mIoU: 0.5:  11%|███                          | 106/1000 [02:48<37:12,  2.50s/it]
mIoU: 0.5:  11%|███                          | 107/1000 [02:51<42:19,  2.84s/it]
mIoU: 0.5:  11%|███▏                         | 108/1000 [02:55<44:35,  3.00s/it]
mIoU: 0.5:  11%|███▏                         | 109/1000 [02:59<50:59,  3.43s/it]
mIoU: 0.5:  11%|███▏                         | 110/1000 [03:02<49:29,  3.34s/it]
mIoU: 0.5:  11%|███▏                         | 111/1000 [03:07<54:44,  3.69s/it]
mIoU: 0.5:  11%|███▏                         | 112/1000 [03:11<56:39,  3.83s/it]
mIoU: 0.5:  11%|███▎                         | 113/1000 [03:15<56:59,  3.86s/it]
mIoU: 0.5:  11%|███▎                         | 114/1000 [03:19<58:19,  3.95s/it]
mIoU: 0.5:  12%|███▎                         | 115/1000 [03:23<57:22,  3.89s/it]
mIoU: 0.5:  12%|███▎                         | 116/1000 [03:27<58:50,  3.99s/it]
mIoU: 0.5:  12%|███▍                         | 117/1000 [03:31<58:31,  3.98s/it]
mIoU: 0.5:  12%|███▍                         | 118/1000 [03:34<53:52,  3.66s/it]
mIoU: 0.5:  12%|███▍                         | 119/1000 [03:37<50:21,  3.43s/it]
mIoU: 0.5:  12%|███▍                         | 120/1000 [03:40<49:14,  3.36s/it]
mIoU: 0.5:  12%|███▌                         | 121/1000 [03:44<51:57,  3.55s/it]
mIoU: 0.5:  12%|███▌                         | 122/1000 [03:47<49:52,  3.41s/it]
mIoU: 0.5:  12%|███▌                         | 123/1000 [03:49<42:29,  2.91s/it]
mIoU: 0.5:  12%|███▌                         | 124/1000 [03:51<38:04,  2.61s/it]
mIoU: 0.5:  12%|███▋                         | 125/1000 [03:52<31:29,  2.16s/it]
mIoU: 0.5:  13%|███▋                         | 126/1000 [03:53<28:18,  1.94s/it]
mIoU: 0.5:  13%|███▋                         | 127/1000 [03:55<26:21,  1.81s/it]
mIoU: 0.5:  13%|███▋                         | 128/1000 [03:56<24:20,  1.68s/it]
mIoU: 0.5:  13%|███▋                         | 129/1000 [03:58<27:04,  1.86s/it]
mIoU: 0.5:  13%|███▊                         | 130/1000 [03:59<23:23,  1.61s/it]
mIoU: 0.5:  13%|███▊                         | 131/1000 [04:02<26:03,  1.80s/it]
mIoU: 0.5:  13%|███▊                         | 132/1000 [04:03<24:58,  1.73s/it]
mIoU: 0.5:  13%|███▊                         | 133/1000 [04:05<24:40,  1.71s/it]
mIoU: 0.5:  13%|███▉                         | 134/1000 [04:07<27:06,  1.88s/it]
mIoU: 0.5:  14%|███▉                         | 135/1000 [04:10<29:45,  2.06s/it]
mIoU: 0.5:  14%|███▉                         | 136/1000 [04:11<27:24,  1.90s/it]
mIoU: 0.5:  14%|███▉                         | 137/1000 [04:12<24:32,  1.71s/it]
mIoU: 0.5:  14%|████                         | 138/1000 [04:14<23:02,  1.60s/it]
mIoU: 0.5:  14%|████                         | 139/1000 [04:15<19:42,  1.37s/it]
mIoU: 0.5:  14%|████                         | 140/1000 [04:16<19:53,  1.39s/it]
mIoU: 0.5:  14%|████                         | 141/1000 [04:18<23:43,  1.66s/it]
mIoU: 0.5:  14%|████                         | 142/1000 [04:20<25:26,  1.78s/it]
mIoU: 0.5:  14%|████▏                        | 143/1000 [04:23<27:51,  1.95s/it]
mIoU: 0.5:  14%|████▏                        | 144/1000 [04:26<32:01,  2.24s/it]
mIoU: 0.5:  14%|████▏                        | 145/1000 [04:28<32:05,  2.25s/it]
mIoU: 0.5:  15%|████▏                        | 146/1000 [04:31<35:27,  2.49s/it]
mIoU: 0.5:  15%|████▎                        | 147/1000 [04:32<29:54,  2.10s/it]
mIoU: 0.5:  15%|████▎                        | 148/1000 [04:35<30:55,  2.18s/it]
mIoU: 0.5:  15%|████▎                        | 149/1000 [04:36<30:01,  2.12s/it]
mIoU: 0.8:  15%|████▎                        | 149/1000 [04:39<30:01,  2.12s/it]
mIoU: 0.8:  15%|████▎                        | 150/1000 [04:39<31:28,  2.22s/it]
mIoU: 0.8:  15%|████▍                        | 151/1000 [04:41<31:32,  2.23s/it]
mIoU: 0.8:  15%|████▍                        | 152/1000 [04:43<31:01,  2.20s/it]
mIoU: 0.8:  15%|████▍                        | 153/1000 [04:46<33:28,  2.37s/it]
mIoU: 0.8:  15%|████▍                        | 154/1000 [04:48<31:54,  2.26s/it]
mIoU: 0.8:  16%|████▍                        | 155/1000 [04:50<31:37,  2.25s/it]
mIoU: 0.8:  16%|████▌                        | 156/1000 [04:52<29:51,  2.12s/it]
mIoU: 0.8:  16%|████▌                        | 157/1000 [04:55<31:42,  2.26s/it]
mIoU: 0.8:  16%|████▌                        | 158/1000 [04:56<29:21,  2.09s/it]
mIoU: 0.8:  16%|████▌                        | 159/1000 [04:58<27:29,  1.96s/it]
mIoU: 0.8:  16%|████▋                        | 160/1000 [04:59<23:52,  1.71s/it]
mIoU: 0.8:  16%|████▋                        | 161/1000 [05:01<23:36,  1.69s/it]
mIoU: 0.8:  16%|████▋                        | 162/1000 [05:02<21:55,  1.57s/it]
mIoU: 0.8:  16%|████▋                        | 163/1000 [05:04<21:41,  1.55s/it]
mIoU: 0.8:  16%|████▊                        | 164/1000 [05:05<22:34,  1.62s/it]
mIoU: 0.8:  16%|████▊                        | 165/1000 [05:08<27:13,  1.96s/it]
mIoU: 0.8:  17%|████▊                        | 166/1000 [05:11<29:30,  2.12s/it]
mIoU: 0.8:  17%|████▊                        | 167/1000 [05:14<32:29,  2.34s/it]
mIoU: 0.8:  17%|████▊                        | 168/1000 [05:15<29:21,  2.12s/it]
mIoU: 0.8:  17%|████▉                        | 169/1000 [05:16<26:01,  1.88s/it]
mIoU: 0.8:  17%|████▉                        | 170/1000 [05:18<26:27,  1.91s/it]
mIoU: 0.8:  17%|████▉                        | 171/1000 [05:21<30:21,  2.20s/it]
mIoU: 0.8:  17%|████▉                        | 172/1000 [05:23<27:44,  2.01s/it]
mIoU: 0.8:  17%|█████                        | 173/1000 [05:24<24:01,  1.74s/it]
mIoU: 0.8:  17%|█████                        | 174/1000 [05:25<20:34,  1.49s/it]
mIoU: 0.8:  18%|█████                        | 175/1000 [05:26<19:41,  1.43s/it]
mIoU: 0.8:  18%|█████                        | 176/1000 [05:28<19:27,  1.42s/it]
mIoU: 0.8:  18%|█████▏                       | 177/1000 [05:30<22:29,  1.64s/it]
mIoU: 0.8:  18%|█████▏                       | 178/1000 [05:31<21:43,  1.59s/it]
mIoU: 0.8:  18%|█████▏                       | 179/1000 [05:32<19:08,  1.40s/it]
mIoU: 0.8:  18%|█████▏                       | 180/1000 [05:34<21:02,  1.54s/it]
mIoU: 0.8:  18%|█████▏                       | 181/1000 [05:36<21:04,  1.54s/it]
mIoU: 0.8:  18%|█████▎                       | 182/1000 [05:38<23:12,  1.70s/it]
mIoU: 0.8:  18%|█████▎                       | 183/1000 [05:39<23:03,  1.69s/it]
mIoU: 0.8:  18%|█████▎                       | 184/1000 [05:41<21:47,  1.60s/it]
mIoU: 0.8:  18%|█████▎                       | 185/1000 [05:43<24:22,  1.79s/it]
mIoU: 0.8:  19%|█████▍                       | 186/1000 [05:45<26:40,  1.97s/it]
mIoU: 0.8:  19%|█████▍                       | 187/1000 [05:48<30:35,  2.26s/it]
mIoU: 0.8:  19%|█████▍                       | 188/1000 [05:49<25:55,  1.92s/it]
mIoU: 0.8:  19%|█████▍                       | 189/1000 [05:51<23:48,  1.76s/it]
mIoU: 0.8:  19%|█████▌                       | 190/1000 [05:53<26:10,  1.94s/it]
mIoU: 0.8:  19%|█████▌                       | 191/1000 [05:55<24:13,  1.80s/it]
mIoU: 0.8:  19%|█████▌                       | 192/1000 [05:56<23:53,  1.77s/it]
mIoU: 0.8:  19%|█████▌                       | 193/1000 [05:58<22:55,  1.70s/it]
mIoU: 0.8:  19%|█████▋                       | 194/1000 [05:59<19:37,  1.46s/it]
mIoU: 0.8:  20%|█████▋                       | 195/1000 [06:00<18:25,  1.37s/it]
mIoU: 0.8:  20%|█████▋                       | 196/1000 [06:01<16:01,  1.20s/it]
mIoU: 0.8:  20%|█████▋                       | 197/1000 [06:02<16:34,  1.24s/it]
mIoU: 0.8:  20%|█████▋                       | 198/1000 [06:03<17:08,  1.28s/it]
mIoU: 0.8:  20%|█████▊                       | 199/1000 [06:05<20:11,  1.51s/it]
mIoU: 0.8:  20%|█████▊                       | 199/1000 [06:07<20:11,  1.51s/it]
mIoU: 0.8:  20%|█████▊                       | 200/1000 [06:07<18:43,  1.40s/it]
mIoU: 0.8:  20%|█████▊                       | 201/1000 [06:09<20:56,  1.57s/it]
mIoU: 0.8:  20%|█████▊                       | 202/1000 [06:10<19:35,  1.47s/it]
mIoU: 0.8:  20%|█████▉                       | 203/1000 [06:12<20:27,  1.54s/it]
mIoU: 0.8:  20%|█████▉                       | 204/1000 [06:13<20:33,  1.55s/it]
mIoU: 0.8:  20%|█████▉                       | 205/1000 [06:14<19:23,  1.46s/it]
mIoU: 0.8:  21%|█████▉                       | 206/1000 [06:16<21:27,  1.62s/it]
mIoU: 0.8:  21%|██████                       | 207/1000 [06:18<21:49,  1.65s/it]
mIoU: 0.8:  21%|██████                       | 208/1000 [06:19<20:40,  1.57s/it]
mIoU: 0.8:  21%|██████                       | 209/1000 [06:21<21:29,  1.63s/it]
mIoU: 0.8:  21%|██████                       | 210/1000 [06:23<23:31,  1.79s/it]
mIoU: 0.8:  21%|██████                       | 211/1000 [06:26<25:44,  1.96s/it]
mIoU: 0.8:  21%|██████▏                      | 212/1000 [06:28<27:57,  2.13s/it]
mIoU: 0.8:  21%|██████▏                      | 213/1000 [06:31<29:00,  2.21s/it]
mIoU: 0.8:  21%|██████▏                      | 214/1000 [06:34<31:55,  2.44s/it]
mIoU: 0.8:  22%|██████▏                      | 215/1000 [06:35<27:10,  2.08s/it]
mIoU: 0.8:  22%|██████▎                      | 216/1000 [06:37<25:24,  1.94s/it]
mIoU: 0.8:  22%|██████▎                      | 217/1000 [06:39<27:38,  2.12s/it]
mIoU: 0.8:  22%|██████▎                      | 218/1000 [06:40<24:46,  1.90s/it]
mIoU: 0.8:  22%|██████▎                      | 219/1000 [06:43<28:51,  2.22s/it]
mIoU: 0.8:  22%|██████▍                      | 220/1000 [06:45<27:17,  2.10s/it]
mIoU: 0.8:  22%|██████▍                      | 221/1000 [06:47<27:35,  2.12s/it]
mIoU: 0.8:  22%|██████▍                      | 222/1000 [06:49<26:22,  2.03s/it]
mIoU: 0.8:  22%|██████▍                      | 223/1000 [06:50<22:19,  1.72s/it]
mIoU: 0.8:  22%|██████▍                      | 224/1000 [06:53<25:40,  1.98s/it]
mIoU: 0.8:  22%|██████▌                      | 225/1000 [06:54<23:03,  1.78s/it]
mIoU: 0.8:  23%|██████▌                      | 226/1000 [06:56<24:02,  1.86s/it]
mIoU: 0.8:  23%|██████▌                      | 227/1000 [06:58<25:09,  1.95s/it]
mIoU: 0.8:  23%|██████▌                      | 228/1000 [07:00<23:14,  1.81s/it]
mIoU: 0.8:  23%|██████▋                      | 229/1000 [07:03<26:53,  2.09s/it]
mIoU: 0.8:  23%|██████▋                      | 230/1000 [07:04<24:25,  1.90s/it]
mIoU: 0.8:  23%|██████▋                      | 231/1000 [07:07<26:55,  2.10s/it]
mIoU: 0.8:  23%|██████▋                      | 232/1000 [07:08<23:36,  1.84s/it]
mIoU: 0.8:  23%|██████▊                      | 233/1000 [07:10<23:27,  1.83s/it]
mIoU: 0.8:  23%|██████▊                      | 234/1000 [07:11<22:28,  1.76s/it]
mIoU: 0.8:  24%|██████▊                      | 235/1000 [07:13<21:40,  1.70s/it]
mIoU: 0.8:  24%|██████▊                      | 236/1000 [07:14<19:59,  1.57s/it]
mIoU: 0.8:  24%|██████▊                      | 237/1000 [07:15<18:38,  1.47s/it]
mIoU: 0.8:  24%|██████▉                      | 238/1000 [07:17<20:31,  1.62s/it]
mIoU: 0.8:  24%|██████▉                      | 239/1000 [07:20<24:00,  1.89s/it]
mIoU: 0.8:  24%|██████▉                      | 240/1000 [07:21<22:37,  1.79s/it]
mIoU: 0.8:  24%|██████▉                      | 241/1000 [07:23<21:00,  1.66s/it]
mIoU: 0.8:  24%|███████                      | 242/1000 [07:24<21:23,  1.69s/it]
mIoU: 0.8:  24%|███████                      | 243/1000 [07:26<20:31,  1.63s/it]
mIoU: 0.8:  24%|███████                      | 244/1000 [07:29<24:46,  1.97s/it]
mIoU: 0.8:  24%|███████                      | 245/1000 [07:31<27:05,  2.15s/it]
mIoU: 0.8:  25%|███████▏                     | 246/1000 [07:32<22:59,  1.83s/it]
mIoU: 0.8:  25%|███████▏                     | 247/1000 [07:34<23:13,  1.85s/it]
mIoU: 0.8:  25%|███████▏                     | 248/1000 [07:35<20:30,  1.64s/it]
mIoU: 0.8:  25%|███████▏                     | 249/1000 [07:37<20:00,  1.60s/it]
mIoU: 0.7:  25%|███████▏                     | 249/1000 [07:40<20:00,  1.60s/it]
mIoU: 0.7:  25%|███████▎                     | 250/1000 [07:40<23:50,  1.91s/it]
mIoU: 0.7:  25%|███████▎                     | 251/1000 [07:42<24:29,  1.96s/it]
mIoU: 0.7:  25%|███████▎                     | 252/1000 [07:43<22:26,  1.80s/it]
mIoU: 0.7:  25%|███████▎                     | 253/1000 [07:44<20:19,  1.63s/it]
mIoU: 0.7:  25%|███████▎                     | 254/1000 [07:46<19:59,  1.61s/it]
mIoU: 0.7:  26%|███████▍                     | 255/1000 [07:48<21:39,  1.74s/it]
mIoU: 0.7:  26%|███████▍                     | 256/1000 [07:51<26:56,  2.17s/it]
mIoU: 0.7:  26%|███████▍                     | 257/1000 [07:53<26:00,  2.10s/it]
mIoU: 0.7:  26%|███████▍                     | 258/1000 [07:54<23:44,  1.92s/it]
mIoU: 0.7:  26%|███████▌                     | 259/1000 [07:56<23:28,  1.90s/it]
mIoU: 0.7:  26%|███████▌                     | 260/1000 [07:58<22:44,  1.84s/it]
mIoU: 0.7:  26%|███████▌                     | 261/1000 [08:01<27:37,  2.24s/it]
mIoU: 0.7:  26%|███████▌                     | 262/1000 [08:04<28:07,  2.29s/it]
mIoU: 0.7:  26%|███████▋                     | 263/1000 [08:06<28:53,  2.35s/it]
mIoU: 0.7:  26%|███████▋                     | 264/1000 [08:08<26:43,  2.18s/it]
mIoU: 0.7:  26%|███████▋                     | 265/1000 [08:09<24:17,  1.98s/it]
mIoU: 0.7:  27%|███████▋                     | 266/1000 [08:13<28:59,  2.37s/it]
mIoU: 0.7:  27%|███████▋                     | 267/1000 [08:15<26:52,  2.20s/it]
mIoU: 0.7:  27%|███████▊                     | 268/1000 [08:17<27:54,  2.29s/it]
mIoU: 0.7:  27%|███████▊                     | 269/1000 [08:19<27:05,  2.22s/it]
mIoU: 0.7:  27%|███████▊                     | 270/1000 [08:22<30:48,  2.53s/it]
mIoU: 0.7:  27%|███████▊                     | 271/1000 [08:24<27:02,  2.23s/it]
mIoU: 0.7:  27%|███████▉                     | 272/1000 [08:25<22:56,  1.89s/it]
mIoU: 0.7:  27%|███████▉                     | 273/1000 [08:27<24:17,  2.00s/it]
mIoU: 0.7:  27%|███████▉                     | 274/1000 [08:29<23:24,  1.93s/it]
mIoU: 0.7:  28%|███████▉                     | 275/1000 [08:32<26:59,  2.23s/it]
mIoU: 0.7:  28%|████████                     | 276/1000 [08:34<27:43,  2.30s/it]
mIoU: 0.7:  28%|████████                     | 277/1000 [08:36<24:18,  2.02s/it]
mIoU: 0.7:  28%|████████                     | 278/1000 [08:37<22:57,  1.91s/it]
mIoU: 0.7:  28%|████████                     | 279/1000 [08:40<24:46,  2.06s/it]
mIoU: 0.7:  28%|████████                     | 280/1000 [08:42<24:03,  2.00s/it]
mIoU: 0.7:  28%|████████▏                    | 281/1000 [08:44<25:22,  2.12s/it]
mIoU: 0.7:  28%|████████▏                    | 282/1000 [08:45<22:27,  1.88s/it]
mIoU: 0.7:  28%|████████▏                    | 283/1000 [08:47<23:00,  1.93s/it]
mIoU: 0.7:  28%|████████▏                    | 284/1000 [08:49<20:17,  1.70s/it]
mIoU: 0.7:  28%|████████▎                    | 285/1000 [08:51<22:48,  1.91s/it]
mIoU: 0.7:  29%|████████▎                    | 286/1000 [08:53<24:25,  2.05s/it]
mIoU: 0.7:  29%|████████▎                    | 287/1000 [08:55<24:13,  2.04s/it]
mIoU: 0.7:  29%|████████▎                    | 288/1000 [08:57<22:15,  1.88s/it]
mIoU: 0.7:  29%|████████▍                    | 289/1000 [08:58<21:02,  1.78s/it]
mIoU: 0.7:  29%|████████▍                    | 290/1000 [09:00<20:14,  1.71s/it]
mIoU: 0.7:  29%|████████▍                    | 291/1000 [09:02<19:46,  1.67s/it]
mIoU: 0.7:  29%|████████▍                    | 292/1000 [09:04<23:38,  2.00s/it]
mIoU: 0.7:  29%|████████▍                    | 293/1000 [09:07<27:02,  2.30s/it]
mIoU: 0.7:  29%|████████▌                    | 294/1000 [09:08<22:25,  1.91s/it]
mIoU: 0.7:  30%|████████▌                    | 295/1000 [09:10<20:35,  1.75s/it]
mIoU: 0.7:  30%|████████▌                    | 296/1000 [09:11<19:29,  1.66s/it]
mIoU: 0.7:  30%|████████▌                    | 297/1000 [09:13<18:48,  1.61s/it]
mIoU: 0.7:  30%|████████▋                    | 298/1000 [09:15<21:44,  1.86s/it]
mIoU: 0.7:  30%|████████▋                    | 299/1000 [09:16<18:57,  1.62s/it]
mIoU: 0.7:  30%|████████▋                    | 299/1000 [09:18<18:57,  1.62s/it]
mIoU: 0.7:  30%|████████▋                    | 300/1000 [09:18<21:04,  1.81s/it]
mIoU: 0.7:  30%|████████▋                    | 301/1000 [09:20<21:43,  1.86s/it]
mIoU: 0.7:  30%|████████▊                    | 302/1000 [09:21<18:39,  1.60s/it]
mIoU: 0.7:  30%|████████▊                    | 303/1000 [09:24<21:47,  1.88s/it]
mIoU: 0.7:  30%|████████▊                    | 304/1000 [09:25<19:03,  1.64s/it]
mIoU: 0.7:  30%|████████▊                    | 305/1000 [09:27<20:12,  1.74s/it]
mIoU: 0.7:  31%|████████▊                    | 306/1000 [09:28<18:33,  1.60s/it]
mIoU: 0.7:  31%|████████▉                    | 307/1000 [09:30<17:34,  1.52s/it]
mIoU: 0.7:  31%|████████▉                    | 308/1000 [09:31<18:16,  1.58s/it]
mIoU: 0.7:  31%|████████▉                    | 309/1000 [09:34<22:37,  1.96s/it]
mIoU: 0.7:  31%|████████▉                    | 310/1000 [09:37<25:17,  2.20s/it]
mIoU: 0.7:  31%|█████████                    | 311/1000 [09:39<23:20,  2.03s/it]
mIoU: 0.7:  31%|█████████                    | 312/1000 [09:40<21:10,  1.85s/it]
mIoU: 0.7:  31%|█████████                    | 313/1000 [09:42<22:07,  1.93s/it]
mIoU: 0.7:  31%|█████████                    | 314/1000 [09:43<19:24,  1.70s/it]
mIoU: 0.7:  32%|█████████▏                   | 315/1000 [09:44<16:54,  1.48s/it]
mIoU: 0.7:  32%|█████████▏                   | 316/1000 [09:47<22:04,  1.94s/it]
mIoU: 0.7:  32%|█████████▏                   | 318/1000 [09:50<18:34,  1.63s/it]
mIoU: 0.7:  32%|█████████▎                   | 319/1000 [09:52<21:20,  1.88s/it]
mIoU: 0.7:  32%|█████████▎                   | 320/1000 [09:53<18:27,  1.63s/it]
mIoU: 0.7:  32%|█████████▎                   | 321/1000 [09:55<19:48,  1.75s/it]
mIoU: 0.7:  32%|█████████▎                   | 322/1000 [09:58<22:39,  2.00s/it]
mIoU: 0.7:  32%|█████████▎                   | 323/1000 [09:59<19:51,  1.76s/it]
mIoU: 0.7:  32%|█████████▍                   | 324/1000 [10:03<25:58,  2.31s/it]
mIoU: 0.7:  32%|█████████▍                   | 325/1000 [10:06<28:40,  2.55s/it]
mIoU: 0.7:  33%|█████████▍                   | 326/1000 [10:09<29:21,  2.61s/it]
mIoU: 0.7:  33%|█████████▍                   | 327/1000 [10:11<30:12,  2.69s/it]
mIoU: 0.7:  33%|█████████▌                   | 328/1000 [10:14<29:04,  2.60s/it]
mIoU: 0.7:  33%|█████████▌                   | 329/1000 [10:16<27:57,  2.50s/it]
mIoU: 0.7:  33%|█████████▌                   | 330/1000 [10:18<27:07,  2.43s/it]
mIoU: 0.7:  33%|█████████▌                   | 331/1000 [10:21<28:20,  2.54s/it]
mIoU: 0.7:  33%|█████████▋                   | 332/1000 [10:23<26:56,  2.42s/it]
mIoU: 0.7:  33%|█████████▋                   | 333/1000 [10:25<24:37,  2.22s/it]
mIoU: 0.7:  33%|█████████▋                   | 334/1000 [10:26<21:59,  1.98s/it]
mIoU: 0.7:  34%|█████████▋                   | 335/1000 [10:29<24:05,  2.17s/it]
mIoU: 0.7:  34%|█████████▋                   | 336/1000 [10:31<24:02,  2.17s/it]
mIoU: 0.7:  34%|█████████▊                   | 337/1000 [10:34<25:47,  2.33s/it]
mIoU: 0.7:  34%|█████████▊                   | 338/1000 [10:36<24:13,  2.20s/it]
mIoU: 0.7:  34%|█████████▊                   | 339/1000 [10:37<21:46,  1.98s/it]
mIoU: 0.7:  34%|█████████▊                   | 340/1000 [10:40<24:50,  2.26s/it]
mIoU: 0.7:  34%|█████████▉                   | 341/1000 [10:42<21:55,  2.00s/it]
mIoU: 0.7:  34%|█████████▉                   | 342/1000 [10:43<20:31,  1.87s/it]
mIoU: 0.7:  34%|█████████▉                   | 343/1000 [10:45<21:32,  1.97s/it]
mIoU: 0.7:  34%|█████████▉                   | 344/1000 [10:48<22:12,  2.03s/it]
mIoU: 0.7:  34%|██████████                   | 345/1000 [10:49<20:06,  1.84s/it]
mIoU: 0.7:  35%|██████████                   | 346/1000 [10:50<18:11,  1.67s/it]
mIoU: 0.7:  35%|██████████                   | 347/1000 [10:51<15:55,  1.46s/it]
mIoU: 0.7:  35%|██████████                   | 348/1000 [10:53<16:00,  1.47s/it]
mIoU: 0.7:  35%|██████████                   | 349/1000 [10:54<15:13,  1.40s/it]
mIoU: 0.7:  35%|██████████                   | 349/1000 [10:55<15:13,  1.40s/it]
mIoU: 0.7:  35%|██████████▏                  | 350/1000 [10:55<14:12,  1.31s/it]
mIoU: 0.7:  35%|██████████▏                  | 351/1000 [10:57<14:50,  1.37s/it]
mIoU: 0.7:  35%|██████████▏                  | 352/1000 [10:58<14:26,  1.34s/it]
mIoU: 0.7:  35%|██████████▎                  | 354/1000 [11:01<17:23,  1.61s/it]
mIoU: 0.7:  36%|██████████▎                  | 355/1000 [11:03<18:29,  1.72s/it]
mIoU: 0.7:  36%|██████████▎                  | 356/1000 [11:05<16:59,  1.58s/it]
mIoU: 0.7:  36%|██████████▎                  | 357/1000 [11:07<19:55,  1.86s/it]
mIoU: 0.7:  36%|██████████▍                  | 358/1000 [11:09<19:21,  1.81s/it]
mIoU: 0.7:  36%|██████████▍                  | 359/1000 [11:10<17:30,  1.64s/it]
mIoU: 0.7:  36%|██████████▍                  | 360/1000 [11:12<17:02,  1.60s/it]
mIoU: 0.7:  36%|██████████▍                  | 361/1000 [11:14<20:03,  1.88s/it]
mIoU: 0.7:  36%|██████████▍                  | 362/1000 [11:15<17:33,  1.65s/it]
mIoU: 0.7:  36%|██████████▌                  | 363/1000 [11:18<22:30,  2.12s/it]
mIoU: 0.7:  36%|██████████▌                  | 364/1000 [11:20<20:30,  1.94s/it]
mIoU: 0.7:  36%|██████████▌                  | 365/1000 [11:21<18:32,  1.75s/it]
mIoU: 0.7:  37%|██████████▌                  | 366/1000 [11:23<19:34,  1.85s/it]
mIoU: 0.7:  37%|██████████▋                  | 367/1000 [11:25<18:07,  1.72s/it]
mIoU: 0.7:  37%|██████████▋                  | 368/1000 [11:28<24:17,  2.31s/it]
mIoU: 0.7:  37%|██████████▋                  | 369/1000 [11:31<25:53,  2.46s/it]
mIoU: 0.7:  37%|██████████▋                  | 370/1000 [11:33<22:44,  2.17s/it]
mIoU: 0.7:  37%|██████████▊                  | 371/1000 [11:35<21:47,  2.08s/it]
mIoU: 0.7:  37%|██████████▊                  | 372/1000 [11:37<23:01,  2.20s/it]
mIoU: 0.7:  37%|██████████▊                  | 373/1000 [11:39<22:55,  2.19s/it]
mIoU: 0.7:  37%|██████████▊                  | 374/1000 [11:41<21:07,  2.02s/it]
mIoU: 0.7:  38%|██████████▉                  | 375/1000 [11:43<20:24,  1.96s/it]
mIoU: 0.7:  38%|██████████▉                  | 376/1000 [11:46<23:13,  2.23s/it]
mIoU: 0.7:  38%|██████████▉                  | 377/1000 [11:47<19:30,  1.88s/it]
mIoU: 0.7:  38%|██████████▉                  | 378/1000 [11:49<19:38,  1.89s/it]
mIoU: 0.7:  38%|██████████▉                  | 379/1000 [11:50<16:48,  1.62s/it]
mIoU: 0.7:  38%|███████████                  | 380/1000 [11:51<15:45,  1.52s/it]
mIoU: 0.7:  38%|███████████                  | 381/1000 [11:53<16:53,  1.64s/it]
mIoU: 0.7:  38%|███████████                  | 382/1000 [11:54<14:36,  1.42s/it]
mIoU: 0.7:  38%|███████████                  | 383/1000 [11:56<16:13,  1.58s/it]
mIoU: 0.7:  38%|███████████▏                 | 384/1000 [11:58<18:50,  1.84s/it]
mIoU: 0.7:  38%|███████████▏                 | 385/1000 [11:59<16:49,  1.64s/it]
mIoU: 0.7:  39%|███████████▏                 | 386/1000 [12:00<15:37,  1.53s/it]
mIoU: 0.7:  39%|███████████▏                 | 387/1000 [12:03<18:49,  1.84s/it]
mIoU: 0.7:  39%|███████████▎                 | 388/1000 [12:05<18:27,  1.81s/it]
mIoU: 0.7:  39%|███████████▎                 | 389/1000 [12:06<16:54,  1.66s/it]
mIoU: 0.7:  39%|███████████▎                 | 390/1000 [12:09<19:14,  1.89s/it]
mIoU: 0.7:  39%|███████████▎                 | 391/1000 [12:11<19:35,  1.93s/it]
mIoU: 0.7:  39%|███████████▎                 | 392/1000 [12:13<21:56,  2.16s/it]
mIoU: 0.7:  39%|███████████▍                 | 393/1000 [12:15<19:47,  1.96s/it]
mIoU: 0.7:  39%|███████████▍                 | 394/1000 [12:16<17:58,  1.78s/it]
mIoU: 0.7:  40%|███████████▍                 | 395/1000 [12:17<16:14,  1.61s/it]
mIoU: 0.7:  40%|███████████▍                 | 396/1000 [12:19<15:51,  1.58s/it]
mIoU: 0.7:  40%|███████████▌                 | 397/1000 [12:21<16:17,  1.62s/it]
mIoU: 0.7:  40%|███████████▌                 | 398/1000 [12:22<16:57,  1.69s/it]
mIoU: 0.7:  40%|███████████▌                 | 399/1000 [12:24<15:40,  1.56s/it]
mIoU: 0.6:  40%|███████████▌                 | 399/1000 [12:25<15:40,  1.56s/it]
mIoU: 0.6:  40%|███████████▌                 | 400/1000 [12:25<14:13,  1.42s/it]
mIoU: 0.6:  40%|███████████▋                 | 401/1000 [12:27<16:56,  1.70s/it]
mIoU: 0.6:  40%|███████████▋                 | 402/1000 [12:28<15:57,  1.60s/it]
mIoU: 0.6:  40%|███████████▋                 | 403/1000 [12:30<15:37,  1.57s/it]
mIoU: 0.6:  40%|███████████▋                 | 404/1000 [12:31<14:25,  1.45s/it]
mIoU: 0.6:  40%|███████████▋                 | 405/1000 [12:34<18:52,  1.90s/it]
mIoU: 0.6:  41%|███████████▊                 | 406/1000 [12:36<17:28,  1.77s/it]
mIoU: 0.6:  41%|███████████▊                 | 407/1000 [12:37<17:14,  1.75s/it]
mIoU: 0.6:  41%|███████████▊                 | 408/1000 [12:39<16:07,  1.63s/it]
mIoU: 0.6:  41%|███████████▊                 | 409/1000 [12:41<17:30,  1.78s/it]
mIoU: 0.6:  41%|███████████▉                 | 410/1000 [12:43<18:08,  1.85s/it]
mIoU: 0.6:  41%|███████████▉                 | 411/1000 [12:44<16:37,  1.69s/it]
mIoU: 0.6:  41%|███████████▉                 | 412/1000 [12:45<15:13,  1.55s/it]
mIoU: 0.6:  41%|███████████▉                 | 413/1000 [12:47<16:09,  1.65s/it]
mIoU: 0.6:  41%|████████████                 | 414/1000 [12:48<13:25,  1.37s/it]
mIoU: 0.6:  42%|████████████                 | 415/1000 [12:50<16:35,  1.70s/it]
mIoU: 0.6:  42%|████████████                 | 416/1000 [12:54<21:17,  2.19s/it]
mIoU: 0.6:  42%|████████████                 | 417/1000 [12:56<22:33,  2.32s/it]
mIoU: 0.6:  42%|████████████                 | 418/1000 [12:59<24:03,  2.48s/it]
mIoU: 0.6:  42%|████████████▏                | 419/1000 [13:02<24:26,  2.52s/it]
mIoU: 0.6:  42%|████████████▏                | 420/1000 [13:03<21:55,  2.27s/it]
mIoU: 0.6:  42%|████████████▏                | 421/1000 [13:05<19:54,  2.06s/it]
mIoU: 0.6:  42%|████████████▏                | 422/1000 [13:07<20:40,  2.15s/it]
mIoU: 0.6:  42%|████████████▎                | 423/1000 [13:09<20:04,  2.09s/it]
mIoU: 0.6:  42%|████████████▎                | 424/1000 [13:11<19:42,  2.05s/it]
mIoU: 0.6:  42%|████████████▎                | 425/1000 [13:14<21:42,  2.27s/it]
mIoU: 0.6:  43%|████████████▎                | 426/1000 [13:16<19:34,  2.05s/it]
mIoU: 0.6:  43%|████████████▍                | 427/1000 [13:17<18:02,  1.89s/it]
mIoU: 0.6:  43%|████████████▍                | 428/1000 [13:19<17:31,  1.84s/it]
mIoU: 0.6:  43%|████████████▍                | 429/1000 [13:20<14:49,  1.56s/it]
mIoU: 0.6:  43%|████████████▍                | 430/1000 [13:22<15:39,  1.65s/it]
mIoU: 0.6:  43%|████████████▍                | 431/1000 [13:24<16:30,  1.74s/it]
mIoU: 0.6:  43%|████████████▌                | 432/1000 [13:25<16:34,  1.75s/it]
mIoU: 0.6:  43%|████████████▌                | 433/1000 [13:27<16:47,  1.78s/it]
mIoU: 0.6:  43%|████████████▌                | 434/1000 [13:29<16:12,  1.72s/it]
mIoU: 0.6:  44%|████████████▌                | 435/1000 [13:30<15:19,  1.63s/it]
mIoU: 0.6:  44%|████████████▋                | 436/1000 [13:33<17:40,  1.88s/it]
mIoU: 0.6:  44%|████████████▋                | 437/1000 [13:35<18:05,  1.93s/it]
mIoU: 0.6:  44%|████████████▋                | 438/1000 [13:36<17:37,  1.88s/it]
mIoU: 0.6:  44%|████████████▋                | 439/1000 [13:38<16:09,  1.73s/it]
mIoU: 0.6:  44%|████████████▊                | 440/1000 [13:39<14:11,  1.52s/it]
mIoU: 0.6:  44%|████████████▊                | 441/1000 [13:40<13:20,  1.43s/it]
mIoU: 0.6:  44%|████████████▊                | 442/1000 [13:41<12:42,  1.37s/it]
mIoU: 0.6:  44%|████████████▊                | 443/1000 [13:43<12:57,  1.40s/it]
mIoU: 0.6:  44%|████████████▉                | 444/1000 [13:45<14:05,  1.52s/it]
mIoU: 0.6:  44%|████████████▉                | 445/1000 [13:46<13:20,  1.44s/it]
mIoU: 0.6:  45%|████████████▉                | 446/1000 [13:48<14:01,  1.52s/it]
mIoU: 0.6:  45%|████████████▉                | 447/1000 [13:49<12:38,  1.37s/it]
mIoU: 0.6:  45%|████████████▉                | 448/1000 [13:50<13:21,  1.45s/it]
mIoU: 0.6:  45%|█████████████                | 449/1000 [13:52<13:34,  1.48s/it]
mIoU: 0.7:  45%|█████████████                | 449/1000 [13:54<13:34,  1.48s/it]
mIoU: 0.7:  45%|█████████████                | 450/1000 [13:54<14:54,  1.63s/it]
mIoU: 0.7:  45%|█████████████                | 451/1000 [13:55<12:46,  1.40s/it]
mIoU: 0.7:  45%|█████████████                | 452/1000 [13:56<14:05,  1.54s/it]
mIoU: 0.7:  45%|█████████████▏               | 453/1000 [13:59<16:54,  1.86s/it]
mIoU: 0.7:  45%|█████████████▏               | 454/1000 [14:01<16:09,  1.78s/it]
mIoU: 0.7:  46%|█████████████▏               | 455/1000 [14:02<15:40,  1.73s/it]
mIoU: 0.7:  46%|█████████████▏               | 456/1000 [14:04<15:28,  1.71s/it]
mIoU: 0.7:  46%|█████████████▎               | 457/1000 [14:05<13:24,  1.48s/it]
mIoU: 0.7:  46%|█████████████▎               | 458/1000 [14:07<16:04,  1.78s/it]
mIoU: 0.7:  46%|█████████████▎               | 459/1000 [14:08<14:10,  1.57s/it]
mIoU: 0.7:  46%|█████████████▎               | 460/1000 [14:10<13:31,  1.50s/it]
mIoU: 0.7:  46%|█████████████▎               | 461/1000 [14:11<13:29,  1.50s/it]
mIoU: 0.7:  46%|█████████████▍               | 462/1000 [14:14<15:45,  1.76s/it]
mIoU: 0.7:  46%|█████████████▍               | 463/1000 [14:16<16:12,  1.81s/it]
mIoU: 0.7:  46%|█████████████▍               | 464/1000 [14:17<14:54,  1.67s/it]
mIoU: 0.7:  46%|█████████████▍               | 465/1000 [14:20<17:58,  2.02s/it]
mIoU: 0.7:  47%|█████████████▌               | 466/1000 [14:22<17:22,  1.95s/it]
mIoU: 0.7:  47%|█████████████▌               | 467/1000 [14:23<16:35,  1.87s/it]
mIoU: 0.7:  47%|█████████████▌               | 468/1000 [14:25<16:28,  1.86s/it]
mIoU: 0.7:  47%|█████████████▌               | 469/1000 [14:27<17:36,  1.99s/it]
mIoU: 0.7:  47%|█████████████▋               | 470/1000 [14:29<17:53,  2.03s/it]
mIoU: 0.7:  47%|█████████████▋               | 471/1000 [14:32<19:12,  2.18s/it]
mIoU: 0.7:  47%|█████████████▋               | 472/1000 [14:33<16:36,  1.89s/it]
mIoU: 0.7:  47%|█████████████▋               | 473/1000 [14:35<17:21,  1.98s/it]
mIoU: 0.7:  47%|█████████████▋               | 474/1000 [14:37<16:31,  1.88s/it]
mIoU: 0.7:  48%|█████████████▊               | 475/1000 [14:38<14:29,  1.66s/it]
mIoU: 0.7:  48%|█████████████▊               | 476/1000 [14:39<13:19,  1.53s/it]
mIoU: 0.7:  48%|█████████████▊               | 477/1000 [14:41<13:48,  1.58s/it]
mIoU: 0.7:  48%|█████████████▊               | 478/1000 [14:42<12:48,  1.47s/it]
mIoU: 0.7:  48%|█████████████▉               | 479/1000 [14:44<14:00,  1.61s/it]
mIoU: 0.7:  48%|█████████████▉               | 480/1000 [14:46<12:58,  1.50s/it]
mIoU: 0.7:  48%|█████████████▉               | 481/1000 [14:47<13:41,  1.58s/it]
mIoU: 0.7:  48%|█████████████▉               | 482/1000 [14:50<16:27,  1.91s/it]
mIoU: 0.7:  48%|██████████████               | 483/1000 [14:51<13:53,  1.61s/it]
mIoU: 0.7:  48%|██████████████               | 484/1000 [14:54<17:22,  2.02s/it]
mIoU: 0.7:  48%|██████████████               | 485/1000 [14:56<16:52,  1.97s/it]
mIoU: 0.7:  49%|██████████████               | 486/1000 [14:59<19:39,  2.29s/it]
mIoU: 0.7:  49%|██████████████               | 487/1000 [15:01<20:07,  2.35s/it]
mIoU: 0.7:  49%|██████████████▏              | 488/1000 [15:03<19:34,  2.29s/it]
mIoU: 0.7:  49%|██████████████▏              | 489/1000 [15:05<18:16,  2.15s/it]
mIoU: 0.7:  49%|██████████████▏              | 490/1000 [15:07<16:14,  1.91s/it]
mIoU: 0.7:  49%|██████████████▏              | 491/1000 [15:09<16:45,  1.98s/it]
mIoU: 0.7:  49%|██████████████▎              | 492/1000 [15:11<16:20,  1.93s/it]
mIoU: 0.7:  49%|██████████████▎              | 493/1000 [15:12<15:14,  1.80s/it]
mIoU: 0.7:  49%|██████████████▎              | 494/1000 [15:14<14:27,  1.71s/it]
mIoU: 0.7:  50%|██████████████▎              | 495/1000 [15:14<12:22,  1.47s/it]
mIoU: 0.7:  50%|██████████████▍              | 496/1000 [15:17<14:09,  1.69s/it]
mIoU: 0.7:  50%|██████████████▍              | 497/1000 [15:20<17:34,  2.10s/it]
mIoU: 0.7:  50%|██████████████▍              | 498/1000 [15:21<16:14,  1.94s/it]
mIoU: 0.7:  50%|██████████████▍              | 499/1000 [15:23<15:22,  1.84s/it]
mIoU: 0.6:  50%|██████████████▍              | 499/1000 [15:24<15:22,  1.84s/it]
mIoU: 0.6:  50%|██████████████▌              | 500/1000 [15:24<14:49,  1.78s/it]
mIoU: 0.6:  50%|██████████████▌              | 501/1000 [15:26<12:57,  1.56s/it]
mIoU: 0.6:  50%|██████████████▌              | 502/1000 [15:27<12:52,  1.55s/it]
mIoU: 0.6:  50%|██████████████▌              | 503/1000 [15:29<13:07,  1.58s/it]
mIoU: 0.6:  50%|██████████████▌              | 504/1000 [15:30<12:26,  1.50s/it]
mIoU: 0.6:  50%|██████████████▋              | 505/1000 [15:32<13:13,  1.60s/it]
mIoU: 0.6:  51%|██████████████▋              | 506/1000 [15:33<13:05,  1.59s/it]
mIoU: 0.6:  51%|██████████████▋              | 507/1000 [15:35<13:23,  1.63s/it]
mIoU: 0.6:  51%|██████████████▋              | 508/1000 [15:37<13:31,  1.65s/it]
mIoU: 0.6:  51%|██████████████▊              | 509/1000 [15:39<14:30,  1.77s/it]
mIoU: 0.6:  51%|██████████████▊              | 510/1000 [15:41<14:36,  1.79s/it]
mIoU: 0.6:  51%|██████████████▊              | 511/1000 [15:43<15:06,  1.85s/it]
mIoU: 0.6:  51%|██████████████▊              | 512/1000 [15:44<13:28,  1.66s/it]
mIoU: 0.6:  51%|██████████████▉              | 513/1000 [15:46<14:13,  1.75s/it]
mIoU: 0.6:  51%|██████████████▉              | 514/1000 [15:49<18:16,  2.26s/it]
mIoU: 0.6:  52%|██████████████▉              | 515/1000 [15:51<16:19,  2.02s/it]
mIoU: 0.6:  52%|██████████████▉              | 516/1000 [15:52<14:44,  1.83s/it]
mIoU: 0.6:  52%|██████████████▉              | 517/1000 [15:53<12:19,  1.53s/it]
mIoU: 0.6:  52%|███████████████              | 518/1000 [15:55<12:54,  1.61s/it]
mIoU: 0.6:  52%|███████████████              | 519/1000 [15:56<11:56,  1.49s/it]
mIoU: 0.6:  52%|███████████████              | 520/1000 [16:00<16:42,  2.09s/it]
mIoU: 0.6:  52%|███████████████              | 521/1000 [16:01<14:49,  1.86s/it]
mIoU: 0.6:  52%|███████████████▏             | 522/1000 [16:04<16:49,  2.11s/it]
mIoU: 0.6:  52%|███████████████▏             | 523/1000 [16:05<15:51,  1.99s/it]
mIoU: 0.6:  52%|███████████████▏             | 524/1000 [16:09<18:53,  2.38s/it]
mIoU: 0.6:  52%|███████████████▏             | 525/1000 [16:10<17:31,  2.21s/it]
mIoU: 0.6:  53%|███████████████▎             | 526/1000 [16:11<14:19,  1.81s/it]
mIoU: 0.6:  53%|███████████████▎             | 527/1000 [16:13<14:39,  1.86s/it]
mIoU: 0.6:  53%|███████████████▎             | 528/1000 [16:15<13:19,  1.69s/it]
mIoU: 0.6:  53%|███████████████▎             | 529/1000 [16:17<14:11,  1.81s/it]
mIoU: 0.6:  53%|███████████████▎             | 530/1000 [16:19<14:57,  1.91s/it]
mIoU: 0.6:  53%|███████████████▍             | 531/1000 [16:20<13:31,  1.73s/it]
mIoU: 0.6:  53%|███████████████▍             | 532/1000 [16:22<14:51,  1.90s/it]
mIoU: 0.6:  53%|███████████████▍             | 533/1000 [16:24<13:41,  1.76s/it]
mIoU: 0.6:  53%|███████████████▍             | 534/1000 [16:26<14:15,  1.84s/it]
mIoU: 0.6:  54%|███████████████▌             | 535/1000 [16:27<12:40,  1.64s/it]
mIoU: 0.6:  54%|███████████████▌             | 536/1000 [16:29<13:03,  1.69s/it]
mIoU: 0.6:  54%|███████████████▌             | 537/1000 [16:30<11:47,  1.53s/it]
mIoU: 0.6:  54%|███████████████▌             | 538/1000 [16:31<11:39,  1.51s/it]
mIoU: 0.6:  54%|███████████████▋             | 539/1000 [16:34<13:10,  1.72s/it]
mIoU: 0.6:  54%|███████████████▋             | 540/1000 [16:35<12:04,  1.57s/it]
mIoU: 0.6:  54%|███████████████▋             | 541/1000 [16:37<14:02,  1.84s/it]
mIoU: 0.6:  54%|███████████████▋             | 542/1000 [16:40<16:17,  2.13s/it]
mIoU: 0.6:  54%|███████████████▋             | 543/1000 [16:42<14:37,  1.92s/it]
mIoU: 0.6:  54%|███████████████▊             | 544/1000 [16:43<13:59,  1.84s/it]
mIoU: 0.6:  55%|███████████████▊             | 545/1000 [16:44<11:50,  1.56s/it]
mIoU: 0.6:  55%|███████████████▊             | 546/1000 [16:46<12:38,  1.67s/it]
mIoU: 0.6:  55%|███████████████▊             | 547/1000 [16:49<16:16,  2.16s/it]
mIoU: 0.6:  55%|███████████████▉             | 548/1000 [16:50<13:16,  1.76s/it]
mIoU: 0.6:  55%|███████████████▉             | 549/1000 [16:52<12:38,  1.68s/it]
mIoU: 0.6:  55%|███████████████▉             | 549/1000 [16:53<12:38,  1.68s/it]
mIoU: 0.6:  55%|███████████████▉             | 550/1000 [16:53<12:07,  1.62s/it]
mIoU: 0.6:  55%|███████████████▉             | 551/1000 [16:54<10:21,  1.38s/it]
mIoU: 0.6:  55%|████████████████             | 552/1000 [16:57<13:12,  1.77s/it]
mIoU: 0.6:  55%|████████████████             | 553/1000 [16:59<13:47,  1.85s/it]
mIoU: 0.6:  55%|████████████████             | 554/1000 [17:01<15:49,  2.13s/it]
mIoU: 0.6:  56%|████████████████             | 555/1000 [17:02<12:42,  1.71s/it]
mIoU: 0.6:  56%|████████████████             | 556/1000 [17:04<12:06,  1.64s/it]
mIoU: 0.6:  56%|████████████████▏            | 557/1000 [17:05<12:19,  1.67s/it]
mIoU: 0.6:  56%|████████████████▏            | 558/1000 [17:06<10:20,  1.40s/it]
mIoU: 0.6:  56%|████████████████▏            | 559/1000 [17:08<11:49,  1.61s/it]
mIoU: 0.6:  56%|████████████████▏            | 560/1000 [17:10<12:17,  1.68s/it]
mIoU: 0.6:  56%|████████████████▎            | 561/1000 [17:11<10:52,  1.49s/it]
mIoU: 0.6:  56%|████████████████▎            | 562/1000 [17:13<11:16,  1.54s/it]
mIoU: 0.6:  56%|████████████████▎            | 563/1000 [17:14<10:02,  1.38s/it]
mIoU: 0.6:  56%|████████████████▎            | 564/1000 [17:15<09:30,  1.31s/it]
mIoU: 0.6:  56%|████████████████▍            | 565/1000 [17:16<08:43,  1.20s/it]
mIoU: 0.6:  57%|████████████████▍            | 566/1000 [17:18<10:43,  1.48s/it]
mIoU: 0.6:  57%|████████████████▍            | 567/1000 [17:19<10:02,  1.39s/it]
mIoU: 0.6:  57%|████████████████▍            | 568/1000 [17:20<09:40,  1.34s/it]
mIoU: 0.6:  57%|████████████████▌            | 569/1000 [17:22<09:23,  1.31s/it]
mIoU: 0.6:  57%|████████████████▌            | 570/1000 [17:23<09:15,  1.29s/it]
mIoU: 0.6:  57%|████████████████▌            | 571/1000 [17:25<09:51,  1.38s/it]
mIoU: 0.6:  57%|████████████████▌            | 572/1000 [17:26<09:41,  1.36s/it]
mIoU: 0.6:  57%|████████████████▌            | 573/1000 [17:29<13:13,  1.86s/it]
mIoU: 0.6:  57%|████████████████▋            | 574/1000 [17:30<11:05,  1.56s/it]
mIoU: 0.6:  57%|████████████████▋            | 575/1000 [17:31<10:25,  1.47s/it]
mIoU: 0.6:  58%|████████████████▋            | 576/1000 [17:33<11:42,  1.66s/it]
mIoU: 0.6:  58%|████████████████▋            | 577/1000 [17:35<12:35,  1.78s/it]
mIoU: 0.6:  58%|████████████████▊            | 578/1000 [17:38<14:40,  2.09s/it]
mIoU: 0.6:  58%|████████████████▊            | 579/1000 [17:39<12:42,  1.81s/it]
mIoU: 0.6:  58%|████████████████▊            | 580/1000 [17:42<14:05,  2.01s/it]
mIoU: 0.6:  58%|████████████████▊            | 581/1000 [17:44<13:49,  1.98s/it]
mIoU: 0.6:  58%|████████████████▉            | 582/1000 [17:45<12:08,  1.74s/it]
mIoU: 0.6:  58%|████████████████▉            | 583/1000 [17:46<11:56,  1.72s/it]
mIoU: 0.6:  58%|████████████████▉            | 584/1000 [17:48<11:01,  1.59s/it]
mIoU: 0.6:  58%|████████████████▉            | 585/1000 [17:49<11:27,  1.66s/it]
mIoU: 0.6:  59%|████████████████▉            | 586/1000 [17:51<11:37,  1.68s/it]
mIoU: 0.6:  59%|█████████████████            | 587/1000 [17:53<10:53,  1.58s/it]
mIoU: 0.6:  59%|█████████████████            | 588/1000 [17:54<10:14,  1.49s/it]
mIoU: 0.6:  59%|█████████████████            | 589/1000 [17:56<10:56,  1.60s/it]
mIoU: 0.6:  59%|█████████████████            | 590/1000 [17:58<12:06,  1.77s/it]
mIoU: 0.6:  59%|█████████████████▏           | 591/1000 [17:59<11:28,  1.68s/it]
mIoU: 0.6:  59%|█████████████████▏           | 592/1000 [18:00<10:18,  1.52s/it]
mIoU: 0.6:  59%|█████████████████▏           | 593/1000 [18:02<10:05,  1.49s/it]
mIoU: 0.6:  59%|█████████████████▏           | 594/1000 [18:03<09:56,  1.47s/it]
mIoU: 0.6:  60%|█████████████████▎           | 595/1000 [18:04<09:14,  1.37s/it]
mIoU: 0.6:  60%|█████████████████▎           | 596/1000 [18:06<10:28,  1.56s/it]
mIoU: 0.6:  60%|█████████████████▎           | 597/1000 [18:07<08:53,  1.32s/it]
mIoU: 0.6:  60%|█████████████████▎           | 598/1000 [18:09<09:28,  1.41s/it]
mIoU: 0.6:  60%|█████████████████▎           | 599/1000 [18:10<09:14,  1.38s/it]
mIoU: 0.6:  60%|█████████████████▎           | 599/1000 [18:12<09:14,  1.38s/it]
mIoU: 0.6:  60%|█████████████████▍           | 600/1000 [18:12<10:10,  1.53s/it]
mIoU: 0.6:  60%|█████████████████▍           | 601/1000 [18:13<09:59,  1.50s/it]
mIoU: 0.6:  60%|█████████████████▍           | 602/1000 [18:16<12:15,  1.85s/it]
mIoU: 0.6:  60%|█████████████████▍           | 603/1000 [18:19<13:18,  2.01s/it]
mIoU: 0.6:  60%|█████████████████▌           | 604/1000 [18:20<13:08,  1.99s/it]
mIoU: 0.6:  60%|█████████████████▌           | 605/1000 [18:22<12:29,  1.90s/it]
mIoU: 0.6:  61%|█████████████████▌           | 606/1000 [18:25<15:16,  2.33s/it]
mIoU: 0.6:  61%|█████████████████▌           | 607/1000 [18:27<12:56,  1.98s/it]
mIoU: 0.6:  61%|█████████████████▋           | 608/1000 [18:28<11:36,  1.78s/it]
mIoU: 0.6:  61%|█████████████████▋           | 609/1000 [18:30<11:23,  1.75s/it]
mIoU: 0.6:  61%|█████████████████▋           | 610/1000 [18:31<11:36,  1.79s/it]
mIoU: 0.6:  61%|█████████████████▋           | 611/1000 [18:33<11:26,  1.77s/it]
mIoU: 0.6:  61%|█████████████████▋           | 612/1000 [18:36<13:40,  2.11s/it]
mIoU: 0.6:  61%|█████████████████▊           | 613/1000 [18:37<12:07,  1.88s/it]
mIoU: 0.6:  61%|█████████████████▊           | 614/1000 [18:39<12:11,  1.89s/it]
mIoU: 0.6:  62%|█████████████████▊           | 615/1000 [18:41<12:20,  1.92s/it]
mIoU: 0.6:  62%|█████████████████▊           | 616/1000 [18:44<13:25,  2.10s/it]
mIoU: 0.6:  62%|█████████████████▉           | 617/1000 [18:46<14:11,  2.22s/it]
mIoU: 0.6:  62%|█████████████████▉           | 618/1000 [18:48<12:02,  1.89s/it]
mIoU: 0.6:  62%|█████████████████▉           | 619/1000 [18:49<11:38,  1.83s/it]
mIoU: 0.6:  62%|█████████████████▉           | 620/1000 [18:51<11:02,  1.74s/it]
mIoU: 0.6:  62%|██████████████████           | 621/1000 [18:52<09:33,  1.51s/it]
mIoU: 0.6:  62%|██████████████████           | 622/1000 [18:54<10:02,  1.59s/it]
mIoU: 0.6:  62%|██████████████████           | 623/1000 [18:56<12:29,  1.99s/it]
mIoU: 0.6:  62%|██████████████████           | 624/1000 [18:59<13:06,  2.09s/it]
mIoU: 0.6:  62%|██████████████████▏          | 625/1000 [19:01<14:03,  2.25s/it]
mIoU: 0.6:  63%|██████████████████▏          | 626/1000 [19:05<15:46,  2.53s/it]
mIoU: 0.6:  63%|██████████████████▏          | 627/1000 [19:06<13:23,  2.15s/it]
mIoU: 0.6:  63%|██████████████████▏          | 628/1000 [19:07<12:10,  1.96s/it]
mIoU: 0.6:  63%|██████████████████▏          | 629/1000 [19:10<12:52,  2.08s/it]
mIoU: 0.6:  63%|██████████████████▎          | 630/1000 [19:12<12:52,  2.09s/it]
mIoU: 0.6:  63%|██████████████████▎          | 631/1000 [19:15<14:11,  2.31s/it]
mIoU: 0.6:  63%|██████████████████▎          | 632/1000 [19:17<14:23,  2.35s/it]
mIoU: 0.6:  63%|██████████████████▎          | 633/1000 [19:19<13:31,  2.21s/it]
mIoU: 0.6:  63%|██████████████████▍          | 634/1000 [19:21<12:48,  2.10s/it]
mIoU: 0.6:  64%|██████████████████▍          | 635/1000 [19:23<12:40,  2.08s/it]
mIoU: 0.6:  64%|██████████████████▍          | 636/1000 [19:24<11:09,  1.84s/it]
mIoU: 0.6:  64%|██████████████████▍          | 637/1000 [19:27<12:41,  2.10s/it]
mIoU: 0.6:  64%|██████████████████▌          | 638/1000 [19:29<13:17,  2.20s/it]
mIoU: 0.6:  64%|██████████████████▌          | 639/1000 [19:31<12:06,  2.01s/it]
mIoU: 0.6:  64%|██████████████████▌          | 640/1000 [19:32<10:49,  1.80s/it]
mIoU: 0.6:  64%|██████████████████▌          | 641/1000 [19:35<12:58,  2.17s/it]
mIoU: 0.6:  64%|██████████████████▌          | 642/1000 [19:37<11:58,  2.01s/it]
mIoU: 0.6:  64%|██████████████████▋          | 643/1000 [19:38<10:21,  1.74s/it]
mIoU: 0.6:  64%|██████████████████▋          | 644/1000 [19:41<12:00,  2.02s/it]
mIoU: 0.6:  64%|██████████████████▋          | 645/1000 [19:43<11:56,  2.02s/it]
mIoU: 0.6:  65%|██████████████████▋          | 646/1000 [19:44<11:34,  1.96s/it]
mIoU: 0.6:  65%|██████████████████▊          | 647/1000 [19:46<10:37,  1.81s/it]
mIoU: 0.6:  65%|██████████████████▊          | 648/1000 [19:48<10:53,  1.86s/it]
mIoU: 0.6:  65%|██████████████████▊          | 649/1000 [19:50<10:32,  1.80s/it]
mIoU: 0.6:  65%|██████████████████▊          | 649/1000 [19:51<10:32,  1.80s/it]
mIoU: 0.6:  65%|██████████████████▊          | 650/1000 [19:51<09:50,  1.69s/it]
mIoU: 0.6:  65%|██████████████████▉          | 651/1000 [19:52<09:10,  1.58s/it]
mIoU: 0.6:  65%|██████████████████▉          | 652/1000 [19:55<10:51,  1.87s/it]
mIoU: 0.6:  65%|██████████████████▉          | 653/1000 [19:57<10:36,  1.83s/it]
mIoU: 0.6:  65%|██████████████████▉          | 654/1000 [19:59<10:43,  1.86s/it]
mIoU: 0.6:  66%|██████████████████▉          | 655/1000 [20:00<10:41,  1.86s/it]
mIoU: 0.6:  66%|███████████████████          | 656/1000 [20:03<12:08,  2.12s/it]
mIoU: 0.6:  66%|███████████████████          | 657/1000 [20:05<12:19,  2.16s/it]
mIoU: 0.6:  66%|███████████████████          | 658/1000 [20:07<11:50,  2.08s/it]
mIoU: 0.6:  66%|███████████████████          | 659/1000 [20:09<10:28,  1.84s/it]
mIoU: 0.6:  66%|███████████████████▏         | 660/1000 [20:11<11:32,  2.04s/it]
mIoU: 0.6:  66%|███████████████████▏         | 661/1000 [20:13<10:41,  1.89s/it]
mIoU: 0.6:  66%|███████████████████▏         | 662/1000 [20:15<10:47,  1.92s/it]
mIoU: 0.6:  66%|███████████████████▏         | 663/1000 [20:16<10:49,  1.93s/it]
mIoU: 0.6:  66%|███████████████████▎         | 664/1000 [20:20<12:43,  2.27s/it]
mIoU: 0.6:  66%|███████████████████▎         | 665/1000 [20:21<11:32,  2.07s/it]
mIoU: 0.6:  67%|███████████████████▎         | 666/1000 [20:22<09:55,  1.78s/it]
mIoU: 0.6:  67%|███████████████████▎         | 667/1000 [20:24<09:30,  1.71s/it]
mIoU: 0.6:  67%|███████████████████▎         | 668/1000 [20:25<09:04,  1.64s/it]
mIoU: 0.6:  67%|███████████████████▍         | 669/1000 [20:27<09:31,  1.73s/it]
mIoU: 0.6:  67%|███████████████████▍         | 670/1000 [20:28<08:27,  1.54s/it]
mIoU: 0.6:  67%|███████████████████▍         | 671/1000 [20:30<09:17,  1.69s/it]
mIoU: 0.6:  67%|███████████████████▍         | 672/1000 [20:32<08:37,  1.58s/it]
mIoU: 0.6:  67%|███████████████████▌         | 673/1000 [20:34<09:49,  1.80s/it]
mIoU: 0.6:  67%|███████████████████▌         | 674/1000 [20:35<08:54,  1.64s/it]
mIoU: 0.6:  68%|███████████████████▌         | 675/1000 [20:37<08:19,  1.54s/it]
mIoU: 0.6:  68%|███████████████████▌         | 676/1000 [20:39<10:22,  1.92s/it]
mIoU: 0.6:  68%|███████████████████▋         | 677/1000 [20:41<09:11,  1.71s/it]
mIoU: 0.6:  68%|███████████████████▋         | 678/1000 [20:43<10:34,  1.97s/it]
mIoU: 0.6:  68%|███████████████████▋         | 679/1000 [20:46<11:16,  2.11s/it]
mIoU: 0.6:  68%|███████████████████▋         | 680/1000 [20:47<10:51,  2.04s/it]
mIoU: 0.6:  68%|███████████████████▋         | 681/1000 [20:48<08:57,  1.68s/it]
mIoU: 0.6:  68%|███████████████████▊         | 682/1000 [20:50<09:30,  1.80s/it]
mIoU: 0.6:  68%|███████████████████▊         | 683/1000 [20:53<10:16,  1.94s/it]
mIoU: 0.6:  68%|███████████████████▊         | 684/1000 [20:55<10:24,  1.98s/it]
mIoU: 0.6:  68%|███████████████████▊         | 685/1000 [20:58<12:03,  2.30s/it]
mIoU: 0.6:  69%|███████████████████▉         | 686/1000 [21:00<11:59,  2.29s/it]
mIoU: 0.6:  69%|███████████████████▉         | 687/1000 [21:02<11:26,  2.19s/it]
mIoU: 0.6:  69%|███████████████████▉         | 688/1000 [21:05<12:13,  2.35s/it]
mIoU: 0.6:  69%|███████████████████▉         | 689/1000 [21:07<12:32,  2.42s/it]
mIoU: 0.6:  69%|████████████████████         | 690/1000 [21:10<12:16,  2.38s/it]
mIoU: 0.6:  69%|████████████████████         | 691/1000 [21:12<11:30,  2.24s/it]
mIoU: 0.6:  69%|████████████████████         | 692/1000 [21:13<10:58,  2.14s/it]
mIoU: 0.6:  69%|████████████████████         | 693/1000 [21:14<09:07,  1.78s/it]
mIoU: 0.6:  69%|████████████████████▏        | 694/1000 [21:17<10:07,  1.99s/it]
mIoU: 0.6:  70%|████████████████████▏        | 695/1000 [21:18<08:44,  1.72s/it]
mIoU: 0.6:  70%|████████████████████▏        | 696/1000 [21:20<08:34,  1.69s/it]
mIoU: 0.6:  70%|████████████████████▏        | 697/1000 [21:22<09:16,  1.84s/it]
mIoU: 0.6:  70%|████████████████████▏        | 698/1000 [21:24<09:36,  1.91s/it]
mIoU: 0.6:  70%|████████████████████▎        | 699/1000 [21:27<11:07,  2.22s/it]
mIoU: 0.6:  70%|████████████████████▎        | 699/1000 [21:29<11:07,  2.22s/it]
mIoU: 0.6:  70%|████████████████████▎        | 700/1000 [21:29<11:04,  2.21s/it]
mIoU: 0.6:  70%|████████████████████▎        | 701/1000 [21:31<10:46,  2.16s/it]
mIoU: 0.6:  70%|████████████████████▎        | 702/1000 [21:33<10:55,  2.20s/it]
mIoU: 0.6:  70%|████████████████████▍        | 703/1000 [21:35<09:29,  1.92s/it]
mIoU: 0.6:  70%|████████████████████▍        | 704/1000 [21:36<08:47,  1.78s/it]
mIoU: 0.6:  70%|████████████████████▍        | 705/1000 [21:39<09:56,  2.02s/it]
mIoU: 0.6:  71%|████████████████████▍        | 706/1000 [21:41<09:47,  2.00s/it]
mIoU: 0.6:  71%|████████████████████▌        | 707/1000 [21:43<10:31,  2.16s/it]
mIoU: 0.6:  71%|████████████████████▌        | 708/1000 [21:46<11:30,  2.37s/it]
mIoU: 0.6:  71%|████████████████████▌        | 709/1000 [21:48<10:25,  2.15s/it]
mIoU: 0.6:  71%|████████████████████▌        | 710/1000 [21:50<10:06,  2.09s/it]
mIoU: 0.6:  71%|████████████████████▌        | 711/1000 [21:51<08:56,  1.86s/it]
mIoU: 0.6:  71%|████████████████████▋        | 712/1000 [21:52<08:36,  1.79s/it]
mIoU: 0.6:  71%|████████████████████▋        | 713/1000 [21:55<09:21,  1.95s/it]
mIoU: 0.6:  71%|████████████████████▋        | 714/1000 [21:57<09:09,  1.92s/it]
mIoU: 0.6:  72%|████████████████████▋        | 715/1000 [21:57<07:27,  1.57s/it]
mIoU: 0.6:  72%|████████████████████▊        | 716/1000 [21:59<07:39,  1.62s/it]
mIoU: 0.6:  72%|████████████████████▊        | 717/1000 [22:01<07:34,  1.61s/it]
mIoU: 0.6:  72%|████████████████████▊        | 718/1000 [22:02<07:10,  1.53s/it]
mIoU: 0.6:  72%|████████████████████▊        | 719/1000 [22:04<07:06,  1.52s/it]
mIoU: 0.6:  72%|████████████████████▉        | 720/1000 [22:06<08:17,  1.78s/it]
mIoU: 0.6:  72%|████████████████████▉        | 721/1000 [22:07<07:36,  1.64s/it]
mIoU: 0.6:  72%|████████████████████▉        | 722/1000 [22:09<07:36,  1.64s/it]
mIoU: 0.6:  72%|████████████████████▉        | 723/1000 [22:11<07:52,  1.70s/it]
mIoU: 0.6:  72%|████████████████████▉        | 724/1000 [22:12<07:17,  1.58s/it]
mIoU: 0.6:  72%|█████████████████████        | 725/1000 [22:14<07:42,  1.68s/it]
mIoU: 0.6:  73%|█████████████████████        | 726/1000 [22:16<07:35,  1.66s/it]
mIoU: 0.6:  73%|█████████████████████        | 727/1000 [22:17<06:47,  1.49s/it]
mIoU: 0.6:  73%|█████████████████████        | 728/1000 [22:19<07:40,  1.69s/it]
mIoU: 0.6:  73%|█████████████████████▏       | 729/1000 [22:20<07:35,  1.68s/it]
mIoU: 0.6:  73%|█████████████████████▏       | 730/1000 [22:22<07:39,  1.70s/it]
mIoU: 0.6:  73%|█████████████████████▏       | 731/1000 [22:25<09:18,  2.08s/it]
mIoU: 0.6:  73%|█████████████████████▏       | 732/1000 [22:27<08:16,  1.85s/it]
mIoU: 0.6:  73%|█████████████████████▎       | 733/1000 [22:29<09:19,  2.10s/it]
mIoU: 0.6:  73%|█████████████████████▎       | 734/1000 [22:31<08:56,  2.02s/it]
mIoU: 0.6:  74%|█████████████████████▎       | 735/1000 [22:33<08:19,  1.88s/it]
mIoU: 0.6:  74%|█████████████████████▎       | 736/1000 [22:35<09:22,  2.13s/it]
mIoU: 0.6:  74%|█████████████████████▎       | 737/1000 [22:37<09:12,  2.10s/it]
mIoU: 0.6:  74%|█████████████████████▍       | 738/1000 [22:39<08:26,  1.93s/it]
mIoU: 0.6:  74%|█████████████████████▍       | 739/1000 [22:40<06:59,  1.61s/it]
mIoU: 0.6:  74%|█████████████████████▍       | 740/1000 [22:42<07:19,  1.69s/it]
mIoU: 0.6:  74%|█████████████████████▍       | 741/1000 [22:45<09:00,  2.09s/it]
mIoU: 0.6:  74%|█████████████████████▌       | 742/1000 [22:46<08:40,  2.02s/it]
mIoU: 0.6:  74%|█████████████████████▌       | 743/1000 [22:48<08:24,  1.96s/it]
mIoU: 0.6:  74%|█████████████████████▌       | 744/1000 [22:50<08:21,  1.96s/it]
mIoU: 0.6:  74%|█████████████████████▌       | 745/1000 [22:52<08:14,  1.94s/it]
mIoU: 0.6:  75%|█████████████████████▋       | 746/1000 [22:55<09:11,  2.17s/it]
mIoU: 0.6:  75%|█████████████████████▋       | 747/1000 [22:56<08:14,  1.95s/it]
mIoU: 0.6:  75%|█████████████████████▋       | 748/1000 [22:58<07:23,  1.76s/it]
mIoU: 0.6:  75%|█████████████████████▋       | 749/1000 [23:00<07:58,  1.90s/it]
mIoU: 0.6:  75%|█████████████████████▋       | 749/1000 [23:01<07:58,  1.90s/it]
mIoU: 0.6:  75%|█████████████████████▊       | 750/1000 [23:01<07:07,  1.71s/it]
mIoU: 0.6:  75%|█████████████████████▊       | 751/1000 [23:05<09:27,  2.28s/it]
mIoU: 0.6:  75%|█████████████████████▊       | 752/1000 [23:07<09:13,  2.23s/it]
mIoU: 0.6:  75%|█████████████████████▊       | 753/1000 [23:10<10:42,  2.60s/it]
mIoU: 0.6:  75%|█████████████████████▊       | 754/1000 [23:12<09:28,  2.31s/it]
mIoU: 0.6:  76%|█████████████████████▉       | 755/1000 [23:15<09:54,  2.42s/it]
mIoU: 0.6:  76%|█████████████████████▉       | 756/1000 [23:16<09:06,  2.24s/it]
mIoU: 0.6:  76%|█████████████████████▉       | 757/1000 [23:19<09:27,  2.34s/it]
mIoU: 0.6:  76%|█████████████████████▉       | 758/1000 [23:21<08:31,  2.12s/it]
mIoU: 0.6:  76%|██████████████████████       | 759/1000 [23:22<07:45,  1.93s/it]
mIoU: 0.6:  76%|██████████████████████       | 760/1000 [23:25<08:24,  2.10s/it]
mIoU: 0.6:  76%|██████████████████████       | 761/1000 [23:26<07:30,  1.89s/it]
mIoU: 0.6:  76%|██████████████████████       | 762/1000 [23:27<06:24,  1.61s/it]
mIoU: 0.6:  76%|██████████████████████▏      | 763/1000 [23:29<07:05,  1.80s/it]
mIoU: 0.6:  76%|██████████████████████▏      | 764/1000 [23:31<07:09,  1.82s/it]
mIoU: 0.6:  76%|██████████████████████▏      | 765/1000 [23:33<07:11,  1.84s/it]
mIoU: 0.6:  77%|██████████████████████▏      | 766/1000 [23:34<06:09,  1.58s/it]
mIoU: 0.6:  77%|██████████████████████▏      | 767/1000 [23:36<06:13,  1.60s/it]
mIoU: 0.6:  77%|██████████████████████▎      | 768/1000 [23:38<06:40,  1.73s/it]
mIoU: 0.6:  77%|██████████████████████▎      | 769/1000 [23:39<05:57,  1.55s/it]
mIoU: 0.6:  77%|██████████████████████▎      | 770/1000 [23:41<06:39,  1.74s/it]
mIoU: 0.6:  77%|██████████████████████▎      | 771/1000 [23:42<05:37,  1.47s/it]
mIoU: 0.6:  77%|██████████████████████▍      | 772/1000 [23:45<07:13,  1.90s/it]
mIoU: 0.6:  77%|██████████████████████▍      | 773/1000 [23:47<07:10,  1.90s/it]
mIoU: 0.6:  77%|██████████████████████▍      | 774/1000 [23:49<08:17,  2.20s/it]
mIoU: 0.6:  78%|██████████████████████▍      | 775/1000 [23:51<07:41,  2.05s/it]
mIoU: 0.6:  78%|██████████████████████▌      | 776/1000 [23:52<06:44,  1.81s/it]
mIoU: 0.6:  78%|██████████████████████▌      | 777/1000 [23:54<06:32,  1.76s/it]
mIoU: 0.6:  78%|██████████████████████▌      | 778/1000 [23:56<07:13,  1.95s/it]
mIoU: 0.6:  78%|██████████████████████▌      | 779/1000 [23:58<07:09,  1.94s/it]
mIoU: 0.6:  78%|██████████████████████▌      | 780/1000 [24:01<07:58,  2.18s/it]
mIoU: 0.6:  78%|██████████████████████▋      | 781/1000 [24:03<07:37,  2.09s/it]
mIoU: 0.6:  78%|██████████████████████▋      | 782/1000 [24:07<09:10,  2.53s/it]
mIoU: 0.6:  78%|██████████████████████▋      | 783/1000 [24:07<07:20,  2.03s/it]
mIoU: 0.6:  78%|██████████████████████▋      | 784/1000 [24:10<08:20,  2.32s/it]
mIoU: 0.6:  78%|██████████████████████▊      | 785/1000 [24:12<08:02,  2.24s/it]
mIoU: 0.6:  79%|██████████████████████▊      | 786/1000 [24:15<08:32,  2.39s/it]
mIoU: 0.6:  79%|██████████████████████▊      | 787/1000 [24:17<08:06,  2.29s/it]
mIoU: 0.6:  79%|██████████████████████▊      | 788/1000 [24:19<07:16,  2.06s/it]
mIoU: 0.6:  79%|██████████████████████▉      | 789/1000 [24:21<07:31,  2.14s/it]
mIoU: 0.6:  79%|██████████████████████▉      | 790/1000 [24:22<06:01,  1.72s/it]
mIoU: 0.6:  79%|██████████████████████▉      | 791/1000 [24:23<05:43,  1.64s/it]
mIoU: 0.6:  79%|██████████████████████▉      | 792/1000 [24:26<06:53,  1.99s/it]
mIoU: 0.6:  79%|██████████████████████▉      | 793/1000 [24:28<06:56,  2.01s/it]
mIoU: 0.6:  79%|███████████████████████      | 794/1000 [24:30<06:56,  2.02s/it]
mIoU: 0.6:  80%|███████████████████████      | 795/1000 [24:32<06:35,  1.93s/it]
mIoU: 0.6:  80%|███████████████████████      | 796/1000 [24:35<07:33,  2.22s/it]
mIoU: 0.6:  80%|███████████████████████      | 797/1000 [24:37<07:07,  2.10s/it]
mIoU: 0.6:  80%|███████████████████████▏     | 798/1000 [24:39<07:31,  2.23s/it]
mIoU: 0.6:  80%|███████████████████████▏     | 799/1000 [24:41<07:20,  2.19s/it]
mIoU: 0.6:  80%|███████████████████████▏     | 799/1000 [24:44<07:20,  2.19s/it]
mIoU: 0.6:  80%|███████████████████████▏     | 800/1000 [24:44<08:11,  2.46s/it]
mIoU: 0.6:  80%|███████████████████████▏     | 801/1000 [24:46<07:21,  2.22s/it]
mIoU: 0.6:  80%|███████████████████████▎     | 802/1000 [24:49<08:04,  2.45s/it]
mIoU: 0.6:  80%|███████████████████████▎     | 803/1000 [24:51<07:08,  2.17s/it]
mIoU: 0.6:  80%|███████████████████████▎     | 804/1000 [24:54<07:56,  2.43s/it]
mIoU: 0.6:  80%|███████████████████████▎     | 805/1000 [24:55<07:23,  2.28s/it]
mIoU: 0.6:  81%|███████████████████████▎     | 806/1000 [24:57<06:19,  1.96s/it]
mIoU: 0.6:  81%|███████████████████████▍     | 807/1000 [24:58<05:43,  1.78s/it]
mIoU: 0.6:  81%|███████████████████████▍     | 808/1000 [24:59<05:11,  1.62s/it]
mIoU: 0.6:  81%|███████████████████████▍     | 809/1000 [25:01<05:14,  1.65s/it]
mIoU: 0.6:  81%|███████████████████████▍     | 810/1000 [25:03<05:41,  1.80s/it]
mIoU: 0.6:  81%|███████████████████████▌     | 811/1000 [25:05<05:14,  1.66s/it]
mIoU: 0.6:  81%|███████████████████████▌     | 812/1000 [25:07<06:17,  2.01s/it]
mIoU: 0.6:  81%|███████████████████████▌     | 813/1000 [25:09<05:34,  1.79s/it]
mIoU: 0.6:  81%|███████████████████████▌     | 814/1000 [25:10<04:45,  1.54s/it]
mIoU: 0.6:  82%|███████████████████████▋     | 815/1000 [25:12<05:31,  1.79s/it]
mIoU: 0.6:  82%|███████████████████████▋     | 816/1000 [25:14<05:26,  1.77s/it]
mIoU: 0.6:  82%|███████████████████████▋     | 817/1000 [25:16<05:50,  1.92s/it]
mIoU: 0.6:  82%|███████████████████████▋     | 818/1000 [25:17<05:15,  1.74s/it]
mIoU: 0.6:  82%|███████████████████████▊     | 819/1000 [25:18<04:45,  1.58s/it]
mIoU: 0.6:  82%|███████████████████████▊     | 820/1000 [25:20<04:45,  1.59s/it]
mIoU: 0.6:  82%|███████████████████████▊     | 821/1000 [25:21<04:29,  1.50s/it]
mIoU: 0.6:  82%|███████████████████████▊     | 822/1000 [25:23<04:20,  1.47s/it]
mIoU: 0.6:  82%|███████████████████████▊     | 823/1000 [25:25<04:38,  1.57s/it]
mIoU: 0.6:  82%|███████████████████████▉     | 824/1000 [25:26<04:23,  1.50s/it]
mIoU: 0.6:  82%|███████████████████████▉     | 825/1000 [25:30<06:36,  2.27s/it]
mIoU: 0.6:  83%|███████████████████████▉     | 826/1000 [25:33<07:25,  2.56s/it]
mIoU: 0.6:  83%|███████████████████████▉     | 827/1000 [25:34<06:18,  2.19s/it]
mIoU: 0.6:  83%|████████████████████████     | 828/1000 [25:36<05:20,  1.86s/it]
mIoU: 0.6:  83%|████████████████████████     | 829/1000 [25:38<05:59,  2.10s/it]
mIoU: 0.6:  83%|████████████████████████     | 830/1000 [25:40<05:38,  1.99s/it]
mIoU: 0.6:  83%|████████████████████████     | 831/1000 [25:41<05:01,  1.78s/it]
mIoU: 0.6:  83%|████████████████████████▏    | 832/1000 [25:42<04:22,  1.56s/it]
mIoU: 0.6:  83%|████████████████████████▏    | 833/1000 [25:44<04:08,  1.49s/it]
mIoU: 0.6:  83%|████████████████████████▏    | 834/1000 [25:47<05:24,  1.95s/it]
mIoU: 0.6:  84%|████████████████████████▏    | 835/1000 [25:49<05:32,  2.01s/it]
mIoU: 0.6:  84%|████████████████████████▏    | 836/1000 [25:50<04:59,  1.83s/it]
mIoU: 0.6:  84%|████████████████████████▎    | 837/1000 [25:51<04:24,  1.62s/it]
mIoU: 0.6:  84%|████████████████████████▎    | 838/1000 [25:53<04:05,  1.52s/it]
mIoU: 0.6:  84%|████████████████████████▎    | 839/1000 [25:54<04:02,  1.50s/it]
mIoU: 0.6:  84%|████████████████████████▎    | 840/1000 [25:55<03:37,  1.36s/it]
mIoU: 0.6:  84%|████████████████████████▍    | 841/1000 [25:56<03:27,  1.31s/it]
mIoU: 0.6:  84%|████████████████████████▍    | 842/1000 [25:59<04:12,  1.60s/it]
mIoU: 0.6:  84%|████████████████████████▍    | 843/1000 [26:00<04:21,  1.67s/it]
mIoU: 0.6:  84%|████████████████████████▍    | 844/1000 [26:04<05:26,  2.09s/it]
mIoU: 0.6:  84%|████████████████████████▌    | 845/1000 [26:05<04:52,  1.88s/it]
mIoU: 0.6:  85%|████████████████████████▌    | 846/1000 [26:08<05:22,  2.09s/it]
mIoU: 0.6:  85%|████████████████████████▌    | 847/1000 [26:09<05:09,  2.02s/it]
mIoU: 0.6:  85%|████████████████████████▌    | 848/1000 [26:12<05:38,  2.23s/it]
mIoU: 0.6:  85%|████████████████████████▌    | 849/1000 [26:15<06:10,  2.45s/it]
mIoU: 0.6:  85%|████████████████████████▌    | 849/1000 [26:16<06:10,  2.45s/it]
mIoU: 0.6:  85%|████████████████████████▋    | 850/1000 [26:16<05:11,  2.08s/it]
mIoU: 0.6:  85%|████████████████████████▋    | 851/1000 [26:19<05:25,  2.18s/it]
mIoU: 0.6:  85%|████████████████████████▋    | 852/1000 [26:20<04:55,  2.00s/it]
mIoU: 0.6:  85%|████████████████████████▋    | 853/1000 [26:21<04:14,  1.73s/it]
mIoU: 0.6:  85%|████████████████████████▊    | 854/1000 [26:24<04:40,  1.92s/it]
mIoU: 0.6:  86%|████████████████████████▊    | 855/1000 [26:25<04:22,  1.81s/it]
mIoU: 0.6:  86%|████████████████████████▊    | 856/1000 [26:27<04:23,  1.83s/it]
mIoU: 0.6:  86%|████████████████████████▊    | 857/1000 [26:30<04:55,  2.07s/it]
mIoU: 0.6:  86%|████████████████████████▉    | 858/1000 [26:31<04:24,  1.86s/it]
mIoU: 0.6:  86%|████████████████████████▉    | 859/1000 [26:34<05:23,  2.29s/it]
mIoU: 0.6:  86%|████████████████████████▉    | 860/1000 [26:36<04:30,  1.93s/it]
mIoU: 0.6:  86%|████████████████████████▉    | 861/1000 [26:38<04:30,  1.95s/it]
mIoU: 0.6:  86%|████████████████████████▉    | 862/1000 [26:39<04:01,  1.75s/it]
mIoU: 0.6:  86%|█████████████████████████    | 863/1000 [26:41<04:19,  1.89s/it]
mIoU: 0.6:  86%|█████████████████████████    | 864/1000 [26:44<04:43,  2.08s/it]
mIoU: 0.6:  86%|█████████████████████████    | 865/1000 [26:46<05:05,  2.27s/it]
mIoU: 0.6:  87%|█████████████████████████    | 866/1000 [26:47<04:22,  1.96s/it]
mIoU: 0.6:  87%|█████████████████████████▏   | 867/1000 [26:51<05:24,  2.44s/it]
mIoU: 0.6:  87%|█████████████████████████▏   | 868/1000 [26:54<05:39,  2.57s/it]
mIoU: 0.6:  87%|█████████████████████████▏   | 869/1000 [26:56<05:29,  2.51s/it]
mIoU: 0.6:  87%|█████████████████████████▏   | 870/1000 [26:59<05:32,  2.56s/it]
mIoU: 0.6:  87%|█████████████████████████▎   | 871/1000 [27:01<05:06,  2.38s/it]
mIoU: 0.6:  87%|█████████████████████████▎   | 872/1000 [27:03<04:34,  2.15s/it]
mIoU: 0.6:  87%|█████████████████████████▎   | 873/1000 [27:04<03:56,  1.86s/it]
mIoU: 0.6:  87%|█████████████████████████▎   | 874/1000 [27:06<04:25,  2.10s/it]
mIoU: 0.6:  88%|█████████████████████████▍   | 875/1000 [27:08<03:53,  1.87s/it]
mIoU: 0.6:  88%|█████████████████████████▍   | 876/1000 [27:11<04:27,  2.16s/it]
mIoU: 0.6:  88%|█████████████████████████▍   | 877/1000 [27:12<04:01,  1.96s/it]
mIoU: 0.6:  88%|█████████████████████████▍   | 878/1000 [27:13<03:31,  1.74s/it]
mIoU: 0.6:  88%|█████████████████████████▍   | 879/1000 [27:16<03:59,  1.98s/it]
mIoU: 0.6:  88%|█████████████████████████▌   | 880/1000 [27:19<04:25,  2.21s/it]
mIoU: 0.6:  88%|█████████████████████████▌   | 881/1000 [27:21<04:43,  2.38s/it]
mIoU: 0.6:  88%|█████████████████████████▌   | 882/1000 [27:23<04:01,  2.05s/it]
mIoU: 0.6:  88%|█████████████████████████▌   | 883/1000 [27:24<03:46,  1.94s/it]
mIoU: 0.6:  88%|█████████████████████████▋   | 884/1000 [27:26<03:20,  1.73s/it]
mIoU: 0.6:  88%|█████████████████████████▋   | 885/1000 [27:27<03:06,  1.62s/it]
mIoU: 0.6:  89%|█████████████████████████▋   | 886/1000 [27:29<03:22,  1.78s/it]
mIoU: 0.6:  89%|█████████████████████████▋   | 887/1000 [27:31<03:28,  1.85s/it]
mIoU: 0.6:  89%|█████████████████████████▊   | 888/1000 [27:32<02:59,  1.60s/it]
mIoU: 0.6:  89%|█████████████████████████▊   | 889/1000 [27:35<03:46,  2.04s/it]
mIoU: 0.6:  89%|█████████████████████████▊   | 890/1000 [27:38<04:12,  2.29s/it]
mIoU: 0.6:  89%|█████████████████████████▊   | 891/1000 [27:41<04:27,  2.45s/it]
mIoU: 0.6:  89%|█████████████████████████▊   | 892/1000 [27:43<04:08,  2.30s/it]
mIoU: 0.6:  89%|█████████████████████████▉   | 893/1000 [27:45<03:55,  2.20s/it]
mIoU: 0.6:  89%|█████████████████████████▉   | 894/1000 [27:48<04:27,  2.52s/it]
mIoU: 0.6:  90%|█████████████████████████▉   | 895/1000 [27:51<04:43,  2.70s/it]
mIoU: 0.6:  90%|█████████████████████████▉   | 896/1000 [27:52<03:50,  2.22s/it]
mIoU: 0.6:  90%|██████████████████████████   | 897/1000 [27:55<03:53,  2.27s/it]
mIoU: 0.6:  90%|██████████████████████████   | 898/1000 [27:56<03:20,  1.97s/it]
mIoU: 0.6:  90%|██████████████████████████   | 899/1000 [27:59<03:40,  2.19s/it]
mIoU: 0.6:  90%|██████████████████████████   | 899/1000 [27:59<03:40,  2.19s/it]
mIoU: 0.6:  90%|██████████████████████████   | 900/1000 [27:59<02:59,  1.79s/it]
mIoU: 0.6:  90%|██████████████████████████▏  | 901/1000 [28:03<03:36,  2.19s/it]
mIoU: 0.6:  90%|██████████████████████████▏  | 902/1000 [28:04<03:17,  2.01s/it]
mIoU: 0.6:  90%|██████████████████████████▏  | 903/1000 [28:05<02:40,  1.66s/it]
mIoU: 0.6:  90%|██████████████████████████▏  | 904/1000 [28:07<02:46,  1.73s/it]
mIoU: 0.6:  90%|██████████████████████████▏  | 905/1000 [28:09<02:45,  1.75s/it]
mIoU: 0.6:  91%|██████████████████████████▎  | 906/1000 [28:11<02:57,  1.89s/it]
mIoU: 0.6:  91%|██████████████████████████▎  | 907/1000 [28:13<02:51,  1.84s/it]
mIoU: 0.6:  91%|██████████████████████████▎  | 908/1000 [28:16<03:23,  2.21s/it]
mIoU: 0.6:  91%|██████████████████████████▎  | 909/1000 [28:19<03:54,  2.58s/it]
mIoU: 0.6:  91%|██████████████████████████▍  | 910/1000 [28:20<03:14,  2.16s/it]
mIoU: 0.6:  91%|██████████████████████████▍  | 911/1000 [28:22<03:03,  2.07s/it]
mIoU: 0.6:  91%|██████████████████████████▍  | 912/1000 [28:24<02:49,  1.93s/it]
mIoU: 0.6:  91%|██████████████████████████▍  | 913/1000 [28:25<02:40,  1.85s/it]
mIoU: 0.6:  91%|██████████████████████████▌  | 914/1000 [28:28<02:53,  2.01s/it]
mIoU: 0.6:  92%|██████████████████████████▌  | 915/1000 [28:29<02:33,  1.81s/it]
mIoU: 0.6:  92%|██████████████████████████▌  | 916/1000 [28:32<03:05,  2.21s/it]
mIoU: 0.6:  92%|██████████████████████████▌  | 917/1000 [28:35<03:04,  2.22s/it]
mIoU: 0.6:  92%|██████████████████████████▌  | 918/1000 [28:36<02:35,  1.90s/it]
mIoU: 0.6:  92%|██████████████████████████▋  | 919/1000 [28:37<02:29,  1.85s/it]
mIoU: 0.6:  92%|██████████████████████████▋  | 920/1000 [28:40<02:54,  2.18s/it]
mIoU: 0.6:  92%|██████████████████████████▋  | 921/1000 [28:42<02:44,  2.09s/it]
mIoU: 0.6:  92%|██████████████████████████▋  | 922/1000 [28:45<02:54,  2.23s/it]
mIoU: 0.6:  92%|██████████████████████████▊  | 923/1000 [28:46<02:37,  2.04s/it]
mIoU: 0.6:  92%|██████████████████████████▊  | 924/1000 [28:49<02:43,  2.15s/it]
mIoU: 0.6:  92%|██████████████████████████▊  | 925/1000 [28:50<02:25,  1.94s/it]
mIoU: 0.6:  93%|██████████████████████████▊  | 926/1000 [28:53<02:35,  2.10s/it]
mIoU: 0.6:  93%|██████████████████████████▉  | 927/1000 [28:56<03:05,  2.55s/it]
mIoU: 0.6:  93%|██████████████████████████▉  | 928/1000 [28:59<03:02,  2.53s/it]
mIoU: 0.6:  93%|██████████████████████████▉  | 929/1000 [29:00<02:32,  2.15s/it]
mIoU: 0.6:  93%|██████████████████████████▉  | 930/1000 [29:03<02:55,  2.50s/it]
mIoU: 0.6:  93%|██████████████████████████▉  | 931/1000 [29:06<02:53,  2.52s/it]
mIoU: 0.6:  93%|███████████████████████████  | 932/1000 [29:07<02:22,  2.10s/it]
mIoU: 0.6:  93%|███████████████████████████  | 933/1000 [29:08<02:02,  1.84s/it]
mIoU: 0.6:  93%|███████████████████████████  | 934/1000 [29:11<02:17,  2.09s/it]
mIoU: 0.6:  94%|███████████████████████████  | 935/1000 [29:14<02:42,  2.50s/it]
mIoU: 0.6:  94%|███████████████████████████▏ | 936/1000 [29:16<02:15,  2.12s/it]
mIoU: 0.6:  94%|███████████████████████████▏ | 937/1000 [29:18<02:16,  2.16s/it]
mIoU: 0.6:  94%|███████████████████████████▏ | 938/1000 [29:21<02:23,  2.31s/it]
mIoU: 0.6:  94%|███████████████████████████▏ | 939/1000 [29:24<02:33,  2.52s/it]
mIoU: 0.6:  94%|███████████████████████████▎ | 940/1000 [29:26<02:26,  2.44s/it]
mIoU: 0.6:  94%|███████████████████████████▎ | 941/1000 [29:29<02:33,  2.61s/it]
mIoU: 0.6:  94%|███████████████████████████▎ | 942/1000 [29:32<02:36,  2.70s/it]
mIoU: 0.6:  94%|███████████████████████████▎ | 943/1000 [29:34<02:18,  2.43s/it]
mIoU: 0.6:  94%|███████████████████████████▍ | 944/1000 [29:36<02:15,  2.43s/it]
mIoU: 0.6:  94%|███████████████████████████▍ | 945/1000 [29:40<02:36,  2.84s/it]
mIoU: 0.6:  95%|███████████████████████████▍ | 946/1000 [29:43<02:36,  2.91s/it]
mIoU: 0.6:  95%|███████████████████████████▍ | 947/1000 [29:45<02:17,  2.60s/it]
mIoU: 0.6:  95%|███████████████████████████▍ | 948/1000 [29:47<02:04,  2.40s/it]
mIoU: 0.6:  95%|███████████████████████████▌ | 949/1000 [29:49<01:54,  2.25s/it]
mIoU: 0.6:  95%|███████████████████████████▌ | 949/1000 [29:50<01:54,  2.25s/it]
mIoU: 0.6:  95%|███████████████████████████▌ | 950/1000 [29:50<01:33,  1.87s/it]
mIoU: 0.6:  95%|███████████████████████████▌ | 951/1000 [29:53<01:49,  2.23s/it]
mIoU: 0.6:  95%|███████████████████████████▌ | 952/1000 [29:56<02:09,  2.70s/it]
mIoU: 0.6:  95%|███████████████████████████▋ | 953/1000 [29:59<02:08,  2.73s/it]
mIoU: 0.6:  95%|███████████████████████████▋ | 954/1000 [30:01<01:56,  2.54s/it]
mIoU: 0.6:  96%|███████████████████████████▋ | 955/1000 [30:04<01:53,  2.53s/it]
mIoU: 0.6:  96%|███████████████████████████▋ | 956/1000 [30:07<01:58,  2.69s/it]
mIoU: 0.6:  96%|███████████████████████████▊ | 957/1000 [30:09<01:50,  2.56s/it]
mIoU: 0.6:  96%|███████████████████████████▊ | 958/1000 [30:12<01:52,  2.67s/it]
mIoU: 0.6:  96%|███████████████████████████▊ | 959/1000 [30:14<01:41,  2.48s/it]
mIoU: 0.6:  96%|███████████████████████████▊ | 960/1000 [30:16<01:31,  2.30s/it]
mIoU: 0.6:  96%|███████████████████████████▊ | 961/1000 [30:18<01:30,  2.32s/it]
mIoU: 0.6:  96%|███████████████████████████▉ | 962/1000 [30:21<01:28,  2.32s/it]
mIoU: 0.6:  96%|███████████████████████████▉ | 963/1000 [30:23<01:24,  2.30s/it]
mIoU: 0.6:  96%|███████████████████████████▉ | 964/1000 [30:26<01:25,  2.38s/it]
mIoU: 0.6:  96%|███████████████████████████▉ | 965/1000 [30:28<01:24,  2.43s/it]
mIoU: 0.6:  97%|████████████████████████████ | 966/1000 [30:31<01:25,  2.51s/it]
mIoU: 0.6:  97%|████████████████████████████ | 967/1000 [30:33<01:16,  2.31s/it]
mIoU: 0.6:  97%|████████████████████████████ | 968/1000 [30:34<01:01,  1.93s/it]
mIoU: 0.6:  97%|████████████████████████████ | 969/1000 [30:36<01:04,  2.07s/it]
mIoU: 0.6:  97%|████████████████████████████▏| 970/1000 [30:38<01:03,  2.12s/it]
mIoU: 0.6:  97%|████████████████████████████▏| 971/1000 [30:41<01:07,  2.32s/it]
mIoU: 0.6:  97%|████████████████████████████▏| 972/1000 [30:42<00:55,  2.00s/it]
mIoU: 0.6:  97%|████████████████████████████▏| 973/1000 [30:44<00:54,  2.01s/it]
mIoU: 0.6:  97%|████████████████████████████▏| 974/1000 [30:47<00:53,  2.05s/it]
mIoU: 0.6:  98%|████████████████████████████▎| 975/1000 [30:48<00:43,  1.76s/it]
mIoU: 0.6:  98%|████████████████████████████▎| 976/1000 [30:49<00:37,  1.55s/it]
mIoU: 0.6:  98%|████████████████████████████▎| 977/1000 [30:50<00:32,  1.41s/it]
mIoU: 0.6:  98%|████████████████████████████▎| 978/1000 [30:52<00:34,  1.56s/it]
mIoU: 0.6:  98%|████████████████████████████▍| 979/1000 [30:53<00:30,  1.45s/it]
mIoU: 0.6:  98%|████████████████████████████▍| 980/1000 [30:54<00:30,  1.51s/it]
mIoU: 0.6:  98%|████████████████████████████▍| 981/1000 [30:56<00:30,  1.61s/it]
mIoU: 0.6:  98%|████████████████████████████▍| 982/1000 [30:58<00:31,  1.74s/it]
mIoU: 0.6:  98%|████████████████████████████▌| 983/1000 [31:00<00:27,  1.63s/it]
mIoU: 0.6:  98%|████████████████████████████▌| 984/1000 [31:01<00:22,  1.43s/it]
mIoU: 0.6:  98%|████████████████████████████▌| 985/1000 [31:03<00:23,  1.55s/it]
mIoU: 0.6:  99%|████████████████████████████▌| 986/1000 [31:04<00:22,  1.60s/it]
mIoU: 0.6:  99%|████████████████████████████▌| 987/1000 [31:05<00:19,  1.47s/it]
mIoU: 0.6:  99%|████████████████████████████▋| 988/1000 [31:07<00:17,  1.47s/it]
mIoU: 0.6:  99%|████████████████████████████▋| 989/1000 [31:08<00:15,  1.37s/it]
mIoU: 0.6:  99%|████████████████████████████▋| 990/1000 [31:10<00:15,  1.58s/it]
mIoU: 0.6:  99%|████████████████████████████▋| 991/1000 [31:12<00:14,  1.64s/it]
mIoU: 0.6:  99%|████████████████████████████▊| 992/1000 [31:13<00:12,  1.57s/it]
mIoU: 0.6:  99%|████████████████████████████▊| 993/1000 [31:15<00:11,  1.68s/it]
mIoU: 0.6:  99%|████████████████████████████▊| 994/1000 [31:16<00:08,  1.46s/it]
mIoU: 0.6: 100%|████████████████████████████▊| 995/1000 [31:18<00:07,  1.52s/it]
mIoU: 0.6: 100%|████████████████████████████▉| 996/1000 [31:19<00:05,  1.42s/it]
mIoU: 0.6: 100%|████████████████████████████▉| 997/1000 [31:22<00:05,  1.81s/it]
mIoU: 0.6: 100%|████████████████████████████▉| 998/1000 [31:24<00:03,  1.93s/it]
mIoU: 0.6: 100%|████████████████████████████▉| 999/1000 [31:26<00:01,  1.96s/it]
mIoU: 0.6: 100%|████████████████████████████▉| 999/1000 [31:28<00:01,  1.96s/it]
mIoU: 0.6: 100%|████████████████████████████| 1000/1000 [31:28<00:00,  1.86s/it]
mIoU: 0.6: 100%|████████████████████████████| 1000/1000 [31:28<00:00,  1.89s/it]
mIoU = 0.6
Total inference time: 1888.1s
